<?xml version="1.0" encoding="UTF-8"?>
<coverage generated="1763662438022" clover="3.2.0">
  <project timestamp="1763662438022" name="All files">
    <metrics statements="1370" coveredstatements="1126" conditionals="863" coveredconditionals="488" methods="184" coveredmethods="141" elements="2417" coveredelements="1755" complexity="0" loc="1370" ncloc="1370" packages="1" files="11" classes="11"/>
    <file name="categorias.js" path="E:\Projetos VSCODE\Refatoracao\app\static\js\categorias.js">
      <metrics statements="98" coveredstatements="89" conditionals="54" coveredconditionals="33" methods="12" coveredmethods="12"/>
      <line num="1" count="13" type="stmt"/>
      <line num="2" count="91" type="stmt"/>
      <line num="3" count="91" type="stmt"/>
      <line num="4" count="91" type="stmt"/>
      <line num="5" count="91" type="stmt"/>
      <line num="6" count="91" type="stmt"/>
      <line num="7" count="91" type="stmt"/>
      <line num="10" count="24" type="stmt"/>
      <line num="11" count="24" type="cond" truecount="1" falsecount="1"/>
      <line num="13" count="24" type="stmt"/>
      <line num="14" count="24" type="cond" truecount="2" falsecount="0"/>
      <line num="16" count="24" type="stmt"/>
      <line num="17" count="24" type="stmt"/>
      <line num="18" count="24" type="stmt"/>
      <line num="19" count="24" type="stmt"/>
      <line num="20" count="24" type="stmt"/>
      <line num="21" count="13" type="cond" truecount="1" falsecount="1"/>
      <line num="22" count="13" type="stmt"/>
      <line num="23" count="13" type="stmt"/>
      <line num="29" count="1" type="stmt"/>
      <line num="30" count="1" type="stmt"/>
      <line num="31" count="1" type="stmt"/>
      <line num="34" count="91" type="stmt"/>
      <line num="35" count="91" type="cond" truecount="2" falsecount="0"/>
      <line num="36" count="1" type="stmt"/>
      <line num="37" count="1" type="stmt"/>
      <line num="38" count="1" type="stmt"/>
      <line num="41" count="91" type="stmt"/>
      <line num="42" count="12" type="stmt"/>
      <line num="43" count="12" type="stmt"/>
      <line num="44" count="12" type="stmt"/>
      <line num="47" count="91" type="stmt"/>
      <line num="48" count="91" type="cond" truecount="2" falsecount="0"/>
      <line num="49" count="87" type="stmt"/>
      <line num="50" count="5" type="stmt"/>
      <line num="51" count="5" type="stmt"/>
      <line num="52" count="5" type="stmt"/>
      <line num="53" count="5" type="stmt"/>
      <line num="56" count="4" type="stmt"/>
      <line num="59" count="91" type="stmt"/>
      <line num="60" count="91" type="stmt"/>
      <line num="61" count="91" type="cond" truecount="1" falsecount="1"/>
      <line num="62" count="91" type="cond" truecount="1" falsecount="1"/>
      <line num="64" count="91" type="cond" truecount="2" falsecount="0"/>
      <line num="66" count="91" type="stmt"/>
      <line num="67" count="1" type="stmt"/>
      <line num="68" count="1" type="stmt"/>
      <line num="69" count="1" type="stmt"/>
      <line num="70" count="1" type="stmt"/>
      <line num="72" count="1" type="cond" truecount="2" falsecount="3"/>
      <line num="74" count="0" type="stmt"/>
      <line num="75" count="0" type="stmt"/>
      <line num="76" count="0" type="stmt"/>
      <line num="79" count="1" type="stmt"/>
      <line num="83" count="91" type="stmt"/>
      <line num="84" count="20" type="stmt"/>
      <line num="85" count="20" type="stmt"/>
      <line num="87" count="20" type="cond" truecount="2" falsecount="0"/>
      <line num="88" count="13" type="stmt"/>
      <line num="89" count="13" type="stmt"/>
      <line num="92" count="7" type="cond" truecount="1" falsecount="1"/>
      <line num="93" count="7" type="cond" truecount="1" falsecount="1"/>
      <line num="95" count="7" type="stmt"/>
      <line num="96" count="7" type="stmt"/>
      <line num="98" count="7" type="stmt"/>
      <line num="99" count="7" type="stmt"/>
      <line num="105" count="7" type="cond" truecount="1" falsecount="1"/>
      <line num="106" count="1" type="stmt"/>
      <line num="107" count="1" type="cond" truecount="2" falsecount="1"/>
      <line num="110" count="0" type="stmt"/>
      <line num="112" count="0" type="cond" truecount="0" falsecount="2"/>
      <line num="113" count="0" type="stmt"/>
      <line num="116" count="7" type="stmt"/>
      <line num="118" count="7" type="stmt"/>
      <line num="122" count="91" type="stmt"/>
      <line num="123" count="2" type="cond" truecount="1" falsecount="1"/>
      <line num="125" count="2" type="stmt"/>
      <line num="127" count="2" type="stmt"/>
      <line num="128" count="2" type="stmt"/>
      <line num="130" count="2" type="cond" truecount="2" falsecount="0"/>
      <line num="131" count="1" type="stmt"/>
      <line num="132" count="1" type="cond" truecount="2" falsecount="1"/>
      <line num="135" count="1" type="stmt"/>
      <line num="137" count="1" type="cond" truecount="1" falsecount="1"/>
      <line num="138" count="1" type="stmt"/>
      <line num="141" count="1" type="stmt"/>
      <line num="145" count="91" type="stmt"/>
      <line num="146" count="2" type="cond" truecount="2" falsecount="0"/>
      <line num="148" count="1" type="stmt"/>
      <line num="149" count="1" type="stmt"/>
      <line num="151" count="1" type="cond" truecount="1" falsecount="1"/>
      <line num="152" count="0" type="stmt"/>
      <line num="153" count="0" type="stmt"/>
      <line num="156" count="1" type="cond" truecount="1" falsecount="1"/>
      <line num="157" count="1" type="stmt"/>
      <line num="158" count="1" type="cond" truecount="1" falsecount="2"/>
      <line num="161" count="0" type="stmt"/>
      <line num="165" count="1" type="stmt"/>
    </file>
    <file name="consultas.js" path="E:\Projetos VSCODE\Refatoracao\app\static\js\consultas.js">
      <metrics statements="82" coveredstatements="76" conditionals="60" coveredconditionals="40" methods="15" coveredmethods="13"/>
      <line num="1" count="7" type="stmt"/>
      <line num="3" count="28" type="stmt"/>
      <line num="4" count="28" type="stmt"/>
      <line num="5" count="28" type="stmt"/>
      <line num="6" count="28" type="stmt"/>
      <line num="7" count="28" type="stmt"/>
      <line num="8" count="28" type="stmt"/>
      <line num="11" count="16" type="cond" truecount="4" falsecount="0"/>
      <line num="12" count="4" type="stmt"/>
      <line num="14" count="12" type="cond" truecount="1" falsecount="1"/>
      <line num="15" count="12" type="cond" truecount="1" falsecount="1"/>
      <line num="16" count="12" type="cond" truecount="4" falsecount="0"/>
      <line num="17" count="6" type="stmt"/>
      <line num="21" count="16" type="cond" truecount="2" falsecount="0"/>
      <line num="22" count="4" type="cond" truecount="1" falsecount="1"/>
      <line num="23" count="4" type="stmt"/>
      <line num="24" count="4" type="stmt"/>
      <line num="26" count="12" type="stmt"/>
      <line num="30" count="4" type="stmt"/>
      <line num="31" count="4" type="stmt"/>
      <line num="32" count="16" type="stmt"/>
      <line num="33" count="16" type="stmt"/>
      <line num="34" count="16" type="stmt"/>
      <line num="35" count="16" type="stmt"/>
      <line num="37" count="4" type="stmt"/>
      <line num="38" count="4" type="stmt"/>
      <line num="41" count="28" type="stmt"/>
      <line num="46" count="1" type="cond" truecount="2" falsecount="2"/>
      <line num="53" count="3" type="cond" truecount="4" falsecount="0"/>
      <line num="54" count="3" type="stmt"/>
      <line num="62" count="0" type="cond" truecount="0" falsecount="4"/>
      <line num="63" count="0" type="stmt"/>
      <line num="71" count="0" type="cond" truecount="0" falsecount="4"/>
      <line num="72" count="0" type="stmt"/>
      <line num="77" count="28" type="stmt"/>
      <line num="78" count="6" type="stmt"/>
      <line num="79" count="6" type="stmt"/>
      <line num="80" count="6" type="stmt"/>
      <line num="82" count="6" type="cond" truecount="1" falsecount="1"/>
      <line num="83" count="0" type="stmt"/>
      <line num="84" count="0" type="stmt"/>
      <line num="87" count="6" type="stmt"/>
      <line num="88" count="6" type="cond" truecount="2" falsecount="0"/>
      <line num="89" count="3" type="stmt"/>
      <line num="90" count="3" type="stmt"/>
      <line num="91" count="3" type="stmt"/>
      <line num="94" count="3" type="cond" truecount="1" falsecount="1"/>
      <line num="95" count="3" type="stmt"/>
      <line num="97" count="3" type="stmt"/>
      <line num="98" count="3" type="stmt"/>
      <line num="99" count="3" type="stmt"/>
      <line num="101" count="2" type="cond" truecount="4" falsecount="1"/>
      <line num="103" count="1" type="stmt"/>
      <line num="104" count="1" type="stmt"/>
      <line num="105" count="2" type="stmt"/>
      <line num="107" count="1" type="stmt"/>
      <line num="110" count="2" type="stmt"/>
      <line num="111" count="2" type="stmt"/>
      <line num="115" count="28" type="stmt"/>
      <line num="116" count="22" type="stmt"/>
      <line num="117" count="22" type="stmt"/>
      <line num="118" count="22" type="stmt"/>
      <line num="120" count="22" type="cond" truecount="3" falsecount="1"/>
      <line num="122" count="22" type="stmt"/>
      <line num="124" count="22" type="stmt"/>
      <line num="125" count="22" type="stmt"/>
      <line num="126" count="22" type="stmt"/>
      <line num="128" count="4" type="cond" truecount="4" falsecount="1"/>
      <line num="130" count="3" type="stmt"/>
      <line num="133" count="19" type="stmt"/>
      <line num="139" count="3" type="stmt"/>
      <line num="141" count="3" type="cond" truecount="4" falsecount="0"/>
      <line num="142" count="1" type="stmt"/>
      <line num="143" count="1" type="stmt"/>
      <line num="146" count="2" type="stmt"/>
      <line num="147" count="2" type="cond" truecount="1" falsecount="1"/>
      <line num="149" count="2" type="stmt"/>
      <line num="153" count="8" type="stmt"/>
      <line num="157" count="2" type="stmt"/>
      <line num="158" count="4" type="stmt"/>
      <line num="161" count="2" type="stmt"/>
      <line num="162" count="2" type="stmt"/>
    </file>
    <file name="detalhe_contrato.js" path="E:\Projetos VSCODE\Refatoracao\app\static\js\detalhe_contrato.js">
      <metrics statements="165" coveredstatements="140" conditionals="111" coveredconditionals="67" methods="14" coveredmethods="12"/>
      <line num="1" count="13" type="stmt"/>
      <line num="3" count="91" type="stmt"/>
      <line num="4" count="91" type="stmt"/>
      <line num="5" count="91" type="stmt"/>
      <line num="6" count="91" type="stmt"/>
      <line num="7" count="91" type="stmt"/>
      <line num="9" count="91" type="stmt"/>
      <line num="12" count="39" type="stmt"/>
      <line num="13" count="39" type="cond" truecount="1" falsecount="1"/>
      <line num="15" count="39" type="stmt"/>
      <line num="16" count="39" type="cond" truecount="2" falsecount="0"/>
      <line num="18" count="39" type="stmt"/>
      <line num="19" count="39" type="stmt"/>
      <line num="20" count="39" type="stmt"/>
      <line num="21" count="39" type="stmt"/>
      <line num="22" count="39" type="stmt"/>
      <line num="23" count="0" type="cond" truecount="0" falsecount="2"/>
      <line num="24" count="0" type="stmt"/>
      <line num="25" count="0" type="stmt"/>
      <line num="31" count="3" type="stmt"/>
      <line num="32" count="3" type="stmt"/>
      <line num="33" count="3" type="stmt"/>
      <line num="37" count="25" type="cond" truecount="1" falsecount="1"/>
      <line num="38" count="25" type="stmt"/>
      <line num="39" count="25" type="stmt"/>
      <line num="40" count="25" type="cond" truecount="4" falsecount="0"/>
      <line num="41" count="5" type="stmt"/>
      <line num="43" count="20" type="stmt"/>
      <line num="46" count="91" type="stmt"/>
      <line num="47" count="91" type="cond" truecount="2" falsecount="0"/>
      <line num="48" count="1" type="stmt"/>
      <line num="49" count="1" type="stmt"/>
      <line num="50" count="1" type="stmt"/>
      <line num="53" count="91" type="stmt"/>
      <line num="54" count="91" type="cond" truecount="1" falsecount="1"/>
      <line num="55" count="91" type="stmt"/>
      <line num="56" count="6" type="stmt"/>
      <line num="57" count="6" type="stmt"/>
      <line num="58" count="6" type="stmt"/>
      <line num="59" count="6" type="stmt"/>
      <line num="60" count="6" type="cond" truecount="2" falsecount="0"/>
      <line num="61" count="6" type="cond" truecount="2" falsecount="0"/>
      <line num="65" count="91" type="stmt"/>
      <line num="66" count="2" type="stmt"/>
      <line num="67" count="2" type="stmt"/>
      <line num="68" count="2" type="stmt"/>
      <line num="69" count="2" type="stmt"/>
      <line num="70" count="2" type="cond" truecount="3" falsecount="2"/>
      <line num="72" count="1" type="stmt"/>
      <line num="74" count="1" type="stmt"/>
      <line num="75" count="5" type="cond" truecount="4" falsecount="0"/>
      <line num="76" count="1" type="stmt"/>
      <line num="78" count="4" type="cond" truecount="5" falsecount="0"/>
      <line num="79" count="2" type="stmt"/>
      <line num="81" count="2" type="cond" truecount="2" falsecount="0"/>
      <line num="82" count="1" type="stmt"/>
      <line num="86" count="1" type="stmt"/>
      <line num="87" count="1" type="stmt"/>
      <line num="89" count="1" type="stmt"/>
      <line num="93" count="91" type="stmt"/>
      <line num="94" count="15" type="stmt"/>
      <line num="96" count="15" type="stmt"/>
      <line num="99" count="15" type="stmt"/>
      <line num="100" count="15" type="stmt"/>
      <line num="101" count="15" type="stmt"/>
      <line num="103" count="15" type="stmt"/>
      <line num="104" count="15" type="stmt"/>
      <line num="105" count="10" type="stmt"/>
      <line num="108" count="5" type="stmt"/>
      <line num="109" count="5" type="stmt"/>
      <line num="110" count="5" type="stmt"/>
      <line num="111" count="5" type="stmt"/>
      <line num="114" count="10" type="stmt"/>
      <line num="126" count="10" type="cond" truecount="1" falsecount="1"/>
      <line num="127" count="10" type="cond" truecount="1" falsecount="1"/>
      <line num="129" count="10" type="stmt"/>
      <line num="130" count="10" type="stmt"/>
      <line num="136" count="10" type="cond" truecount="2" falsecount="0"/>
      <line num="137" count="1" type="stmt"/>
      <line num="138" count="1" type="cond" truecount="2" falsecount="1"/>
      <line num="141" count="1" type="stmt"/>
      <line num="143" count="1" type="stmt"/>
      <line num="144" count="1" type="stmt"/>
      <line num="145" count="1" type="stmt"/>
      <line num="147" count="1" type="cond" truecount="1" falsecount="1"/>
      <line num="148" count="1" type="stmt"/>
      <line num="151" count="9" type="stmt"/>
      <line num="153" count="10" type="stmt"/>
      <line num="154" count="10" type="stmt"/>
      <line num="158" count="91" type="stmt"/>
      <line num="159" count="1" type="cond" truecount="2" falsecount="2"/>
      <line num="161" count="1" type="stmt"/>
      <line num="163" count="1" type="stmt"/>
      <line num="164" count="1" type="stmt"/>
      <line num="166" count="1" type="cond" truecount="1" falsecount="1"/>
      <line num="167" count="0" type="stmt"/>
      <line num="168" count="0" type="cond" truecount="0" falsecount="3"/>
      <line num="171" count="1" type="stmt"/>
      <line num="172" count="1" type="cond" truecount="1" falsecount="1"/>
      <line num="174" count="1" type="stmt"/>
      <line num="176" count="0" type="stmt"/>
      <line num="180" count="91" type="stmt"/>
      <line num="181" count="1" type="cond" truecount="1" falsecount="1"/>
      <line num="182" count="0" type="stmt"/>
      <line num="183" count="0" type="stmt"/>
      <line num="185" count="0" type="cond" truecount="0" falsecount="2"/>
      <line num="186" count="0" type="stmt"/>
      <line num="187" count="0" type="stmt"/>
      <line num="190" count="0" type="cond" truecount="0" falsecount="2"/>
      <line num="191" count="0" type="stmt"/>
      <line num="192" count="0" type="cond" truecount="0" falsecount="3"/>
      <line num="195" count="0" type="stmt"/>
      <line num="198" count="0" type="stmt"/>
      <line num="202" count="91" type="stmt"/>
      <line num="203" count="1" type="stmt"/>
      <line num="204" count="1" type="cond" truecount="1" falsecount="1"/>
      <line num="206" count="1" type="stmt"/>
      <line num="207" count="1" type="stmt"/>
      <line num="209" count="1" type="cond" truecount="1" falsecount="1"/>
      <line num="210" count="0" type="stmt"/>
      <line num="211" count="0" type="stmt"/>
      <line num="214" count="1" type="cond" truecount="1" falsecount="1"/>
      <line num="215" count="1" type="stmt"/>
      <line num="216" count="1" type="cond" truecount="1" falsecount="2"/>
      <line num="219" count="0" type="stmt"/>
      <line num="222" count="1" type="stmt"/>
      <line num="226" count="91" type="stmt"/>
      <line num="227" count="91" type="stmt"/>
      <line num="229" count="91" type="cond" truecount="3" falsecount="1"/>
      <line num="230" count="91" type="stmt"/>
      <line num="231" count="12" type="stmt"/>
      <line num="232" count="12" type="cond" truecount="1" falsecount="1"/>
      <line num="233" count="12" type="stmt"/>
      <line num="234" count="12" type="cond" truecount="1" falsecount="1"/>
      <line num="235" count="0" type="stmt"/>
      <line num="240" count="91" type="cond" truecount="1" falsecount="1"/>
      <line num="241" count="91" type="stmt"/>
      <line num="242" count="23" type="stmt"/>
      <line num="244" count="23" type="stmt"/>
      <line num="245" count="23" type="stmt"/>
      <line num="247" count="23" type="stmt"/>
      <line num="248" count="23" type="cond" truecount="4" falsecount="1"/>
      <line num="249" count="0" type="stmt"/>
      <line num="250" count="0" type="stmt"/>
      <line num="252" count="23" type="stmt"/>
      <line num="253" count="23" type="stmt"/>
      <line num="254" count="23" type="cond" truecount="4" falsecount="1"/>
      <line num="255" count="12" type="stmt"/>
      <line num="256" count="12" type="stmt"/>
      <line num="258" count="11" type="cond" truecount="3" falsecount="1"/>
      <line num="259" count="0" type="stmt"/>
      <line num="260" count="0" type="stmt"/>
      <line num="263" count="11" type="stmt"/>
      <line num="264" count="11" type="stmt"/>
      <line num="266" count="11" type="stmt"/>
      <line num="267" count="11" type="stmt"/>
      <line num="272" count="11" type="stmt"/>
      <line num="274" count="1" type="cond" truecount="1" falsecount="1"/>
      <line num="275" count="0" type="cond" truecount="0" falsecount="3"/>
      <line num="278" count="1" type="stmt"/>
      <line num="279" count="1" type="cond" truecount="1" falsecount="1"/>
      <line num="281" count="1" type="stmt"/>
      <line num="284" count="10" type="stmt"/>
      <line num="286" count="11" type="stmt"/>
      <line num="287" count="11" type="stmt"/>
    </file>
    <file name="detalhe_pedido.js" path="E:\Projetos VSCODE\Refatoracao\app\static\js\detalhe_pedido.js">
      <metrics statements="222" coveredstatements="166" conditionals="161" coveredconditionals="70" methods="24" coveredmethods="15"/>
      <line num="1" count="5" type="stmt"/>
      <line num="3" count="15" type="stmt"/>
      <line num="5" count="15" type="stmt"/>
      <line num="8" count="5" type="cond" truecount="1" falsecount="1"/>
      <line num="10" count="5" type="stmt"/>
      <line num="11" count="5" type="cond" truecount="1" falsecount="1"/>
      <line num="13" count="5" type="stmt"/>
      <line num="14" count="5" type="cond" truecount="2" falsecount="0"/>
      <line num="16" count="5" type="stmt"/>
      <line num="17" count="5" type="stmt"/>
      <line num="18" count="5" type="stmt"/>
      <line num="19" count="5" type="stmt"/>
      <line num="20" count="5" type="stmt"/>
      <line num="21" count="0" type="cond" truecount="0" falsecount="2"/>
      <line num="22" count="0" type="stmt"/>
      <line num="23" count="0" type="stmt"/>
      <line num="29" count="8" type="stmt"/>
      <line num="30" count="8" type="stmt"/>
      <line num="31" count="8" type="stmt"/>
      <line num="35" count="3" type="cond" truecount="1" falsecount="1"/>
      <line num="36" count="3" type="stmt"/>
      <line num="37" count="3" type="stmt"/>
      <line num="38" count="3" type="cond" truecount="3" falsecount="1"/>
      <line num="39" count="0" type="stmt"/>
      <line num="41" count="3" type="stmt"/>
      <line num="44" count="15" type="stmt"/>
      <line num="45" count="15" type="cond" truecount="1" falsecount="1"/>
      <line num="46" count="0" type="cond" truecount="0" falsecount="2"/>
      <line num="47" count="0" type="stmt"/>
      <line num="48" count="0" type="stmt"/>
      <line num="52" count="5" type="stmt"/>
      <line num="53" count="5" type="stmt"/>
      <line num="54" count="5" type="stmt"/>
      <line num="59" count="5" type="stmt"/>
      <line num="61" count="5" type="cond" truecount="1" falsecount="4"/>
      <line num="63" count="5" type="cond" truecount="2" falsecount="0"/>
      <line num="65" count="0" type="stmt"/>
      <line num="70" count="0" type="stmt"/>
      <line num="71" count="0" type="stmt"/>
      <line num="72" count="0" type="stmt"/>
      <line num="77" count="0" type="stmt"/>
      <line num="79" count="0" type="cond" truecount="0" falsecount="5"/>
      <line num="81" count="0" type="cond" truecount="0" falsecount="2"/>
      <line num="83" count="0" type="stmt"/>
      <line num="87" count="15" type="stmt"/>
      <line num="88" count="15" type="stmt"/>
      <line num="89" count="15" type="stmt"/>
      <line num="90" count="15" type="stmt"/>
      <line num="91" count="15" type="stmt"/>
      <line num="92" count="15" type="stmt"/>
      <line num="94" count="15" type="stmt"/>
      <line num="95" count="1" type="cond" truecount="6" falsecount="1"/>
      <line num="96" count="0" type="stmt"/>
      <line num="97" count="0" type="stmt"/>
      <line num="98" count="0" type="stmt"/>
      <line num="100" count="1" type="stmt"/>
      <line num="101" count="1" type="stmt"/>
      <line num="103" count="1" type="stmt"/>
      <line num="104" count="1" type="stmt"/>
      <line num="106" count="1" type="stmt"/>
      <line num="107" count="1" type="stmt"/>
      <line num="108" count="1" type="stmt"/>
      <line num="110" count="1" type="stmt"/>
      <line num="111" count="1" type="stmt"/>
      <line num="112" count="1" type="stmt"/>
      <line num="113" count="1" type="stmt"/>
      <line num="115" count="1" type="stmt"/>
      <line num="116" count="1" type="stmt"/>
      <line num="117" count="1" type="stmt"/>
      <line num="120" count="15" type="cond" truecount="1" falsecount="1"/>
      <line num="121" count="15" type="stmt"/>
      <line num="122" count="15" type="stmt"/>
      <line num="125" count="15" type="cond" truecount="1" falsecount="1"/>
      <line num="126" count="15" type="stmt"/>
      <line num="127" count="3" type="stmt"/>
      <line num="128" count="3" type="stmt"/>
      <line num="129" count="3" type="stmt"/>
      <line num="132" count="3" type="stmt"/>
      <line num="134" count="3" type="stmt"/>
      <line num="135" count="3" type="stmt"/>
      <line num="137" count="3" type="cond" truecount="3" falsecount="1"/>
      <line num="138" count="0" type="stmt"/>
      <line num="141" count="0" type="stmt"/>
      <line num="142" count="0" type="stmt"/>
      <line num="145" count="3" type="cond" truecount="1" falsecount="1"/>
      <line num="146" count="3" type="cond" truecount="3" falsecount="1"/>
      <line num="148" count="3" type="stmt"/>
      <line num="149" count="3" type="stmt"/>
      <line num="150" count="3" type="stmt"/>
      <line num="152" count="3" type="stmt"/>
      <line num="153" count="3" type="stmt"/>
      <line num="163" count="3" type="stmt"/>
      <line num="165" count="3" type="cond" truecount="1" falsecount="4"/>
      <line num="167" count="3" type="stmt"/>
      <line num="169" count="3" type="stmt"/>
      <line num="172" count="0" type="stmt"/>
      <line num="174" count="3" type="stmt"/>
      <line num="175" count="3" type="stmt"/>
      <line num="179" count="0" type="stmt"/>
      <line num="182" count="15" type="stmt"/>
      <line num="183" count="15" type="stmt"/>
      <line num="184" count="15" type="stmt"/>
      <line num="186" count="15" type="cond" truecount="1" falsecount="1"/>
      <line num="187" count="15" type="cond" truecount="1" falsecount="1"/>
      <line num="188" count="15" type="cond" truecount="1" falsecount="1"/>
      <line num="190" count="15" type="stmt"/>
      <line num="191" count="15" type="stmt"/>
      <line num="192" count="15" type="stmt"/>
      <line num="194" count="15" type="cond" truecount="4" falsecount="1"/>
      <line num="195" count="15" type="stmt"/>
      <line num="196" count="1" type="stmt"/>
      <line num="197" count="1" type="stmt"/>
      <line num="198" count="1" type="stmt"/>
      <line num="199" count="1" type="stmt"/>
      <line num="200" count="1" type="cond" truecount="1" falsecount="4"/>
      <line num="202" count="1" type="cond" truecount="1" falsecount="1"/>
      <line num="203" count="1" type="cond" truecount="1" falsecount="1"/>
      <line num="204" count="1" type="cond" truecount="2" falsecount="0"/>
      <line num="205" count="1" type="cond" truecount="2" falsecount="0"/>
      <line num="206" count="1" type="cond" truecount="2" falsecount="0"/>
      <line num="208" count="1" type="stmt"/>
      <line num="210" count="0" type="stmt"/>
      <line num="214" count="15" type="stmt"/>
      <line num="215" count="15" type="stmt"/>
      <line num="217" count="15" type="stmt"/>
      <line num="218" count="1" type="stmt"/>
      <line num="219" count="1" type="stmt"/>
      <line num="220" count="1" type="stmt"/>
      <line num="228" count="1" type="stmt"/>
      <line num="229" count="1" type="stmt"/>
      <line num="230" count="1" type="stmt"/>
      <line num="232" count="1" type="stmt"/>
      <line num="233" count="1" type="stmt"/>
      <line num="234" count="1" type="stmt"/>
      <line num="235" count="1" type="stmt"/>
      <line num="236" count="1" type="cond" truecount="1" falsecount="1"/>
      <line num="237" count="1" type="stmt"/>
      <line num="239" count="1" type="stmt"/>
      <line num="244" count="1" type="stmt"/>
      <line num="246" count="1" type="cond" truecount="1" falsecount="4"/>
      <line num="248" count="1" type="stmt"/>
      <line num="250" count="1" type="stmt"/>
      <line num="252" count="0" type="stmt"/>
      <line num="254" count="1" type="stmt"/>
      <line num="255" count="1" type="stmt"/>
      <line num="259" count="0" type="stmt"/>
      <line num="262" count="15" type="stmt"/>
      <line num="263" count="15" type="stmt"/>
      <line num="264" count="15" type="stmt"/>
      <line num="265" count="15" type="stmt"/>
      <line num="267" count="15" type="cond" truecount="5" falsecount="1"/>
      <line num="268" count="15" type="stmt"/>
      <line num="269" count="0" type="stmt"/>
      <line num="270" count="0" type="cond" truecount="0" falsecount="2"/>
      <line num="271" count="0" type="stmt"/>
      <line num="272" count="0" type="cond" truecount="0" falsecount="2"/>
      <line num="275" count="15" type="stmt"/>
      <line num="276" count="4" type="stmt"/>
      <line num="277" count="4" type="stmt"/>
      <line num="278" count="4" type="stmt"/>
      <line num="280" count="4" type="cond" truecount="3" falsecount="1"/>
      <line num="281" count="0" type="stmt"/>
      <line num="283" count="4" type="stmt"/>
      <line num="284" count="4" type="stmt"/>
      <line num="285" count="4" type="cond" truecount="2" falsecount="3"/>
      <line num="286" count="0" type="stmt"/>
      <line num="288" count="4" type="cond" truecount="2" falsecount="2"/>
      <line num="289" count="0" type="stmt"/>
      <line num="292" count="4" type="stmt"/>
      <line num="293" count="4" type="stmt"/>
      <line num="295" count="4" type="stmt"/>
      <line num="296" count="4" type="stmt"/>
      <line num="298" count="4" type="cond" truecount="1" falsecount="1"/>
      <line num="299" count="4" type="stmt"/>
      <line num="300" count="4" type="cond" truecount="1" falsecount="1"/>
      <line num="301" count="4" type="stmt"/>
      <line num="302" count="4" type="stmt"/>
      <line num="305" count="0" type="stmt"/>
      <line num="307" count="0" type="cond" truecount="0" falsecount="5"/>
      <line num="309" count="0" type="stmt"/>
      <line num="310" count="0" type="cond" truecount="0" falsecount="2"/>
      <line num="311" count="0" type="stmt"/>
      <line num="314" count="0" type="stmt"/>
      <line num="316" count="4" type="stmt"/>
      <line num="317" count="4" type="stmt"/>
      <line num="321" count="0" type="stmt"/>
      <line num="324" count="15" type="stmt"/>
      <line num="325" count="0" type="cond" truecount="0" falsecount="2"/>
      <line num="326" count="0" type="stmt"/>
      <line num="327" count="0" type="stmt"/>
      <line num="329" count="0" type="cond" truecount="0" falsecount="2"/>
      <line num="330" count="0" type="stmt"/>
      <line num="331" count="0" type="stmt"/>
      <line num="333" count="0" type="stmt"/>
      <line num="334" count="0" type="cond" truecount="0" falsecount="5"/>
      <line num="335" count="0" type="cond" truecount="0" falsecount="2"/>
      <line num="338" count="0" type="stmt"/>
      <line num="342" count="15" type="stmt"/>
      <line num="343" count="15" type="cond" truecount="1" falsecount="1"/>
      <line num="344" count="15" type="stmt"/>
      <line num="345" count="2" type="cond" truecount="1" falsecount="1"/>
      <line num="347" count="2" type="stmt"/>
      <line num="348" count="2" type="stmt"/>
      <line num="349" count="2" type="stmt"/>
      <line num="350" count="2" type="stmt"/>
      <line num="351" count="2" type="cond" truecount="1" falsecount="1"/>
      <line num="352" count="2" type="stmt"/>
      <line num="354" count="2" type="stmt"/>
      <line num="356" count="2" type="cond" truecount="1" falsecount="1"/>
      <line num="357" count="2" type="stmt"/>
      <line num="358" count="2" type="stmt"/>
      <line num="359" count="2" type="stmt"/>
      <line num="360" count="2" type="stmt"/>
      <line num="363" count="0" type="stmt"/>
      <line num="364" count="0" type="cond" truecount="0" falsecount="5"/>
      <line num="366" count="0" type="cond" truecount="0" falsecount="2"/>
      <line num="367" count="0" type="stmt"/>
      <line num="368" count="0" type="stmt"/>
      <line num="372" count="0" type="stmt"/>
      <line num="377" count="15" type="stmt"/>
      <line num="378" count="4" type="cond" truecount="3" falsecount="1"/>
      <line num="379" count="4" type="cond" truecount="3" falsecount="1"/>
    </file>
    <file name="gerenciar_tabelas.js" path="E:\Projetos VSCODE\Refatoracao\app\static\js\gerenciar_tabelas.js">
      <metrics statements="121" coveredstatements="110" conditionals="77" coveredconditionals="49" methods="15" coveredmethods="13"/>
      <line num="1" count="8" type="stmt"/>
      <line num="3" count="36" type="stmt"/>
      <line num="4" count="36" type="stmt"/>
      <line num="6" count="36" type="stmt"/>
      <line num="7" count="36" type="stmt"/>
      <line num="8" count="36" type="stmt"/>
      <line num="9" count="36" type="stmt"/>
      <line num="10" count="36" type="stmt"/>
      <line num="11" count="36" type="stmt"/>
      <line num="12" count="36" type="stmt"/>
      <line num="13" count="36" type="stmt"/>
      <line num="16" count="25" type="cond" truecount="1" falsecount="1"/>
      <line num="17" count="25" type="stmt"/>
      <line num="18" count="25" type="cond" truecount="1" falsecount="1"/>
      <line num="20" count="25" type="stmt"/>
      <line num="21" count="25" type="cond" truecount="2" falsecount="0"/>
      <line num="23" count="25" type="stmt"/>
      <line num="24" count="25" type="stmt"/>
      <line num="25" count="25" type="stmt"/>
      <line num="26" count="25" type="stmt"/>
      <line num="27" count="25" type="stmt"/>
      <line num="28" count="0" type="cond" truecount="0" falsecount="2"/>
      <line num="29" count="0" type="stmt"/>
      <line num="30" count="0" type="stmt"/>
      <line num="35" count="36" type="stmt"/>
      <line num="36" count="9" type="cond" truecount="1" falsecount="1"/>
      <line num="37" count="9" type="stmt"/>
      <line num="38" count="9" type="stmt"/>
      <line num="39" count="9" type="stmt"/>
      <line num="43" count="38" type="stmt"/>
      <line num="44" count="38" type="stmt"/>
      <line num="46" count="38" type="stmt"/>
      <line num="49" count="38" type="cond" truecount="1" falsecount="1"/>
      <line num="50" count="0" type="stmt"/>
      <line num="51" count="0" type="stmt"/>
      <line num="55" count="38" type="stmt"/>
      <line num="56" count="38" type="stmt"/>
      <line num="58" count="38" type="stmt"/>
      <line num="59" count="38" type="stmt"/>
      <line num="60" count="38" type="stmt"/>
      <line num="62" count="38" type="cond" truecount="4" falsecount="1"/>
      <line num="63" count="0" type="stmt"/>
      <line num="64" count="0" type="stmt"/>
      <line num="67" count="38" type="stmt"/>
      <line num="68" count="38" type="stmt"/>
      <line num="69" count="38" type="stmt"/>
      <line num="71" count="38" type="stmt"/>
      <line num="72" count="38" type="stmt"/>
      <line num="73" count="38" type="stmt"/>
      <line num="75" count="38" type="cond" truecount="4" falsecount="1"/>
      <line num="77" count="35" type="stmt"/>
      <line num="78" count="35" type="cond" truecount="2" falsecount="0"/>
      <line num="79" count="24" type="stmt"/>
      <line num="80" count="24" type="stmt"/>
      <line num="83" count="11" type="stmt"/>
      <line num="84" count="12" type="stmt"/>
      <line num="85" count="12" type="stmt"/>
      <line num="86" count="12" type="stmt"/>
      <line num="94" count="12" type="stmt"/>
      <line num="97" count="3" type="stmt"/>
      <line num="102" count="2" type="cond" truecount="4" falsecount="1"/>
      <line num="103" count="2" type="stmt"/>
      <line num="104" count="2" type="stmt"/>
      <line num="105" count="2" type="stmt"/>
      <line num="106" count="2" type="stmt"/>
      <line num="109" count="36" type="stmt"/>
      <line num="110" count="1" type="cond" truecount="4" falsecount="1"/>
      <line num="111" count="1" type="stmt"/>
      <line num="112" count="1" type="stmt"/>
      <line num="113" count="1" type="stmt"/>
      <line num="114" count="1" type="stmt"/>
      <line num="117" count="36" type="cond" truecount="1" falsecount="1"/>
      <line num="118" count="36" type="stmt"/>
      <line num="119" count="24" type="stmt"/>
      <line num="120" count="24" type="stmt"/>
      <line num="122" count="24" type="cond" truecount="1" falsecount="1"/>
      <line num="123" count="24" type="cond" truecount="2" falsecount="0"/>
      <line num="125" count="16" type="cond" truecount="2" falsecount="0"/>
      <line num="128" count="16" type="cond" truecount="2" falsecount="0"/>
      <line num="130" count="16" type="stmt"/>
      <line num="131" count="16" type="stmt"/>
      <line num="132" count="16" type="stmt"/>
      <line num="134" count="16" type="stmt"/>
      <line num="135" count="16" type="stmt"/>
      <line num="141" count="16" type="cond" truecount="2" falsecount="0"/>
      <line num="142" count="7" type="stmt"/>
      <line num="143" count="7" type="cond" truecount="2" falsecount="1"/>
      <line num="146" count="9" type="stmt"/>
      <line num="148" count="9" type="cond" truecount="2" falsecount="0"/>
      <line num="149" count="9" type="stmt"/>
      <line num="151" count="9" type="stmt"/>
      <line num="152" count="9" type="cond" truecount="1" falsecount="1"/>
      <line num="155" count="7" type="stmt"/>
      <line num="157" count="16" type="stmt"/>
      <line num="158" count="16" type="stmt"/>
      <line num="163" count="36" type="stmt"/>
      <line num="164" count="1" type="cond" truecount="1" falsecount="1"/>
      <line num="165" count="1" type="cond" truecount="1" falsecount="1"/>
      <line num="167" count="1" type="stmt"/>
      <line num="168" count="1" type="stmt"/>
      <line num="172" count="1" type="cond" truecount="1" falsecount="1"/>
      <line num="173" count="1" type="stmt"/>
      <line num="175" count="0" type="stmt"/>
      <line num="176" count="0" type="cond" truecount="0" falsecount="5"/>
      <line num="177" count="0" type="cond" truecount="0" falsecount="2"/>
      <line num="180" count="1" type="cond" truecount="1" falsecount="1"/>
      <line num="183" count="0" type="stmt"/>
      <line num="187" count="36" type="stmt"/>
      <line num="188" count="72" type="stmt"/>
      <line num="189" count="28" type="stmt"/>
      <line num="190" count="56" type="stmt"/>
      <line num="191" count="28" type="stmt"/>
      <line num="192" count="28" type="stmt"/>
      <line num="193" count="28" type="stmt"/>
      <line num="194" count="28" type="stmt"/>
      <line num="198" count="36" type="stmt"/>
      <line num="199" count="36" type="stmt"/>
      <line num="200" count="36" type="cond" truecount="1" falsecount="1"/>
      <line num="201" count="36" type="cond" truecount="1" falsecount="1"/>
      <line num="203" count="36" type="stmt"/>
      <line num="204" count="122" type="cond" truecount="3" falsecount="1"/>
    </file>
    <file name="gerenciar_usuarios.js" path="E:\Projetos VSCODE\Refatoracao\app\static\js\gerenciar_usuarios.js">
      <metrics statements="109" coveredstatements="94" conditionals="78" coveredconditionals="45" methods="13" coveredmethods="10"/>
      <line num="1" count="7" type="stmt"/>
      <line num="3" count="28" type="stmt"/>
      <line num="4" count="28" type="stmt"/>
      <line num="5" count="28" type="stmt"/>
      <line num="6" count="28" type="stmt"/>
      <line num="7" count="28" type="stmt"/>
      <line num="8" count="28" type="stmt"/>
      <line num="9" count="28" type="stmt"/>
      <line num="12" count="4" type="cond" truecount="1" falsecount="1"/>
      <line num="13" count="4" type="stmt"/>
      <line num="14" count="4" type="cond" truecount="1" falsecount="1"/>
      <line num="15" count="4" type="stmt"/>
      <line num="16" count="4" type="cond" truecount="2" falsecount="0"/>
      <line num="18" count="4" type="stmt"/>
      <line num="19" count="4" type="stmt"/>
      <line num="20" count="4" type="stmt"/>
      <line num="21" count="4" type="stmt"/>
      <line num="22" count="4" type="stmt"/>
      <line num="23" count="0" type="cond" truecount="0" falsecount="2"/>
      <line num="24" count="0" type="stmt"/>
      <line num="25" count="0" type="stmt"/>
      <line num="31" count="7" type="stmt"/>
      <line num="32" count="7" type="stmt"/>
      <line num="33" count="7" type="stmt"/>
      <line num="36" count="28" type="stmt"/>
      <line num="37" count="28" type="cond" truecount="1" falsecount="1"/>
      <line num="38" count="0" type="stmt"/>
      <line num="39" count="0" type="stmt"/>
      <line num="40" count="0" type="stmt"/>
      <line num="43" count="28" type="stmt"/>
      <line num="44" count="0" type="cond" truecount="0" falsecount="2"/>
      <line num="45" count="0" type="stmt"/>
      <line num="46" count="0" type="stmt"/>
      <line num="47" count="0" type="stmt"/>
      <line num="50" count="28" type="stmt"/>
      <line num="51" count="6" type="cond" truecount="5" falsecount="1"/>
      <line num="52" count="6" type="stmt"/>
      <line num="53" count="6" type="stmt"/>
      <line num="54" count="6" type="stmt"/>
      <line num="55" count="6" type="stmt"/>
      <line num="56" count="6" type="stmt"/>
      <line num="57" count="6" type="stmt"/>
      <line num="60" count="28" type="stmt"/>
      <line num="61" count="2" type="cond" truecount="5" falsecount="1"/>
      <line num="62" count="2" type="stmt"/>
      <line num="63" count="2" type="stmt"/>
      <line num="64" count="2" type="stmt"/>
      <line num="65" count="2" type="stmt"/>
      <line num="66" count="2" type="stmt"/>
      <line num="68" count="2" type="cond" truecount="3" falsecount="2"/>
      <line num="70" count="1" type="stmt"/>
      <line num="71" count="1" type="stmt"/>
      <line num="72" count="1" type="stmt"/>
      <line num="74" count="1" type="stmt"/>
      <line num="75" count="1" type="stmt"/>
      <line num="76" count="1" type="stmt"/>
      <line num="78" count="1" type="stmt"/>
      <line num="80" count="1" type="stmt"/>
      <line num="84" count="28" type="stmt"/>
      <line num="85" count="1" type="cond" truecount="2" falsecount="2"/>
      <line num="87" count="1" type="stmt"/>
      <line num="89" count="1" type="stmt"/>
      <line num="90" count="1" type="stmt"/>
      <line num="96" count="1" type="stmt"/>
      <line num="98" count="1" type="cond" truecount="1" falsecount="4"/>
      <line num="100" count="1" type="cond" truecount="1" falsecount="1"/>
      <line num="101" count="1" type="stmt"/>
      <line num="104" count="0" type="stmt"/>
      <line num="108" count="28" type="stmt"/>
      <line num="109" count="1" type="cond" truecount="1" falsecount="1"/>
      <line num="110" count="1" type="stmt"/>
      <line num="111" count="1" type="stmt"/>
      <line num="112" count="1" type="stmt"/>
      <line num="114" count="1" type="cond" truecount="1" falsecount="4"/>
      <line num="116" count="1" type="stmt"/>
      <line num="119" count="0" type="stmt"/>
      <line num="123" count="28" type="cond" truecount="1" falsecount="1"/>
      <line num="124" count="28" type="cond" truecount="1" falsecount="1"/>
      <line num="125" count="28" type="cond" truecount="3" falsecount="1"/>
      <line num="127" count="28" type="cond" truecount="1" falsecount="1"/>
      <line num="128" count="28" type="stmt"/>
      <line num="129" count="9" type="stmt"/>
      <line num="131" count="9" type="stmt"/>
      <line num="132" count="9" type="stmt"/>
      <line num="134" count="9" type="stmt"/>
      <line num="135" count="9" type="cond" truecount="1" falsecount="1"/>
      <line num="136" count="0" type="stmt"/>
      <line num="137" count="0" type="stmt"/>
      <line num="140" count="9" type="cond" truecount="2" falsecount="0"/>
      <line num="141" count="9" type="cond" truecount="2" falsecount="0"/>
      <line num="143" count="9" type="stmt"/>
      <line num="144" count="9" type="cond" truecount="2" falsecount="0"/>
      <line num="145" count="1" type="stmt"/>
      <line num="150" count="8" type="stmt"/>
      <line num="156" count="8" type="cond" truecount="4" falsecount="0"/>
      <line num="157" count="3" type="stmt"/>
      <line num="158" count="3" type="stmt"/>
      <line num="162" count="6" type="stmt"/>
      <line num="163" count="6" type="stmt"/>
      <line num="164" count="6" type="stmt"/>
      <line num="166" count="6" type="stmt"/>
      <line num="167" count="6" type="stmt"/>
      <line num="173" count="6" type="stmt"/>
      <line num="175" count="6" type="cond" truecount="1" falsecount="4"/>
      <line num="177" count="6" type="cond" truecount="2" falsecount="0"/>
      <line num="178" count="6" type="stmt"/>
      <line num="181" count="0" type="stmt"/>
      <line num="183" count="6" type="stmt"/>
      <line num="184" count="6" type="stmt"/>
    </file>
    <file name="importar.js" path="E:\Projetos VSCODE\Refatoracao\app\static\js\importar.js">
      <metrics statements="131" coveredstatements="116" conditionals="86" coveredconditionals="62" methods="18" coveredmethods="16"/>
      <line num="1" count="8" type="stmt"/>
      <line num="6" count="6" type="cond" truecount="3" falsecount="1"/>
      <line num="7" count="6" type="stmt"/>
      <line num="8" count="6" type="stmt"/>
      <line num="17" count="1" type="cond" truecount="1" falsecount="1"/>
      <line num="18" count="1" type="stmt"/>
      <line num="20" count="0" type="stmt"/>
      <line num="24" count="1" type="cond" truecount="1" falsecount="1"/>
      <line num="25" count="1" type="stmt"/>
      <line num="26" count="1" type="stmt"/>
      <line num="27" count="1" type="cond" truecount="1" falsecount="1"/>
      <line num="28" count="1" type="stmt"/>
      <line num="31" count="0" type="stmt"/>
      <line num="33" count="0" type="stmt"/>
      <line num="38" count="8" type="stmt"/>
      <line num="39" count="8" type="stmt"/>
      <line num="40" count="8" type="cond" truecount="3" falsecount="1"/>
      <line num="41" count="8" type="stmt"/>
      <line num="42" count="16" type="stmt"/>
      <line num="43" count="2" type="stmt"/>
      <line num="44" count="4" type="stmt"/>
      <line num="45" count="4" type="stmt"/>
      <line num="46" count="2" type="stmt"/>
      <line num="47" count="2" type="stmt"/>
      <line num="48" count="2" type="cond" truecount="1" falsecount="1"/>
      <line num="55" count="8" type="stmt"/>
      <line num="57" count="3" type="cond" truecount="1" falsecount="1"/>
      <line num="58" count="3" type="stmt"/>
      <line num="59" count="3" type="cond" truecount="1" falsecount="1"/>
      <line num="60" count="3" type="stmt"/>
      <line num="61" count="3" type="cond" truecount="1" falsecount="1"/>
      <line num="63" count="3" type="stmt"/>
      <line num="64" count="3" type="stmt"/>
      <line num="65" count="3" type="stmt"/>
      <line num="66" count="3" type="stmt"/>
      <line num="67" count="3" type="stmt"/>
      <line num="68" count="0" type="cond" truecount="0" falsecount="2"/>
      <line num="69" count="0" type="stmt"/>
      <line num="70" count="0" type="stmt"/>
      <line num="75" count="8" type="stmt"/>
      <line num="76" count="8" type="cond" truecount="2" falsecount="0"/>
      <line num="77" count="1" type="stmt"/>
      <line num="78" count="1" type="stmt"/>
      <line num="79" count="1" type="stmt"/>
      <line num="85" count="16" type="stmt"/>
      <line num="86" count="16" type="cond" truecount="1" falsecount="1"/>
      <line num="89" count="16" type="cond" truecount="1" falsecount="1"/>
      <line num="90" count="16" type="stmt"/>
      <line num="92" count="16" type="stmt"/>
      <line num="93" count="16" type="stmt"/>
      <line num="94" count="16" type="stmt"/>
      <line num="95" count="16" type="stmt"/>
      <line num="97" count="16" type="cond" truecount="1" falsecount="1"/>
      <line num="99" count="16" type="cond" truecount="5" falsecount="1"/>
      <line num="100" count="0" type="stmt"/>
      <line num="101" count="0" type="stmt"/>
      <line num="104" count="16" type="stmt"/>
      <line num="105" count="16" type="stmt"/>
      <line num="106" count="16" type="cond" truecount="1" falsecount="1"/>
      <line num="109" count="16" type="stmt"/>
      <line num="111" count="3" type="cond" truecount="3" falsecount="1"/>
      <line num="112" count="0" type="stmt"/>
      <line num="113" count="0" type="stmt"/>
      <line num="114" count="0" type="stmt"/>
      <line num="117" count="3" type="stmt"/>
      <line num="119" count="3" type="stmt"/>
      <line num="120" count="3" type="stmt"/>
      <line num="123" count="3" type="stmt"/>
      <line num="125" count="3" type="stmt"/>
      <line num="127" count="3" type="cond" truecount="1" falsecount="1"/>
      <line num="128" count="3" type="stmt"/>
      <line num="129" count="3" type="stmt"/>
      <line num="132" count="3" type="stmt"/>
      <line num="133" count="3" type="stmt"/>
      <line num="134" count="3" type="stmt"/>
      <line num="136" count="3" type="cond" truecount="2" falsecount="0"/>
      <line num="137" count="1" type="cond" truecount="2" falsecount="1"/>
      <line num="138" count="1" type="stmt"/>
      <line num="143" count="2" type="stmt"/>
      <line num="145" count="2" type="stmt"/>
      <line num="148" count="1" type="stmt"/>
      <line num="149" count="1" type="stmt"/>
      <line num="151" count="3" type="cond" truecount="1" falsecount="1"/>
      <line num="152" count="3" type="stmt"/>
      <line num="153" count="3" type="stmt"/>
      <line num="159" count="16" type="stmt"/>
      <line num="160" count="3" type="stmt"/>
      <line num="163" count="3" type="stmt"/>
      <line num="164" count="3" type="cond" truecount="2" falsecount="0"/>
      <line num="166" count="3" type="cond" truecount="2" falsecount="0"/>
      <line num="167" count="1" type="stmt"/>
      <line num="168" count="1" type="stmt"/>
      <line num="171" count="2" type="stmt"/>
      <line num="172" count="2" type="stmt"/>
      <line num="174" count="2" type="stmt"/>
      <line num="175" count="2" type="stmt"/>
      <line num="180" count="2" type="stmt"/>
      <line num="182" count="2" type="cond" truecount="2" falsecount="0"/>
      <line num="183" count="1" type="cond" truecount="2" falsecount="1"/>
      <line num="184" count="1" type="stmt"/>
      <line num="187" count="1" type="cond" truecount="1" falsecount="1"/>
      <line num="188" count="1" type="stmt"/>
      <line num="189" count="1" type="stmt"/>
      <line num="192" count="1" type="stmt"/>
      <line num="193" count="1" type="stmt"/>
      <line num="194" count="1" type="stmt"/>
      <line num="195" count="1" type="stmt"/>
      <line num="201" count="2" type="cond" truecount="3" falsecount="1"/>
      <line num="202" count="0" type="stmt"/>
      <line num="203" count="0" type="stmt"/>
      <line num="204" count="0" type="stmt"/>
      <line num="207" count="2" type="stmt"/>
      <line num="209" count="2" type="cond" truecount="2" falsecount="0"/>
      <line num="210" count="2" type="cond" truecount="2" falsecount="0"/>
      <line num="211" count="2" type="stmt"/>
      <line num="212" count="2" type="stmt"/>
      <line num="214" count="2" type="stmt"/>
      <line num="215" count="6" type="stmt"/>
      <line num="217" count="2" type="stmt"/>
      <line num="220" count="6" type="stmt"/>
      <line num="222" count="6" type="cond" truecount="5" falsecount="0"/>
      <line num="223" count="1" type="stmt"/>
      <line num="225" count="5" type="cond" truecount="4" falsecount="0"/>
      <line num="226" count="1" type="stmt"/>
      <line num="229" count="6" type="cond" truecount="3" falsecount="1"/>
      <line num="230" count="0" type="stmt"/>
      <line num="232" count="6" type="stmt"/>
      <line num="235" count="6" type="stmt"/>
      <line num="237" count="6" type="stmt"/>
      <line num="245" count="8" type="stmt"/>
      <line num="253" count="8" type="stmt"/>
    </file>
    <file name="importar_itens.js" path="E:\Projetos VSCODE\Refatoracao\app\static\js\importar_itens.js">
      <metrics statements="96" coveredstatements="81" conditionals="48" coveredconditionals="29" methods="12" coveredmethods="10"/>
      <line num="1" count="4" type="stmt"/>
      <line num="3" count="10" type="stmt"/>
      <line num="4" count="10" type="stmt"/>
      <line num="5" count="10" type="stmt"/>
      <line num="6" count="10" type="stmt"/>
      <line num="7" count="10" type="stmt"/>
      <line num="8" count="10" type="stmt"/>
      <line num="10" count="10" type="stmt"/>
      <line num="13" count="6" type="cond" truecount="1" falsecount="1"/>
      <line num="14" count="6" type="stmt"/>
      <line num="15" count="6" type="cond" truecount="1" falsecount="1"/>
      <line num="16" count="6" type="stmt"/>
      <line num="17" count="6" type="cond" truecount="2" falsecount="0"/>
      <line num="19" count="6" type="stmt"/>
      <line num="20" count="6" type="stmt"/>
      <line num="21" count="6" type="stmt"/>
      <line num="22" count="6" type="stmt"/>
      <line num="23" count="6" type="stmt"/>
      <line num="24" count="0" type="cond" truecount="0" falsecount="2"/>
      <line num="25" count="0" type="stmt"/>
      <line num="26" count="0" type="stmt"/>
      <line num="32" count="1" type="stmt"/>
      <line num="33" count="1" type="stmt"/>
      <line num="34" count="1" type="stmt"/>
      <line num="38" count="2" type="cond" truecount="1" falsecount="1"/>
      <line num="39" count="2" type="stmt"/>
      <line num="41" count="0" type="stmt"/>
      <line num="44" count="10" type="stmt"/>
      <line num="45" count="10" type="cond" truecount="1" falsecount="1"/>
      <line num="46" count="0" type="stmt"/>
      <line num="47" count="0" type="stmt"/>
      <line num="48" count="0" type="stmt"/>
      <line num="51" count="10" type="cond" truecount="1" falsecount="1"/>
      <line num="52" count="10" type="stmt"/>
      <line num="53" count="6" type="stmt"/>
      <line num="54" count="6" type="stmt"/>
      <line num="55" count="6" type="stmt"/>
      <line num="56" count="6" type="stmt"/>
      <line num="58" count="6" type="stmt"/>
      <line num="59" count="6" type="stmt"/>
      <line num="60" count="6" type="stmt"/>
      <line num="61" count="6" type="stmt"/>
      <line num="63" count="6" type="stmt"/>
      <line num="64" count="6" type="stmt"/>
      <line num="68" count="6" type="stmt"/>
      <line num="70" count="3" type="cond" truecount="4" falsecount="1"/>
      <line num="72" count="2" type="stmt"/>
      <line num="73" count="2" type="stmt"/>
      <line num="76" count="4" type="stmt"/>
      <line num="77" count="4" type="stmt"/>
      <line num="79" count="6" type="stmt"/>
      <line num="80" count="6" type="stmt"/>
      <line num="84" count="0" type="stmt"/>
      <line num="88" count="2" type="cond" truecount="3" falsecount="1"/>
      <line num="89" count="0" type="stmt"/>
      <line num="90" count="0" type="stmt"/>
      <line num="91" count="0" type="stmt"/>
      <line num="94" count="2" type="stmt"/>
      <line num="95" count="2" type="stmt"/>
      <line num="97" count="2" type="stmt"/>
      <line num="98" count="2" type="stmt"/>
      <line num="99" count="4" type="stmt"/>
      <line num="100" count="2" type="stmt"/>
      <line num="102" count="2" type="cond" truecount="1" falsecount="1"/>
      <line num="103" count="2" type="cond" truecount="1" falsecount="1"/>
      <line num="105" count="2" type="stmt"/>
      <line num="107" count="2" type="stmt"/>
      <line num="108" count="2" type="stmt"/>
      <line num="109" count="2" type="stmt"/>
      <line num="110" count="2" type="stmt"/>
      <line num="111" count="4" type="stmt"/>
      <line num="112" count="4" type="cond" truecount="3" falsecount="1"/>
      <line num="113" count="0" type="stmt"/>
      <line num="114" count="4" type="cond" truecount="4" falsecount="0"/>
      <line num="115" count="2" type="stmt"/>
      <line num="117" count="4" type="stmt"/>
      <line num="119" count="2" type="stmt"/>
      <line num="121" count="2" type="stmt"/>
      <line num="124" count="10" type="cond" truecount="1" falsecount="1"/>
      <line num="125" count="10" type="stmt"/>
      <line num="126" count="7" type="cond" truecount="2" falsecount="0"/>
      <line num="127" count="6" type="stmt"/>
      <line num="128" count="6" type="stmt"/>
      <line num="131" count="1" type="stmt"/>
      <line num="132" count="1" type="stmt"/>
      <line num="134" count="1" type="stmt"/>
      <line num="135" count="1" type="stmt"/>
      <line num="140" count="1" type="stmt"/>
      <line num="142" count="1" type="cond" truecount="1" falsecount="4"/>
      <line num="144" count="1" type="cond" truecount="1" falsecount="1"/>
      <line num="146" count="1" type="stmt"/>
      <line num="149" count="0" type="stmt"/>
      <line num="150" count="0" type="stmt"/>
      <line num="152" count="1" type="stmt"/>
      <line num="153" count="1" type="stmt"/>
      <line num="157" count="0" type="stmt"/>
    </file>
    <file name="index.js" path="E:\Projetos VSCODE\Refatoracao\app\static\js\index.js">
      <metrics statements="70" coveredstatements="62" conditionals="44" coveredconditionals="28" methods="10" coveredmethods="7"/>
      <line num="1" count="7" type="stmt"/>
      <line num="3" count="8" type="stmt"/>
      <line num="4" count="8" type="stmt"/>
      <line num="5" count="8" type="stmt"/>
      <line num="6" count="8" type="stmt"/>
      <line num="9" count="3" type="cond" truecount="1" falsecount="1"/>
      <line num="10" count="3" type="stmt"/>
      <line num="11" count="3" type="cond" truecount="1" falsecount="1"/>
      <line num="12" count="3" type="stmt"/>
      <line num="13" count="3" type="cond" truecount="1" falsecount="1"/>
      <line num="15" count="3" type="stmt"/>
      <line num="16" count="3" type="stmt"/>
      <line num="17" count="3" type="stmt"/>
      <line num="18" count="3" type="stmt"/>
      <line num="19" count="3" type="stmt"/>
      <line num="20" count="0" type="cond" truecount="0" falsecount="2"/>
      <line num="21" count="0" type="stmt"/>
      <line num="22" count="0" type="stmt"/>
      <line num="27" count="8" type="stmt"/>
      <line num="28" count="8" type="cond" truecount="2" falsecount="0"/>
      <line num="29" count="1" type="stmt"/>
      <line num="30" count="1" type="stmt"/>
      <line num="31" count="1" type="stmt"/>
      <line num="35" count="8" type="stmt"/>
      <line num="36" count="8" type="stmt"/>
      <line num="37" count="8" type="stmt"/>
      <line num="38" count="8" type="stmt"/>
      <line num="41" count="2" type="cond" truecount="3" falsecount="1"/>
      <line num="42" count="0" type="stmt"/>
      <line num="43" count="0" type="stmt"/>
      <line num="44" count="0" type="stmt"/>
      <line num="47" count="2" type="stmt"/>
      <line num="48" count="2" type="stmt"/>
      <line num="49" count="2" type="stmt"/>
      <line num="50" count="2" type="stmt"/>
      <line num="52" count="2" type="stmt"/>
      <line num="53" count="2" type="stmt"/>
      <line num="55" count="2" type="stmt"/>
      <line num="57" count="2" type="cond" truecount="2" falsecount="0"/>
      <line num="58" count="1" type="cond" truecount="2" falsecount="1"/>
      <line num="59" count="1" type="stmt"/>
      <line num="62" count="1" type="stmt"/>
      <line num="64" count="1" type="stmt"/>
      <line num="65" count="1" type="cond" truecount="1" falsecount="1"/>
      <line num="66" count="1" type="stmt"/>
      <line num="67" count="3" type="cond" truecount="2" falsecount="0"/>
      <line num="68" count="2" type="stmt"/>
      <line num="69" count="2" type="stmt"/>
      <line num="72" count="1" type="stmt"/>
      <line num="73" count="1" type="cond" truecount="1" falsecount="1"/>
      <line num="74" count="1" type="stmt"/>
      <line num="76" count="0" type="stmt"/>
      <line num="79" count="0" type="stmt"/>
      <line num="83" count="1" type="stmt"/>
      <line num="84" count="1" type="stmt"/>
      <line num="85" count="1" type="stmt"/>
      <line num="89" count="8" type="stmt"/>
      <line num="90" count="2" type="cond" truecount="1" falsecount="1"/>
      <line num="93" count="8" type="cond" truecount="1" falsecount="1"/>
      <line num="94" count="8" type="cond" truecount="1" falsecount="1"/>
      <line num="96" count="8" type="cond" truecount="1" falsecount="1"/>
      <line num="97" count="8" type="cond" truecount="1" falsecount="1"/>
      <line num="98" count="8" type="stmt"/>
      <line num="99" count="6" type="cond" truecount="3" falsecount="1"/>
      <line num="102" count="8" type="cond" truecount="1" falsecount="1"/>
      <line num="103" count="8" type="stmt"/>
      <line num="104" count="2" type="stmt"/>
      <line num="105" count="2" type="cond" truecount="2" falsecount="0"/>
      <line num="106" count="1" type="stmt"/>
      <line num="108" count="1" type="stmt"/>
    </file>
    <file name="novo_pedido.js" path="E:\Projetos VSCODE\Refatoracao\app\static\js\novo_pedido.js">
      <metrics statements="242" coveredstatements="161" conditionals="129" coveredconditionals="57" methods="44" coveredmethods="28"/>
      <line num="1" count="4" type="stmt"/>
      <line num="3" count="10" type="stmt"/>
      <line num="4" count="10" type="stmt"/>
      <line num="5" count="10" type="stmt"/>
      <line num="7" count="10" type="stmt"/>
      <line num="8" count="10" type="stmt"/>
      <line num="9" count="10" type="stmt"/>
      <line num="10" count="10" type="stmt"/>
      <line num="11" count="10" type="stmt"/>
      <line num="12" count="10" type="stmt"/>
      <line num="13" count="10" type="stmt"/>
      <line num="14" count="10" type="stmt"/>
      <line num="15" count="10" type="stmt"/>
      <line num="16" count="10" type="stmt"/>
      <line num="17" count="10" type="stmt"/>
      <line num="18" count="10" type="stmt"/>
      <line num="19" count="10" type="stmt"/>
      <line num="20" count="10" type="stmt"/>
      <line num="23" count="27" type="cond" truecount="3" falsecount="1"/>
      <line num="24" count="27" type="cond" truecount="1" falsecount="1"/>
      <line num="25" count="27" type="cond" truecount="1" falsecount="1"/>
      <line num="26" count="27" type="stmt"/>
      <line num="30" count="3" type="cond" truecount="1" falsecount="1"/>
      <line num="31" count="3" type="stmt"/>
      <line num="32" count="3" type="stmt"/>
      <line num="33" count="3" type="cond" truecount="1" falsecount="1"/>
      <line num="37" count="5" type="cond" truecount="1" falsecount="1"/>
      <line num="38" count="5" type="stmt"/>
      <line num="39" count="5" type="cond" truecount="1" falsecount="1"/>
      <line num="40" count="5" type="stmt"/>
      <line num="41" count="5" type="cond" truecount="2" falsecount="0"/>
      <line num="43" count="5" type="stmt"/>
      <line num="44" count="5" type="stmt"/>
      <line num="45" count="5" type="stmt"/>
      <line num="46" count="5" type="stmt"/>
      <line num="47" count="5" type="stmt"/>
      <line num="48" count="0" type="cond" truecount="0" falsecount="2"/>
      <line num="49" count="0" type="stmt"/>
      <line num="50" count="0" type="stmt"/>
      <line num="56" count="4" type="stmt"/>
      <line num="57" count="4" type="stmt"/>
      <line num="58" count="4" type="stmt"/>
      <line num="62" count="10" type="cond" truecount="1" falsecount="1"/>
      <line num="63" count="10" type="stmt"/>
      <line num="64" count="10" type="stmt"/>
      <line num="65" count="10" type="stmt"/>
      <line num="66" count="10" type="stmt"/>
      <line num="67" count="10" type="stmt"/>
      <line num="69" count="10" type="cond" truecount="1" falsecount="1"/>
      <line num="70" count="0" type="cond" truecount="0" falsecount="3"/>
      <line num="71" count="0" type="stmt"/>
      <line num="74" count="10" type="stmt"/>
      <line num="75" count="10" type="stmt"/>
      <line num="76" count="10" type="stmt"/>
      <line num="79" count="0" type="stmt"/>
      <line num="80" count="0" type="stmt"/>
      <line num="81" count="0" type="stmt"/>
      <line num="86" count="20" type="stmt"/>
      <line num="87" count="10" type="stmt"/>
      <line num="88" count="10" type="cond" truecount="1" falsecount="1"/>
      <line num="89" count="10" type="stmt"/>
      <line num="90" count="10" type="cond" truecount="1" falsecount="1"/>
      <line num="91" count="10" type="cond" truecount="1" falsecount="1"/>
      <line num="97" count="0" type="cond" truecount="0" falsecount="2"/>
      <line num="98" count="0" type="cond" truecount="0" falsecount="2"/>
      <line num="100" count="0" type="stmt"/>
      <line num="101" count="0" type="stmt"/>
      <line num="103" count="0" type="stmt"/>
      <line num="107" count="10" type="cond" truecount="1" falsecount="1"/>
      <line num="108" count="10" type="stmt"/>
      <line num="109" count="10" type="cond" truecount="3" falsecount="1"/>
      <line num="110" count="0" type="stmt"/>
      <line num="111" count="0" type="stmt"/>
      <line num="113" count="10" type="stmt"/>
      <line num="114" count="20" type="stmt"/>
      <line num="115" count="20" type="cond" truecount="1" falsecount="1"/>
      <line num="116" count="20" type="stmt"/>
      <line num="117" count="20" type="cond" truecount="1" falsecount="1"/>
      <line num="119" count="20" type="stmt"/>
      <line num="120" count="20" type="stmt"/>
      <line num="122" count="20" type="stmt"/>
      <line num="134" count="20" type="stmt"/>
      <line num="135" count="20" type="stmt"/>
      <line num="136" count="20" type="stmt"/>
      <line num="141" count="10" type="cond" truecount="1" falsecount="1"/>
      <line num="142" count="10" type="stmt"/>
      <line num="143" count="10" type="cond" truecount="1" falsecount="1"/>
      <line num="145" count="0" type="stmt"/>
      <line num="146" count="0" type="stmt"/>
      <line num="147" count="0" type="stmt"/>
      <line num="148" count="0" type="stmt"/>
      <line num="150" count="0" type="cond" truecount="0" falsecount="2"/>
      <line num="151" count="0" type="stmt"/>
      <line num="154" count="0" type="cond" truecount="0" falsecount="2"/>
      <line num="155" count="0" type="stmt"/>
      <line num="156" count="0" type="stmt"/>
      <line num="158" count="0" type="stmt"/>
      <line num="159" count="0" type="stmt"/>
      <line num="162" count="0" type="stmt"/>
      <line num="163" count="0" type="cond" truecount="0" falsecount="2"/>
      <line num="166" count="0" type="cond" truecount="0" falsecount="2"/>
      <line num="167" count="0" type="stmt"/>
      <line num="168" count="0" type="stmt"/>
      <line num="170" count="0" type="stmt"/>
      <line num="171" count="0" type="stmt"/>
      <line num="174" count="0" type="stmt"/>
      <line num="175" count="0" type="stmt"/>
      <line num="177" count="0" type="stmt"/>
      <line num="178" count="0" type="cond" truecount="0" falsecount="2"/>
      <line num="179" count="0" type="stmt"/>
      <line num="180" count="0" type="stmt"/>
      <line num="181" count="0" type="stmt"/>
      <line num="182" count="0" type="stmt"/>
      <line num="188" count="3" type="cond" truecount="4" falsecount="1"/>
      <line num="190" count="3" type="stmt"/>
      <line num="192" count="3" type="cond" truecount="1" falsecount="1"/>
      <line num="193" count="0" type="stmt"/>
      <line num="194" count="0" type="stmt"/>
      <line num="195" count="0" type="stmt"/>
      <line num="196" count="0" type="stmt"/>
      <line num="199" count="3" type="stmt"/>
      <line num="200" count="3" type="stmt"/>
      <line num="201" count="3" type="stmt"/>
      <line num="202" count="3" type="stmt"/>
      <line num="203" count="3" type="stmt"/>
      <line num="205" count="3" type="stmt"/>
      <line num="215" count="3" type="stmt"/>
      <line num="216" count="3" type="stmt"/>
      <line num="220" count="3" type="stmt"/>
      <line num="221" count="3" type="stmt"/>
      <line num="222" count="3" type="stmt"/>
      <line num="223" count="3" type="stmt"/>
      <line num="225" count="3" type="cond" truecount="1" falsecount="1"/>
      <line num="226" count="0" type="stmt"/>
      <line num="227" count="0" type="stmt"/>
      <line num="228" count="0" type="stmt"/>
      <line num="230" count="3" type="cond" truecount="2" falsecount="0"/>
      <line num="231" count="1" type="stmt"/>
      <line num="232" count="1" type="stmt"/>
      <line num="235" count="3" type="stmt"/>
      <line num="236" count="3" type="stmt"/>
      <line num="238" count="3" type="cond" truecount="1" falsecount="1"/>
      <line num="239" count="0" type="stmt"/>
      <line num="240" count="0" type="stmt"/>
      <line num="242" count="3" type="stmt"/>
      <line num="252" count="3" type="stmt"/>
      <line num="255" count="3" type="stmt"/>
      <line num="256" count="3" type="stmt"/>
      <line num="260" count="4" type="cond" truecount="5" falsecount="0"/>
      <line num="261" count="1" type="stmt"/>
      <line num="263" count="1" type="stmt"/>
      <line num="264" count="1" type="stmt"/>
      <line num="267" count="1" type="stmt"/>
      <line num="268" count="1" type="stmt"/>
      <line num="269" count="1" type="stmt"/>
      <line num="270" count="1" type="stmt"/>
      <line num="280" count="1" type="stmt"/>
      <line num="283" count="1" type="stmt"/>
      <line num="286" count="10" type="cond" truecount="0" falsecount="2"/>
      <line num="289" count="4" type="cond" truecount="1" falsecount="1"/>
      <line num="290" count="0" type="stmt"/>
      <line num="291" count="0" type="stmt"/>
      <line num="292" count="0" type="stmt"/>
      <line num="295" count="4" type="stmt"/>
      <line num="296" count="4" type="stmt"/>
      <line num="297" count="4" type="stmt"/>
      <line num="299" count="4" type="stmt"/>
      <line num="307" count="4" type="stmt"/>
      <line num="308" count="4" type="stmt"/>
      <line num="309" count="1" type="cond" truecount="1" falsecount="1"/>
      <line num="310" count="1" type="stmt"/>
      <line num="316" count="4" type="stmt"/>
      <line num="317" count="4" type="stmt"/>
      <line num="318" count="4" type="stmt"/>
      <line num="320" count="4" type="stmt"/>
      <line num="321" count="4" type="stmt"/>
      <line num="322" count="4" type="stmt"/>
      <line num="325" count="4" type="stmt"/>
      <line num="326" count="4" type="cond" truecount="2" falsecount="0"/>
      <line num="328" count="3" type="stmt"/>
      <line num="329" count="3" type="stmt"/>
      <line num="333" count="1" type="cond" truecount="1" falsecount="1"/>
      <line num="334" count="0" type="stmt"/>
      <line num="335" count="0" type="stmt"/>
      <line num="336" count="0" type="stmt"/>
      <line num="338" count="1" type="stmt"/>
      <line num="341" count="1" type="stmt"/>
      <line num="343" count="1" type="stmt"/>
      <line num="349" count="1" type="stmt"/>
      <line num="350" count="1" type="cond" truecount="1" falsecount="1"/>
      <line num="351" count="0" type="cond" truecount="0" falsecount="3"/>
      <line num="352" count="0" type="stmt"/>
      <line num="354" count="1" type="stmt"/>
      <line num="357" count="1" type="stmt"/>
      <line num="359" count="1" type="stmt"/>
      <line num="360" count="1" type="stmt"/>
      <line num="366" count="1" type="stmt"/>
      <line num="367" count="1" type="cond" truecount="1" falsecount="1"/>
      <line num="368" count="0" type="cond" truecount="0" falsecount="3"/>
      <line num="369" count="0" type="stmt"/>
      <line num="374" count="1" type="stmt"/>
      <line num="377" count="1" type="stmt"/>
      <line num="380" count="1" type="stmt"/>
      <line num="383" count="4" type="cond" truecount="1" falsecount="1"/>
      <line num="384" count="0" type="stmt"/>
      <line num="385" count="0" type="stmt"/>
      <line num="386" count="0" type="stmt"/>
      <line num="387" count="0" type="stmt"/>
      <line num="390" count="4" type="stmt"/>
      <line num="391" count="4" type="stmt"/>
      <line num="393" count="4" type="stmt"/>
      <line num="395" count="4" type="stmt"/>
      <line num="397" count="4" type="stmt"/>
      <line num="400" count="0" type="stmt"/>
      <line num="401" count="0" type="cond" truecount="0" falsecount="2"/>
      <line num="402" count="0" type="stmt"/>
      <line num="403" count="0" type="stmt"/>
      <line num="404" count="0" type="stmt"/>
      <line num="408" count="10" type="cond" truecount="1" falsecount="1"/>
      <line num="409" count="10" type="stmt"/>
      <line num="410" count="0" type="cond" truecount="0" falsecount="2"/>
      <line num="411" count="0" type="stmt"/>
      <line num="416" count="10" type="cond" truecount="1" falsecount="1"/>
      <line num="417" count="10" type="stmt"/>
      <line num="418" count="0" type="cond" truecount="0" falsecount="2"/>
      <line num="419" count="0" type="stmt"/>
      <line num="420" count="0" type="stmt"/>
      <line num="421" count="0" type="stmt"/>
      <line num="422" count="0" type="stmt"/>
      <line num="423" count="0" type="stmt"/>
      <line num="425" count="0" type="stmt"/>
      <line num="430" count="10" type="cond" truecount="1" falsecount="1"/>
      <line num="431" count="10" type="cond" truecount="1" falsecount="1"/>
      <line num="432" count="10" type="cond" truecount="1" falsecount="1"/>
      <line num="433" count="20" type="cond" truecount="3" falsecount="1"/>
      <line num="435" count="10" type="cond" truecount="1" falsecount="1"/>
      <line num="437" count="10" type="stmt"/>
      <line num="438" count="20" type="stmt"/>
      <line num="439" count="0" type="stmt"/>
      <line num="440" count="0" type="cond" truecount="0" falsecount="2"/>
      <line num="441" count="0" type="stmt"/>
      <line num="446" count="10" type="stmt"/>
    </file>
    <file name="relatorios.js" path="E:\Projetos VSCODE\Refatoracao\app\static\js\relatorios.js">
      <metrics statements="34" coveredstatements="31" conditionals="15" coveredconditionals="8" methods="7" coveredmethods="5"/>
      <line num="1" count="4" type="stmt"/>
      <line num="3" count="4" type="stmt"/>
      <line num="6" count="4" type="cond" truecount="1" falsecount="1"/>
      <line num="7" count="4" type="stmt"/>
      <line num="8" count="4" type="cond" truecount="1" falsecount="1"/>
      <line num="9" count="4" type="stmt"/>
      <line num="10" count="4" type="cond" truecount="1" falsecount="1"/>
      <line num="12" count="4" type="stmt"/>
      <line num="13" count="4" type="stmt"/>
      <line num="14" count="4" type="stmt"/>
      <line num="15" count="4" type="stmt"/>
      <line num="16" count="4" type="stmt"/>
      <line num="17" count="0" type="cond" truecount="0" falsecount="2"/>
      <line num="18" count="0" type="stmt"/>
      <line num="19" count="0" type="stmt"/>
      <line num="24" count="4" type="stmt"/>
      <line num="25" count="4" type="stmt"/>
      <line num="27" count="4" type="cond" truecount="2" falsecount="0"/>
      <line num="28" count="1" type="stmt"/>
      <line num="29" count="1" type="stmt"/>
      <line num="30" count="1" type="stmt"/>
      <line num="33" count="3" type="stmt"/>
      <line num="35" count="3" type="cond" truecount="2" falsecount="0"/>
      <line num="36" count="1" type="stmt"/>
      <line num="37" count="1" type="stmt"/>
      <line num="40" count="2" type="stmt"/>
      <line num="42" count="2" type="stmt"/>
      <line num="44" count="2" type="stmt"/>
      <line num="47" count="4" type="stmt"/>
      <line num="49" count="4" type="stmt"/>
      <line num="50" count="8" type="stmt"/>
      <line num="51" count="3" type="stmt"/>
      <line num="52" count="3" type="cond" truecount="1" falsecount="1"/>
      <line num="53" count="3" type="stmt"/>
    </file>
  </project>
</coverage>
