{"E:\\Projetos VSCODE\\Refatoracao\\app\\static\\js\\categorias.js": {"path":"E:\\Projetos VSCODE\\Refatoracao\\app\\static\\js\\categorias.js","statementMap":{"0":{"start":{"line":1,"column":0},"end":{"line":169,"column":3}},"1":{"start":{"line":2,"column":18},"end":{"line":2,"column":60}},"2":{"start":{"line":3,"column":24},"end":{"line":3,"column":63}},"3":{"start":{"line":4,"column":26},"end":{"line":4,"column":67}},"4":{"start":{"line":5,"column":31},"end":{"line":5,"column":72}},"5":{"start":{"line":6,"column":29},"end":{"line":6,"column":87}},"6":{"start":{"line":7,"column":30},"end":{"line":7,"column":34}},"7":{"start":{"line":10,"column":29},"end":{"line":10,"column":82}},"8":{"start":{"line":11,"column":8},"end":{"line":11,"column":47}},"9":{"start":{"line":11,"column":25},"end":{"line":11,"column":47}},"10":{"start":{"line":13,"column":25},"end":{"line":13,"column":84}},"11":{"start":{"line":14,"column":8},"end":{"line":14,"column":39}},"12":{"start":{"line":14,"column":21},"end":{"line":14,"column":39}},"13":{"start":{"line":16,"column":29},"end":{"line":16,"column":58}},"14":{"start":{"line":17,"column":8},"end":{"line":17,"column":56}},"15":{"start":{"line":18,"column":8},"end":{"line":18,"column":43}},"16":{"start":{"line":19,"column":8},"end":{"line":19,"column":47}},"17":{"start":{"line":20,"column":8},"end":{"line":25,"column":17}},"18":{"start":{"line":21,"column":12},"end":{"line":24,"column":13}},"19":{"start":{"line":22,"column":16},"end":{"line":22,"column":49}},"20":{"start":{"line":23,"column":16},"end":{"line":23,"column":92}},"21":{"start":{"line":23,"column":69},"end":{"line":23,"column":90}},"22":{"start":{"line":29,"column":8},"end":{"line":29,"column":63}},"23":{"start":{"line":30,"column":8},"end":{"line":30,"column":57}},"24":{"start":{"line":31,"column":8},"end":{"line":31,"column":33}},"25":{"start":{"line":34,"column":16},"end":{"line":34,"column":61}},"26":{"start":{"line":35,"column":4},"end":{"line":39,"column":5}},"27":{"start":{"line":36,"column":8},"end":{"line":36,"column":74}},"28":{"start":{"line":37,"column":8},"end":{"line":37,"column":57}},"29":{"start":{"line":38,"column":8},"end":{"line":38,"column":54}},"30":{"start":{"line":41,"column":24},"end":{"line":45,"column":5}},"31":{"start":{"line":42,"column":8},"end":{"line":42,"column":37}},"32":{"start":{"line":43,"column":8},"end":{"line":43,"column":30}},"33":{"start":{"line":44,"column":8},"end":{"line":44,"column":35}},"34":{"start":{"line":47,"column":26},"end":{"line":47,"column":68}},"35":{"start":{"line":48,"column":4},"end":{"line":57,"column":5}},"36":{"start":{"line":49,"column":8},"end":{"line":54,"column":11}},"37":{"start":{"line":50,"column":12},"end":{"line":50,"column":39}},"38":{"start":{"line":51,"column":12},"end":{"line":51,"column":63}},"39":{"start":{"line":52,"column":12},"end":{"line":52,"column":34}},"40":{"start":{"line":53,"column":12},"end":{"line":53,"column":41}},"41":{"start":{"line":56,"column":8},"end":{"line":56,"column":65}},"42":{"start":{"line":59,"column":22},"end":{"line":59,"column":65}},"43":{"start":{"line":60,"column":24},"end":{"line":60,"column":69}},"44":{"start":{"line":61,"column":4},"end":{"line":61,"column":68}},"45":{"start":{"line":61,"column":19},"end":{"line":61,"column":68}},"46":{"start":{"line":62,"column":4},"end":{"line":62,"column":72}},"47":{"start":{"line":62,"column":21},"end":{"line":62,"column":72}},"48":{"start":{"line":64,"column":4},"end":{"line":64,"column":95}},"49":{"start":{"line":64,"column":50},"end":{"line":64,"column":91}},"50":{"start":{"line":64,"column":77},"end":{"line":64,"column":91}},"51":{"start":{"line":66,"column":4},"end":{"line":81,"column":5}},"52":{"start":{"line":67,"column":8},"end":{"line":67,"column":33}},"53":{"start":{"line":68,"column":8},"end":{"line":80,"column":9}},"54":{"start":{"line":69,"column":29},"end":{"line":69,"column":65}},"55":{"start":{"line":70,"column":30},"end":{"line":70,"column":51}},"56":{"start":{"line":72,"column":12},"end":{"line":72,"column":113}},"57":{"start":{"line":72,"column":30},"end":{"line":72,"column":113}},"58":{"start":{"line":74,"column":12},"end":{"line":74,"column":55}},"59":{"start":{"line":75,"column":12},"end":{"line":75,"column":54}},"60":{"start":{"line":76,"column":12},"end":{"line":76,"column":41}},"61":{"start":{"line":79,"column":12},"end":{"line":79,"column":75}},"62":{"start":{"line":83,"column":4},"end":{"line":120,"column":7}},"63":{"start":{"line":84,"column":8},"end":{"line":84,"column":31}},"64":{"start":{"line":85,"column":21},"end":{"line":85,"column":52}},"65":{"start":{"line":87,"column":8},"end":{"line":90,"column":9}},"66":{"start":{"line":88,"column":12},"end":{"line":88,"column":83}},"67":{"start":{"line":89,"column":12},"end":{"line":89,"column":19}},"68":{"start":{"line":92,"column":20},"end":{"line":92,"column":102}},"69":{"start":{"line":93,"column":23},"end":{"line":93,"column":59}},"70":{"start":{"line":95,"column":29},"end":{"line":95,"column":72}},"71":{"start":{"line":96,"column":8},"end":{"line":96,"column":37}},"72":{"start":{"line":98,"column":8},"end":{"line":119,"column":9}},"73":{"start":{"line":99,"column":29},"end":{"line":103,"column":14}},"74":{"start":{"line":105,"column":12},"end":{"line":108,"column":13}},"75":{"start":{"line":106,"column":29},"end":{"line":106,"column":50}},"76":{"start":{"line":107,"column":16},"end":{"line":107,"column":100}},"77":{"start":{"line":110,"column":30},"end":{"line":110,"column":51}},"78":{"start":{"line":112,"column":25},"end":{"line":112,"column":70}},"79":{"start":{"line":113,"column":12},"end":{"line":113,"column":103}},"80":{"start":{"line":116,"column":12},"end":{"line":116,"column":65}},"81":{"start":{"line":118,"column":12},"end":{"line":118,"column":42}},"82":{"start":{"line":122,"column":4},"end":{"line":143,"column":5}},"83":{"start":{"line":123,"column":8},"end":{"line":123,"column":89}},"84":{"start":{"line":123,"column":82},"end":{"line":123,"column":89}},"85":{"start":{"line":125,"column":31},"end":{"line":125,"column":47}},"86":{"start":{"line":127,"column":8},"end":{"line":142,"column":9}},"87":{"start":{"line":128,"column":29},"end":{"line":128,"column":120}},"88":{"start":{"line":130,"column":12},"end":{"line":133,"column":13}},"89":{"start":{"line":131,"column":29},"end":{"line":131,"column":50}},"90":{"start":{"line":132,"column":16},"end":{"line":132,"column":100}},"91":{"start":{"line":135,"column":30},"end":{"line":135,"column":51}},"92":{"start":{"line":137,"column":25},"end":{"line":137,"column":65}},"93":{"start":{"line":138,"column":12},"end":{"line":138,"column":103}},"94":{"start":{"line":141,"column":12},"end":{"line":141,"column":73}},"95":{"start":{"line":145,"column":4},"end":{"line":167,"column":5}},"96":{"start":{"line":146,"column":8},"end":{"line":146,"column":105}},"97":{"start":{"line":146,"column":98},"end":{"line":146,"column":105}},"98":{"start":{"line":148,"column":8},"end":{"line":166,"column":9}},"99":{"start":{"line":149,"column":29},"end":{"line":149,"column":87}},"100":{"start":{"line":151,"column":12},"end":{"line":154,"column":13}},"101":{"start":{"line":152,"column":17},"end":{"line":152,"column":89}},"102":{"start":{"line":153,"column":17},"end":{"line":153,"column":24}},"103":{"start":{"line":156,"column":12},"end":{"line":159,"column":13}},"104":{"start":{"line":157,"column":34},"end":{"line":157,"column":55}},"105":{"start":{"line":158,"column":16},"end":{"line":158,"column":110}},"106":{"start":{"line":161,"column":12},"end":{"line":161,"column":84}},"107":{"start":{"line":165,"column":12},"end":{"line":165,"column":66}}},"fnMap":{"0":{"name":"(anonymous_0)","decl":{"start":{"line":1,"column":46},"end":{"line":1,"column":47}},"loc":{"start":{"line":1,"column":57},"end":{"line":169,"column":1}},"line":1},"1":{"name":"showNotification","decl":{"start":{"line":9,"column":13},"end":{"line":9,"column":29}},"loc":{"start":{"line":9,"column":55},"end":{"line":26,"column":5}},"line":9},"2":{"name":"(anonymous_2)","decl":{"start":{"line":20,"column":19},"end":{"line":20,"column":20}},"loc":{"start":{"line":20,"column":25},"end":{"line":25,"column":9}},"line":20},"3":{"name":"(anonymous_3)","decl":{"start":{"line":23,"column":63},"end":{"line":23,"column":64}},"loc":{"start":{"line":23,"column":69},"end":{"line":23,"column":90}},"line":23},"4":{"name":"showNotificationAndReload","decl":{"start":{"line":28,"column":13},"end":{"line":28,"column":38}},"loc":{"start":{"line":28,"column":66},"end":{"line":32,"column":5}},"line":28},"5":{"name":"(anonymous_5)","decl":{"start":{"line":41,"column":24},"end":{"line":41,"column":25}},"loc":{"start":{"line":41,"column":30},"end":{"line":45,"column":5}},"line":41},"6":{"name":"(anonymous_6)","decl":{"start":{"line":49,"column":48},"end":{"line":49,"column":49}},"loc":{"start":{"line":49,"column":54},"end":{"line":54,"column":9}},"line":49},"7":{"name":"(anonymous_7)","decl":{"start":{"line":64,"column":37},"end":{"line":64,"column":38}},"loc":{"start":{"line":64,"column":48},"end":{"line":64,"column":93}},"line":64},"8":{"name":"(anonymous_8)","decl":{"start":{"line":66,"column":34},"end":{"line":66,"column":35}},"loc":{"start":{"line":66,"column":48},"end":{"line":81,"column":5}},"line":66},"9":{"name":"(anonymous_9)","decl":{"start":{"line":83,"column":45},"end":{"line":83,"column":46}},"loc":{"start":{"line":83,"column":67},"end":{"line":120,"column":5}},"line":83},"10":{"name":"(anonymous_10)","decl":{"start":{"line":122,"column":35},"end":{"line":122,"column":36}},"loc":{"start":{"line":122,"column":66},"end":{"line":143,"column":5}},"line":122},"11":{"name":"(anonymous_11)","decl":{"start":{"line":145,"column":30},"end":{"line":145,"column":31}},"loc":{"start":{"line":145,"column":44},"end":{"line":167,"column":5}},"line":145}},"branchMap":{"0":{"loc":{"start":{"line":9,"column":39},"end":{"line":9,"column":53}},"type":"default-arg","locations":[{"start":{"line":9,"column":46},"end":{"line":9,"column":53}}],"line":9},"1":{"loc":{"start":{"line":11,"column":8},"end":{"line":11,"column":47}},"type":"if","locations":[{"start":{"line":11,"column":8},"end":{"line":11,"column":47}},{"start":{},"end":{}}],"line":11},"2":{"loc":{"start":{"line":14,"column":8},"end":{"line":14,"column":39}},"type":"if","locations":[{"start":{"line":14,"column":8},"end":{"line":14,"column":39}},{"start":{},"end":{}}],"line":14},"3":{"loc":{"start":{"line":21,"column":12},"end":{"line":24,"column":13}},"type":"if","locations":[{"start":{"line":21,"column":12},"end":{"line":24,"column":13}},{"start":{},"end":{}}],"line":21},"4":{"loc":{"start":{"line":28,"column":48},"end":{"line":28,"column":64}},"type":"default-arg","locations":[{"start":{"line":28,"column":55},"end":{"line":28,"column":64}}],"line":28},"5":{"loc":{"start":{"line":35,"column":4},"end":{"line":39,"column":5}},"type":"if","locations":[{"start":{"line":35,"column":4},"end":{"line":39,"column":5}},{"start":{},"end":{}}],"line":35},"6":{"loc":{"start":{"line":48,"column":4},"end":{"line":57,"column":5}},"type":"if","locations":[{"start":{"line":48,"column":4},"end":{"line":57,"column":5}},{"start":{"line":55,"column":11},"end":{"line":57,"column":5}}],"line":48},"7":{"loc":{"start":{"line":61,"column":4},"end":{"line":61,"column":68}},"type":"if","locations":[{"start":{"line":61,"column":4},"end":{"line":61,"column":68}},{"start":{},"end":{}}],"line":61},"8":{"loc":{"start":{"line":62,"column":4},"end":{"line":62,"column":72}},"type":"if","locations":[{"start":{"line":62,"column":4},"end":{"line":62,"column":72}},{"start":{},"end":{}}],"line":62},"9":{"loc":{"start":{"line":64,"column":50},"end":{"line":64,"column":91}},"type":"if","locations":[{"start":{"line":64,"column":50},"end":{"line":64,"column":91}},{"start":{},"end":{}}],"line":64},"10":{"loc":{"start":{"line":72,"column":12},"end":{"line":72,"column":113}},"type":"if","locations":[{"start":{"line":72,"column":12},"end":{"line":72,"column":113}},{"start":{},"end":{}}],"line":72},"11":{"loc":{"start":{"line":72,"column":46},"end":{"line":72,"column":111}},"type":"binary-expr","locations":[{"start":{"line":72,"column":46},"end":{"line":72,"column":62}},{"start":{"line":72,"column":66},"end":{"line":72,"column":80}},{"start":{"line":72,"column":84},"end":{"line":72,"column":111}}],"line":72},"12":{"loc":{"start":{"line":87,"column":8},"end":{"line":90,"column":9}},"type":"if","locations":[{"start":{"line":87,"column":8},"end":{"line":90,"column":9}},{"start":{},"end":{}}],"line":87},"13":{"loc":{"start":{"line":92,"column":20},"end":{"line":92,"column":102}},"type":"cond-expr","locations":[{"start":{"line":92,"column":42},"end":{"line":92,"column":82}},{"start":{"line":92,"column":85},"end":{"line":92,"column":102}}],"line":92},"14":{"loc":{"start":{"line":93,"column":23},"end":{"line":93,"column":59}},"type":"cond-expr","locations":[{"start":{"line":93,"column":45},"end":{"line":93,"column":50}},{"start":{"line":93,"column":53},"end":{"line":93,"column":59}}],"line":93},"15":{"loc":{"start":{"line":105,"column":12},"end":{"line":108,"column":13}},"type":"if","locations":[{"start":{"line":105,"column":12},"end":{"line":108,"column":13}},{"start":{},"end":{}}],"line":105},"16":{"loc":{"start":{"line":107,"column":32},"end":{"line":107,"column":98}},"type":"binary-expr","locations":[{"start":{"line":107,"column":32},"end":{"line":107,"column":43}},{"start":{"line":107,"column":47},"end":{"line":107,"column":56}},{"start":{"line":107,"column":60},"end":{"line":107,"column":98}}],"line":107},"17":{"loc":{"start":{"line":112,"column":25},"end":{"line":112,"column":70}},"type":"cond-expr","locations":[{"start":{"line":112,"column":47},"end":{"line":112,"column":59}},{"start":{"line":112,"column":62},"end":{"line":112,"column":70}}],"line":112},"18":{"loc":{"start":{"line":123,"column":8},"end":{"line":123,"column":89}},"type":"if","locations":[{"start":{"line":123,"column":8},"end":{"line":123,"column":89}},{"start":{},"end":{}}],"line":123},"19":{"loc":{"start":{"line":130,"column":12},"end":{"line":133,"column":13}},"type":"if","locations":[{"start":{"line":130,"column":12},"end":{"line":133,"column":13}},{"start":{},"end":{}}],"line":130},"20":{"loc":{"start":{"line":132,"column":32},"end":{"line":132,"column":98}},"type":"binary-expr","locations":[{"start":{"line":132,"column":32},"end":{"line":132,"column":43}},{"start":{"line":132,"column":47},"end":{"line":132,"column":56}},{"start":{"line":132,"column":60},"end":{"line":132,"column":98}}],"line":132},"21":{"loc":{"start":{"line":137,"column":25},"end":{"line":137,"column":65}},"type":"cond-expr","locations":[{"start":{"line":137,"column":42},"end":{"line":137,"column":51}},{"start":{"line":137,"column":54},"end":{"line":137,"column":65}}],"line":137},"22":{"loc":{"start":{"line":146,"column":8},"end":{"line":146,"column":105}},"type":"if","locations":[{"start":{"line":146,"column":8},"end":{"line":146,"column":105}},{"start":{},"end":{}}],"line":146},"23":{"loc":{"start":{"line":151,"column":12},"end":{"line":154,"column":13}},"type":"if","locations":[{"start":{"line":151,"column":12},"end":{"line":154,"column":13}},{"start":{},"end":{}}],"line":151},"24":{"loc":{"start":{"line":156,"column":12},"end":{"line":159,"column":13}},"type":"if","locations":[{"start":{"line":156,"column":12},"end":{"line":159,"column":13}},{"start":{},"end":{}}],"line":156},"25":{"loc":{"start":{"line":158,"column":32},"end":{"line":158,"column":108}},"type":"binary-expr","locations":[{"start":{"line":158,"column":32},"end":{"line":158,"column":48}},{"start":{"line":158,"column":52},"end":{"line":158,"column":66}},{"start":{"line":158,"column":70},"end":{"line":158,"column":108}}],"line":158}},"s":{"0":13,"1":91,"2":91,"3":91,"4":91,"5":91,"6":91,"7":24,"8":24,"9":0,"10":24,"11":24,"12":18,"13":24,"14":24,"15":24,"16":24,"17":24,"18":13,"19":13,"20":13,"21":1,"22":1,"23":1,"24":1,"25":91,"26":91,"27":1,"28":1,"29":1,"30":91,"31":12,"32":12,"33":12,"34":91,"35":91,"36":87,"37":5,"38":5,"39":5,"40":5,"41":4,"42":91,"43":91,"44":91,"45":91,"46":91,"47":91,"48":91,"49":57,"50":6,"51":91,"52":1,"53":1,"54":1,"55":1,"56":1,"57":1,"58":0,"59":0,"60":0,"61":1,"62":91,"63":20,"64":20,"65":20,"66":13,"67":13,"68":7,"69":7,"70":7,"71":7,"72":7,"73":7,"74":7,"75":1,"76":1,"77":0,"78":0,"79":0,"80":7,"81":7,"82":91,"83":2,"84":0,"85":2,"86":2,"87":2,"88":2,"89":1,"90":1,"91":1,"92":1,"93":1,"94":1,"95":91,"96":2,"97":1,"98":1,"99":1,"100":1,"101":0,"102":0,"103":1,"104":1,"105":1,"106":0,"107":1},"f":{"0":91,"1":24,"2":13,"3":1,"4":1,"5":12,"6":5,"7":57,"8":1,"9":20,"10":2,"11":2},"b":{"0":[10],"1":[0,24],"2":[18,6],"3":[13,0],"4":[0],"5":[1,90],"6":[87,4],"7":[91,0],"8":[91,0],"9":[6,51],"10":[1,0],"11":[1,0,0],"12":[13,7],"13":[0,7],"14":[0,7],"15":[1,0],"16":[1,1,0],"17":[0,0],"18":[0,2],"19":[1,1],"20":[1,1,0],"21":[0,1],"22":[1,1],"23":[0,1],"24":[1,0],"25":[1,0,0]},"_coverageSchema":"1a1c01bbd47fc00a2c39e90264f33305004495a9","hash":"b833e243fe6c26262b4879eae3acd94f09434f92"}
,"E:\\Projetos VSCODE\\Refatoracao\\app\\static\\js\\consultas.js": {"path":"E:\\Projetos VSCODE\\Refatoracao\\app\\static\\js\\consultas.js","statementMap":{"0":{"start":{"line":1,"column":0},"end":{"line":165,"column":3}},"1":{"start":{"line":3,"column":31},"end":{"line":3,"column":71}},"2":{"start":{"line":4,"column":35},"end":{"line":4,"column":86}},"3":{"start":{"line":5,"column":32},"end":{"line":5,"column":73}},"4":{"start":{"line":6,"column":31},"end":{"line":6,"column":78}},"5":{"start":{"line":7,"column":25},"end":{"line":7,"column":65}},"6":{"start":{"line":8,"column":27},"end":{"line":8,"column":69}},"7":{"start":{"line":11,"column":8},"end":{"line":13,"column":9}},"8":{"start":{"line":12,"column":12},"end":{"line":12,"column":37}},"9":{"start":{"line":14,"column":8},"end":{"line":14,"column":41}},"10":{"start":{"line":14,"column":28},"end":{"line":14,"column":41}},"11":{"start":{"line":15,"column":8},"end":{"line":15,"column":42}},"12":{"start":{"line":15,"column":29},"end":{"line":15,"column":42}},"13":{"start":{"line":16,"column":8},"end":{"line":16,"column":64}},"14":{"start":{"line":16,"column":51},"end":{"line":16,"column":64}},"15":{"start":{"line":17,"column":8},"end":{"line":17,"column":21}},"16":{"start":{"line":21,"column":8},"end":{"line":25,"column":9}},"17":{"start":{"line":22,"column":30},"end":{"line":22,"column":80}},"18":{"start":{"line":23,"column":37},"end":{"line":23,"column":66}},"19":{"start":{"line":24,"column":12},"end":{"line":24,"column":92}},"20":{"start":{"line":26,"column":8},"end":{"line":26,"column":21}},"21":{"start":{"line":30,"column":22},"end":{"line":30,"column":28}},"22":{"start":{"line":31,"column":8},"end":{"line":36,"column":11}},"23":{"start":{"line":32,"column":24},"end":{"line":32,"column":37}},"24":{"start":{"line":33,"column":12},"end":{"line":33,"column":46}},"25":{"start":{"line":34,"column":12},"end":{"line":34,"column":48}},"26":{"start":{"line":35,"column":12},"end":{"line":35,"column":43}},"27":{"start":{"line":37,"column":8},"end":{"line":37,"column":27}},"28":{"start":{"line":38,"column":8},"end":{"line":38,"column":23}},"29":{"start":{"line":41,"column":23},"end":{"line":75,"column":5}},"30":{"start":{"line":46,"column":63},"end":{"line":46,"column":153}},"31":{"start":{"line":53,"column":37},"end":{"line":53,"column":115}},"32":{"start":{"line":54,"column":17},"end":{"line":54,"column":82}},"33":{"start":{"line":62,"column":37},"end":{"line":62,"column":115}},"34":{"start":{"line":63,"column":17},"end":{"line":63,"column":82}},"35":{"start":{"line":71,"column":37},"end":{"line":71,"column":115}},"36":{"start":{"line":72,"column":17},"end":{"line":72,"column":82}},"37":{"start":{"line":77,"column":4},"end":{"line":113,"column":7}},"38":{"start":{"line":78,"column":21},"end":{"line":78,"column":31}},"39":{"start":{"line":79,"column":8},"end":{"line":79,"column":82}},"40":{"start":{"line":80,"column":8},"end":{"line":80,"column":44}},"41":{"start":{"line":82,"column":8},"end":{"line":85,"column":9}},"42":{"start":{"line":83,"column":12},"end":{"line":83,"column":58}},"43":{"start":{"line":84,"column":12},"end":{"line":84,"column":19}},"44":{"start":{"line":87,"column":23},"end":{"line":87,"column":44}},"45":{"start":{"line":88,"column":8},"end":{"line":92,"column":9}},"46":{"start":{"line":89,"column":12},"end":{"line":89,"column":78}},"47":{"start":{"line":90,"column":12},"end":{"line":90,"column":58}},"48":{"start":{"line":91,"column":12},"end":{"line":91,"column":19}},"49":{"start":{"line":94,"column":8},"end":{"line":94,"column":94}},"50":{"start":{"line":95,"column":8},"end":{"line":95,"column":55}},"51":{"start":{"line":97,"column":8},"end":{"line":112,"column":9}},"52":{"start":{"line":98,"column":29},"end":{"line":98,"column":76}},"53":{"start":{"line":99,"column":25},"end":{"line":99,"column":46}},"54":{"start":{"line":101,"column":12},"end":{"line":101,"column":102}},"55":{"start":{"line":101,"column":30},"end":{"line":101,"column":102}},"56":{"start":{"line":103,"column":12},"end":{"line":103,"column":103}},"57":{"start":{"line":104,"column":12},"end":{"line":106,"column":15}},"58":{"start":{"line":105,"column":16},"end":{"line":105,"column":101}},"59":{"start":{"line":107,"column":12},"end":{"line":107,"column":49}},"60":{"start":{"line":110,"column":12},"end":{"line":110,"column":89}},"61":{"start":{"line":111,"column":12},"end":{"line":111,"column":33}},"62":{"start":{"line":115,"column":4},"end":{"line":135,"column":7}},"63":{"start":{"line":116,"column":8},"end":{"line":116,"column":31}},"64":{"start":{"line":117,"column":21},"end":{"line":117,"column":45}},"65":{"start":{"line":118,"column":22},"end":{"line":118,"column":47}},"66":{"start":{"line":120,"column":8},"end":{"line":120,"column":40}},"67":{"start":{"line":120,"column":31},"end":{"line":120,"column":38}},"68":{"start":{"line":122,"column":8},"end":{"line":122,"column":135}},"69":{"start":{"line":124,"column":8},"end":{"line":134,"column":9}},"70":{"start":{"line":125,"column":29},"end":{"line":125,"column":86}},"71":{"start":{"line":126,"column":25},"end":{"line":126,"column":46}},"72":{"start":{"line":128,"column":12},"end":{"line":128,"column":95}},"73":{"start":{"line":128,"column":30},"end":{"line":128,"column":95}},"74":{"start":{"line":130,"column":12},"end":{"line":130,"column":39}},"75":{"start":{"line":133,"column":12},"end":{"line":133,"column":96}},"76":{"start":{"line":139,"column":27},"end":{"line":139,"column":42}},"77":{"start":{"line":141,"column":8},"end":{"line":144,"column":9}},"78":{"start":{"line":142,"column":12},"end":{"line":142,"column":113}},"79":{"start":{"line":143,"column":12},"end":{"line":143,"column":19}},"80":{"start":{"line":146,"column":24},"end":{"line":146,"column":45}},"81":{"start":{"line":147,"column":8},"end":{"line":147,"column":166}},"82":{"start":{"line":147,"column":24},"end":{"line":147,"column":156}},"83":{"start":{"line":147,"column":157},"end":{"line":147,"column":164}},"84":{"start":{"line":149,"column":24},"end":{"line":155,"column":9}},"85":{"start":{"line":153,"column":50},"end":{"line":153,"column":72}},"86":{"start":{"line":157,"column":8},"end":{"line":159,"column":11}},"87":{"start":{"line":158,"column":12},"end":{"line":158,"column":51}},"88":{"start":{"line":161,"column":8},"end":{"line":161,"column":52}},"89":{"start":{"line":162,"column":8},"end":{"line":162,"column":45}}},"fnMap":{"0":{"name":"(anonymous_0)","decl":{"start":{"line":1,"column":46},"end":{"line":1,"column":47}},"loc":{"start":{"line":1,"column":57},"end":{"line":165,"column":1}},"line":1},"1":{"name":"formatarValor","decl":{"start":{"line":10,"column":13},"end":{"line":10,"column":26}},"loc":{"start":{"line":10,"column":39},"end":{"line":18,"column":5}},"line":10},"2":{"name":"criarLink","decl":{"start":{"line":20,"column":13},"end":{"line":20,"column":22}},"loc":{"start":{"line":20,"column":41},"end":{"line":27,"column":5}},"line":20},"3":{"name":"criarLinha","decl":{"start":{"line":29,"column":13},"end":{"line":29,"column":23}},"loc":{"start":{"line":29,"column":39},"end":{"line":39,"column":5}},"line":29},"4":{"name":"(anonymous_4)","decl":{"start":{"line":31,"column":24},"end":{"line":31,"column":25}},"loc":{"start":{"line":31,"column":31},"end":{"line":36,"column":9}},"line":31},"5":{"name":"(anonymous_5)","decl":{"start":{"line":46,"column":54},"end":{"line":46,"column":55}},"loc":{"start":{"line":46,"column":63},"end":{"line":46,"column":153}},"line":46},"6":{"name":"(anonymous_6)","decl":{"start":{"line":52,"column":63},"end":{"line":52,"column":64}},"loc":{"start":{"line":52,"column":72},"end":{"line":55,"column":13}},"line":52},"7":{"name":"(anonymous_7)","decl":{"start":{"line":61,"column":64},"end":{"line":61,"column":65}},"loc":{"start":{"line":61,"column":73},"end":{"line":64,"column":13}},"line":61},"8":{"name":"(anonymous_8)","decl":{"start":{"line":70,"column":64},"end":{"line":70,"column":65}},"loc":{"start":{"line":70,"column":73},"end":{"line":73,"column":13}},"line":70},"9":{"name":"(anonymous_9)","decl":{"start":{"line":77,"column":50},"end":{"line":77,"column":51}},"loc":{"start":{"line":77,"column":67},"end":{"line":113,"column":5}},"line":77},"10":{"name":"(anonymous_10)","decl":{"start":{"line":104,"column":25},"end":{"line":104,"column":26}},"loc":{"start":{"line":104,"column":33},"end":{"line":106,"column":13}},"line":104},"11":{"name":"(anonymous_11)","decl":{"start":{"line":115,"column":44},"end":{"line":115,"column":45}},"loc":{"start":{"line":115,"column":66},"end":{"line":135,"column":5}},"line":115},"12":{"name":"renderizarResultados","decl":{"start":{"line":137,"column":13},"end":{"line":137,"column":33}},"loc":{"start":{"line":137,"column":40},"end":{"line":163,"column":5}},"line":137},"13":{"name":"(anonymous_13)","decl":{"start":{"line":153,"column":45},"end":{"line":153,"column":46}},"loc":{"start":{"line":153,"column":50},"end":{"line":153,"column":72}},"line":153},"14":{"name":"(anonymous_14)","decl":{"start":{"line":157,"column":27},"end":{"line":157,"column":28}},"loc":{"start":{"line":157,"column":35},"end":{"line":159,"column":9}},"line":157}},"branchMap":{"0":{"loc":{"start":{"line":11,"column":8},"end":{"line":13,"column":9}},"type":"if","locations":[{"start":{"line":11,"column":8},"end":{"line":13,"column":9}},{"start":{},"end":{}}],"line":11},"1":{"loc":{"start":{"line":11,"column":12},"end":{"line":11,"column":58}},"type":"binary-expr","locations":[{"start":{"line":11,"column":12},"end":{"line":11,"column":22}},{"start":{"line":11,"column":26},"end":{"line":11,"column":58}}],"line":11},"2":{"loc":{"start":{"line":14,"column":8},"end":{"line":14,"column":41}},"type":"if","locations":[{"start":{"line":14,"column":8},"end":{"line":14,"column":41}},{"start":{},"end":{}}],"line":14},"3":{"loc":{"start":{"line":15,"column":8},"end":{"line":15,"column":42}},"type":"if","locations":[{"start":{"line":15,"column":8},"end":{"line":15,"column":42}},{"start":{},"end":{}}],"line":15},"4":{"loc":{"start":{"line":16,"column":8},"end":{"line":16,"column":64}},"type":"if","locations":[{"start":{"line":16,"column":8},"end":{"line":16,"column":64}},{"start":{},"end":{}}],"line":16},"5":{"loc":{"start":{"line":16,"column":12},"end":{"line":16,"column":49}},"type":"binary-expr","locations":[{"start":{"line":16,"column":12},"end":{"line":16,"column":26}},{"start":{"line":16,"column":30},"end":{"line":16,"column":49}}],"line":16},"6":{"loc":{"start":{"line":21,"column":8},"end":{"line":25,"column":9}},"type":"if","locations":[{"start":{"line":21,"column":8},"end":{"line":25,"column":9}},{"start":{},"end":{}}],"line":21},"7":{"loc":{"start":{"line":22,"column":30},"end":{"line":22,"column":80}},"type":"cond-expr","locations":[{"start":{"line":22,"column":54},"end":{"line":22,"column":61}},{"start":{"line":22,"column":64},"end":{"line":22,"column":80}}],"line":22},"8":{"loc":{"start":{"line":46,"column":92},"end":{"line":46,"column":114}},"type":"cond-expr","locations":[{"start":{"line":46,"column":98},"end":{"line":46,"column":105}},{"start":{"line":46,"column":108},"end":{"line":46,"column":114}}],"line":46},"9":{"loc":{"start":{"line":46,"column":119},"end":{"line":46,"column":144}},"type":"cond-expr","locations":[{"start":{"line":46,"column":125},"end":{"line":46,"column":132}},{"start":{"line":46,"column":135},"end":{"line":46,"column":144}}],"line":46},"10":{"loc":{"start":{"line":53,"column":37},"end":{"line":53,"column":115}},"type":"cond-expr","locations":[{"start":{"line":53,"column":58},"end":{"line":53,"column":65}},{"start":{"line":53,"column":69},"end":{"line":53,"column":114}}],"line":53},"11":{"loc":{"start":{"line":53,"column":69},"end":{"line":53,"column":114}},"type":"cond-expr","locations":[{"start":{"line":53,"column":97},"end":{"line":53,"column":105}},{"start":{"line":53,"column":108},"end":{"line":53,"column":114}}],"line":53},"12":{"loc":{"start":{"line":62,"column":37},"end":{"line":62,"column":115}},"type":"cond-expr","locations":[{"start":{"line":62,"column":58},"end":{"line":62,"column":65}},{"start":{"line":62,"column":69},"end":{"line":62,"column":114}}],"line":62},"13":{"loc":{"start":{"line":62,"column":69},"end":{"line":62,"column":114}},"type":"cond-expr","locations":[{"start":{"line":62,"column":97},"end":{"line":62,"column":105}},{"start":{"line":62,"column":108},"end":{"line":62,"column":114}}],"line":62},"14":{"loc":{"start":{"line":71,"column":37},"end":{"line":71,"column":115}},"type":"cond-expr","locations":[{"start":{"line":71,"column":58},"end":{"line":71,"column":65}},{"start":{"line":71,"column":69},"end":{"line":71,"column":114}}],"line":71},"15":{"loc":{"start":{"line":71,"column":69},"end":{"line":71,"column":114}},"type":"cond-expr","locations":[{"start":{"line":71,"column":97},"end":{"line":71,"column":105}},{"start":{"line":71,"column":108},"end":{"line":71,"column":114}}],"line":71},"16":{"loc":{"start":{"line":82,"column":8},"end":{"line":85,"column":9}},"type":"if","locations":[{"start":{"line":82,"column":8},"end":{"line":85,"column":9}},{"start":{},"end":{}}],"line":82},"17":{"loc":{"start":{"line":88,"column":8},"end":{"line":92,"column":9}},"type":"if","locations":[{"start":{"line":88,"column":8},"end":{"line":92,"column":9}},{"start":{},"end":{}}],"line":88},"18":{"loc":{"start":{"line":94,"column":39},"end":{"line":94,"column":93}},"type":"binary-expr","locations":[{"start":{"line":94,"column":39},"end":{"line":94,"column":51}},{"start":{"line":94,"column":55},"end":{"line":94,"column":93}}],"line":94},"19":{"loc":{"start":{"line":101,"column":12},"end":{"line":101,"column":102}},"type":"if","locations":[{"start":{"line":101,"column":12},"end":{"line":101,"column":102}},{"start":{},"end":{}}],"line":101},"20":{"loc":{"start":{"line":101,"column":46},"end":{"line":101,"column":100}},"type":"binary-expr","locations":[{"start":{"line":101,"column":46},"end":{"line":101,"column":57}},{"start":{"line":101,"column":61},"end":{"line":101,"column":70}},{"start":{"line":101,"column":74},"end":{"line":101,"column":100}}],"line":101},"21":{"loc":{"start":{"line":120,"column":8},"end":{"line":120,"column":40}},"type":"if","locations":[{"start":{"line":120,"column":8},"end":{"line":120,"column":40}},{"start":{},"end":{}}],"line":120},"22":{"loc":{"start":{"line":120,"column":12},"end":{"line":120,"column":27}},"type":"binary-expr","locations":[{"start":{"line":120,"column":12},"end":{"line":120,"column":17}},{"start":{"line":120,"column":21},"end":{"line":120,"column":27}}],"line":120},"23":{"loc":{"start":{"line":128,"column":12},"end":{"line":128,"column":95}},"type":"if","locations":[{"start":{"line":128,"column":12},"end":{"line":128,"column":95}},{"start":{},"end":{}}],"line":128},"24":{"loc":{"start":{"line":128,"column":46},"end":{"line":128,"column":93}},"type":"binary-expr","locations":[{"start":{"line":128,"column":46},"end":{"line":128,"column":57}},{"start":{"line":128,"column":61},"end":{"line":128,"column":70}},{"start":{"line":128,"column":74},"end":{"line":128,"column":93}}],"line":128},"25":{"loc":{"start":{"line":141,"column":8},"end":{"line":144,"column":9}},"type":"if","locations":[{"start":{"line":141,"column":8},"end":{"line":144,"column":9}},{"start":{},"end":{}}],"line":141},"26":{"loc":{"start":{"line":141,"column":12},"end":{"line":141,"column":50}},"type":"binary-expr","locations":[{"start":{"line":141,"column":12},"end":{"line":141,"column":23}},{"start":{"line":141,"column":27},"end":{"line":141,"column":50}}],"line":141},"27":{"loc":{"start":{"line":147,"column":8},"end":{"line":147,"column":166}},"type":"if","locations":[{"start":{"line":147,"column":8},"end":{"line":147,"column":166}},{"start":{},"end":{}}],"line":147},"28":{"loc":{"start":{"line":151,"column":22},"end":{"line":151,"column":61}},"type":"binary-expr","locations":[{"start":{"line":151,"column":22},"end":{"line":151,"column":33}},{"start":{"line":151,"column":37},"end":{"line":151,"column":61}}],"line":151}},"s":{"0":7,"1":28,"2":28,"3":28,"4":28,"5":28,"6":28,"7":16,"8":4,"9":12,"10":0,"11":12,"12":0,"13":12,"14":6,"15":6,"16":16,"17":4,"18":4,"19":4,"20":12,"21":4,"22":4,"23":16,"24":16,"25":16,"26":16,"27":4,"28":4,"29":28,"30":1,"31":3,"32":3,"33":0,"34":0,"35":0,"36":0,"37":28,"38":6,"39":6,"40":6,"41":6,"42":0,"43":0,"44":6,"45":6,"46":3,"47":3,"48":3,"49":3,"50":3,"51":3,"52":3,"53":3,"54":2,"55":1,"56":1,"57":1,"58":2,"59":1,"60":2,"61":2,"62":28,"63":22,"64":22,"65":22,"66":22,"67":0,"68":22,"69":22,"70":22,"71":22,"72":4,"73":1,"74":3,"75":19,"76":3,"77":3,"78":1,"79":1,"80":2,"81":2,"82":0,"83":0,"84":2,"85":8,"86":2,"87":4,"88":2,"89":2},"f":{"0":28,"1":16,"2":16,"3":4,"4":16,"5":1,"6":3,"7":0,"8":0,"9":6,"10":2,"11":22,"12":3,"13":8,"14":4},"b":{"0":[4,12],"1":[16,4],"2":[0,12],"3":[0,12],"4":[6,6],"5":[12,12],"6":[4,12],"7":[4,0],"8":[1,0],"9":[1,0],"10":[1,2],"11":[1,1],"12":[0,0],"13":[0,0],"14":[0,0],"15":[0,0],"16":[0,6],"17":[3,3],"18":[3,0],"19":[1,1],"20":[1,1,0],"21":[0,22],"22":[22,22],"23":[1,3],"24":[1,1,0],"25":[1,2],"26":[3,3],"27":[0,2],"28":[2,0]},"_coverageSchema":"1a1c01bbd47fc00a2c39e90264f33305004495a9","hash":"72f652f4d5c03269954058209b5f7a65c4eeeb33"}
,"E:\\Projetos VSCODE\\Refatoracao\\app\\static\\js\\detalhe_contrato.js": {"path":"E:\\Projetos VSCODE\\Refatoracao\\app\\static\\js\\detalhe_contrato.js","statementMap":{"0":{"start":{"line":1,"column":0},"end":{"line":292,"column":3}},"1":{"start":{"line":3,"column":26},"end":{"line":3,"column":72}},"2":{"start":{"line":4,"column":21},"end":{"line":4,"column":57}},"3":{"start":{"line":5,"column":27},"end":{"line":5,"column":70}},"4":{"start":{"line":6,"column":29},"end":{"line":6,"column":87}},"5":{"start":{"line":7,"column":23},"end":{"line":7,"column":76}},"6":{"start":{"line":9,"column":25},"end":{"line":9,"column":29}},"7":{"start":{"line":12,"column":29},"end":{"line":12,"column":82}},"8":{"start":{"line":13,"column":8},"end":{"line":13,"column":47}},"9":{"start":{"line":13,"column":25},"end":{"line":13,"column":47}},"10":{"start":{"line":15,"column":25},"end":{"line":15,"column":84}},"11":{"start":{"line":16,"column":8},"end":{"line":16,"column":39}},"12":{"start":{"line":16,"column":21},"end":{"line":16,"column":39}},"13":{"start":{"line":18,"column":32},"end":{"line":18,"column":61}},"14":{"start":{"line":19,"column":8},"end":{"line":19,"column":59}},"15":{"start":{"line":20,"column":8},"end":{"line":20,"column":46}},"16":{"start":{"line":21,"column":8},"end":{"line":21,"column":50}},"17":{"start":{"line":22,"column":8},"end":{"line":27,"column":17}},"18":{"start":{"line":23,"column":12},"end":{"line":26,"column":13}},"19":{"start":{"line":24,"column":16},"end":{"line":24,"column":52}},"20":{"start":{"line":25,"column":16},"end":{"line":25,"column":98}},"21":{"start":{"line":25,"column":72},"end":{"line":25,"column":96}},"22":{"start":{"line":31,"column":8},"end":{"line":31,"column":63}},"23":{"start":{"line":32,"column":8},"end":{"line":32,"column":57}},"24":{"start":{"line":33,"column":8},"end":{"line":33,"column":26}},"25":{"start":{"line":37,"column":8},"end":{"line":37,"column":27}},"26":{"start":{"line":37,"column":18},"end":{"line":37,"column":27}},"27":{"start":{"line":38,"column":27},"end":{"line":38,"column":73}},"28":{"start":{"line":39,"column":20},"end":{"line":39,"column":42}},"29":{"start":{"line":40,"column":8},"end":{"line":42,"column":9}},"30":{"start":{"line":41,"column":12},"end":{"line":41,"column":102}},"31":{"start":{"line":43,"column":8},"end":{"line":43,"column":19}},"32":{"start":{"line":46,"column":16},"end":{"line":46,"column":61}},"33":{"start":{"line":47,"column":4},"end":{"line":51,"column":5}},"34":{"start":{"line":48,"column":8},"end":{"line":48,"column":74}},"35":{"start":{"line":49,"column":8},"end":{"line":49,"column":57}},"36":{"start":{"line":50,"column":8},"end":{"line":50,"column":54}},"37":{"start":{"line":53,"column":26},"end":{"line":53,"column":68}},"38":{"start":{"line":54,"column":4},"end":{"line":63,"column":5}},"39":{"start":{"line":55,"column":8},"end":{"line":62,"column":11}},"40":{"start":{"line":56,"column":12},"end":{"line":56,"column":34}},"41":{"start":{"line":57,"column":12},"end":{"line":57,"column":61}},"42":{"start":{"line":58,"column":12},"end":{"line":58,"column":29}},"43":{"start":{"line":59,"column":29},"end":{"line":59,"column":67}},"44":{"start":{"line":60,"column":12},"end":{"line":60,"column":70}},"45":{"start":{"line":61,"column":12},"end":{"line":61,"column":100}},"46":{"start":{"line":61,"column":28},"end":{"line":61,"column":98}},"47":{"start":{"line":65,"column":4},"end":{"line":91,"column":6}},"48":{"start":{"line":66,"column":8},"end":{"line":66,"column":28}},"49":{"start":{"line":67,"column":8},"end":{"line":90,"column":9}},"50":{"start":{"line":68,"column":29},"end":{"line":68,"column":60}},"51":{"start":{"line":69,"column":25},"end":{"line":69,"column":46}},"52":{"start":{"line":70,"column":12},"end":{"line":70,"column":97}},"53":{"start":{"line":70,"column":30},"end":{"line":70,"column":97}},"54":{"start":{"line":72,"column":12},"end":{"line":72,"column":53}},"55":{"start":{"line":74,"column":12},"end":{"line":84,"column":13}},"56":{"start":{"line":75,"column":16},"end":{"line":83,"column":17}},"57":{"start":{"line":76,"column":20},"end":{"line":76,"column":79}},"58":{"start":{"line":78,"column":21},"end":{"line":83,"column":17}},"59":{"start":{"line":79,"column":20},"end":{"line":79,"column":153}},"60":{"start":{"line":81,"column":21},"end":{"line":83,"column":17}},"61":{"start":{"line":82,"column":20},"end":{"line":82,"column":61}},"62":{"start":{"line":86,"column":12},"end":{"line":86,"column":50}},"63":{"start":{"line":87,"column":12},"end":{"line":87,"column":82}},"64":{"start":{"line":89,"column":12},"end":{"line":89,"column":70}},"65":{"start":{"line":93,"column":4},"end":{"line":156,"column":7}},"66":{"start":{"line":94,"column":8},"end":{"line":94,"column":31}},"67":{"start":{"line":96,"column":26},"end":{"line":96,"column":78}},"68":{"start":{"line":99,"column":29},"end":{"line":99,"column":72}},"69":{"start":{"line":100,"column":8},"end":{"line":100,"column":37}},"70":{"start":{"line":101,"column":8},"end":{"line":101,"column":91}},"71":{"start":{"line":103,"column":8},"end":{"line":112,"column":9}},"72":{"start":{"line":104,"column":12},"end":{"line":104,"column":75}},"73":{"start":{"line":105,"column":12},"end":{"line":105,"column":74}},"74":{"start":{"line":108,"column":12},"end":{"line":108,"column":40}},"75":{"start":{"line":109,"column":12},"end":{"line":109,"column":42}},"76":{"start":{"line":110,"column":12},"end":{"line":110,"column":46}},"77":{"start":{"line":111,"column":12},"end":{"line":111,"column":19}},"78":{"start":{"line":114,"column":24},"end":{"line":124,"column":9}},"79":{"start":{"line":126,"column":20},"end":{"line":126,"column":82}},"80":{"start":{"line":127,"column":23},"end":{"line":127,"column":54}},"81":{"start":{"line":129,"column":8},"end":{"line":155,"column":9}},"82":{"start":{"line":130,"column":29},"end":{"line":134,"column":14}},"83":{"start":{"line":136,"column":12},"end":{"line":139,"column":13}},"84":{"start":{"line":137,"column":30},"end":{"line":137,"column":51}},"85":{"start":{"line":138,"column":17},"end":{"line":138,"column":88}},"86":{"start":{"line":141,"column":25},"end":{"line":141,"column":46}},"87":{"start":{"line":143,"column":12},"end":{"line":143,"column":49}},"88":{"start":{"line":144,"column":12},"end":{"line":144,"column":29}},"89":{"start":{"line":145,"column":12},"end":{"line":145,"column":34}},"90":{"start":{"line":147,"column":25},"end":{"line":147,"column":69}},"91":{"start":{"line":148,"column":12},"end":{"line":148,"column":95}},"92":{"start":{"line":151,"column":12},"end":{"line":151,"column":70}},"93":{"start":{"line":153,"column":12},"end":{"line":153,"column":42}},"94":{"start":{"line":154,"column":12},"end":{"line":154,"column":46}},"95":{"start":{"line":158,"column":4},"end":{"line":178,"column":5}},"96":{"start":{"line":159,"column":8},"end":{"line":159,"column":109}},"97":{"start":{"line":159,"column":102},"end":{"line":159,"column":109}},"98":{"start":{"line":161,"column":31},"end":{"line":161,"column":47}},"99":{"start":{"line":163,"column":8},"end":{"line":177,"column":9}},"100":{"start":{"line":164,"column":29},"end":{"line":164,"column":115}},"101":{"start":{"line":166,"column":12},"end":{"line":169,"column":13}},"102":{"start":{"line":167,"column":29},"end":{"line":167,"column":50}},"103":{"start":{"line":168,"column":16},"end":{"line":168,"column":86}},"104":{"start":{"line":171,"column":25},"end":{"line":171,"column":46}},"105":{"start":{"line":172,"column":25},"end":{"line":172,"column":65}},"106":{"start":{"line":174,"column":12},"end":{"line":174,"column":105}},"107":{"start":{"line":176,"column":12},"end":{"line":176,"column":73}},"108":{"start":{"line":180,"column":4},"end":{"line":200,"column":5}},"109":{"start":{"line":181,"column":8},"end":{"line":181,"column":100}},"110":{"start":{"line":181,"column":93},"end":{"line":181,"column":100}},"111":{"start":{"line":182,"column":8},"end":{"line":199,"column":9}},"112":{"start":{"line":183,"column":29},"end":{"line":183,"column":82}},"113":{"start":{"line":185,"column":12},"end":{"line":188,"column":13}},"114":{"start":{"line":186,"column":16},"end":{"line":186,"column":79}},"115":{"start":{"line":187,"column":16},"end":{"line":187,"column":23}},"116":{"start":{"line":190,"column":12},"end":{"line":193,"column":13}},"117":{"start":{"line":191,"column":34},"end":{"line":191,"column":55}},"118":{"start":{"line":192,"column":16},"end":{"line":192,"column":90}},"119":{"start":{"line":195,"column":12},"end":{"line":195,"column":63}},"120":{"start":{"line":198,"column":12},"end":{"line":198,"column":71}},"121":{"start":{"line":202,"column":4},"end":{"line":224,"column":5}},"122":{"start":{"line":203,"column":31},"end":{"line":203,"column":105}},"123":{"start":{"line":204,"column":8},"end":{"line":204,"column":45}},"124":{"start":{"line":204,"column":38},"end":{"line":204,"column":45}},"125":{"start":{"line":206,"column":8},"end":{"line":223,"column":9}},"126":{"start":{"line":207,"column":29},"end":{"line":207,"column":88}},"127":{"start":{"line":209,"column":12},"end":{"line":212,"column":13}},"128":{"start":{"line":210,"column":17},"end":{"line":210,"column":81}},"129":{"start":{"line":211,"column":17},"end":{"line":211,"column":24}},"130":{"start":{"line":214,"column":12},"end":{"line":217,"column":13}},"131":{"start":{"line":215,"column":34},"end":{"line":215,"column":55}},"132":{"start":{"line":216,"column":16},"end":{"line":216,"column":95}},"133":{"start":{"line":219,"column":12},"end":{"line":219,"column":76}},"134":{"start":{"line":222,"column":12},"end":{"line":222,"column":72}},"135":{"start":{"line":226,"column":37},"end":{"line":226,"column":91}},"136":{"start":{"line":227,"column":40},"end":{"line":227,"column":92}},"137":{"start":{"line":229,"column":4},"end":{"line":238,"column":5}},"138":{"start":{"line":230,"column":8},"end":{"line":237,"column":11}},"139":{"start":{"line":231,"column":27},"end":{"line":231,"column":48}},"140":{"start":{"line":232,"column":12},"end":{"line":232,"column":82}},"141":{"start":{"line":233,"column":12},"end":{"line":233,"column":58}},"142":{"start":{"line":234,"column":12},"end":{"line":236,"column":13}},"143":{"start":{"line":235,"column":16},"end":{"line":235,"column":55}},"144":{"start":{"line":240,"column":4},"end":{"line":290,"column":5}},"145":{"start":{"line":241,"column":8},"end":{"line":289,"column":11}},"146":{"start":{"line":242,"column":12},"end":{"line":242,"column":35}},"147":{"start":{"line":244,"column":29},"end":{"line":244,"column":53}},"148":{"start":{"line":245,"column":33},"end":{"line":245,"column":76}},"149":{"start":{"line":247,"column":30},"end":{"line":247,"column":67}},"150":{"start":{"line":248,"column":12},"end":{"line":251,"column":13}},"151":{"start":{"line":249,"column":17},"end":{"line":249,"column":79}},"152":{"start":{"line":250,"column":17},"end":{"line":250,"column":24}},"153":{"start":{"line":252,"column":28},"end":{"line":252,"column":58}},"154":{"start":{"line":253,"column":29},"end":{"line":253,"column":64}},"155":{"start":{"line":254,"column":12},"end":{"line":257,"column":13}},"156":{"start":{"line":255,"column":17},"end":{"line":255,"column":99}},"157":{"start":{"line":256,"column":17},"end":{"line":256,"column":24}},"158":{"start":{"line":258,"column":12},"end":{"line":261,"column":13}},"159":{"start":{"line":259,"column":17},"end":{"line":259,"column":97}},"160":{"start":{"line":260,"column":17},"end":{"line":260,"column":24}},"161":{"start":{"line":263,"column":12},"end":{"line":263,"column":41}},"162":{"start":{"line":264,"column":12},"end":{"line":264,"column":95}},"163":{"start":{"line":266,"column":12},"end":{"line":288,"column":13}},"164":{"start":{"line":267,"column":33},"end":{"line":270,"column":18}},"165":{"start":{"line":272,"column":34},"end":{"line":272,"column":55}},"166":{"start":{"line":274,"column":16},"end":{"line":276,"column":17}},"167":{"start":{"line":275,"column":20},"end":{"line":275,"column":118}},"168":{"start":{"line":278,"column":16},"end":{"line":278,"column":35}},"169":{"start":{"line":279,"column":16},"end":{"line":279,"column":99}},"170":{"start":{"line":279,"column":48},"end":{"line":279,"column":99}},"171":{"start":{"line":281,"column":16},"end":{"line":281,"column":79}},"172":{"start":{"line":284,"column":16},"end":{"line":284,"column":75}},"173":{"start":{"line":286,"column":16},"end":{"line":286,"column":46}},"174":{"start":{"line":287,"column":16},"end":{"line":287,"column":85}}},"fnMap":{"0":{"name":"(anonymous_0)","decl":{"start":{"line":1,"column":46},"end":{"line":1,"column":47}},"loc":{"start":{"line":1,"column":57},"end":{"line":292,"column":1}},"line":1},"1":{"name":"showNotification","decl":{"start":{"line":11,"column":13},"end":{"line":11,"column":29}},"loc":{"start":{"line":11,"column":55},"end":{"line":28,"column":5}},"line":11},"2":{"name":"(anonymous_2)","decl":{"start":{"line":22,"column":19},"end":{"line":22,"column":20}},"loc":{"start":{"line":22,"column":25},"end":{"line":27,"column":9}},"line":22},"3":{"name":"(anonymous_3)","decl":{"start":{"line":25,"column":66},"end":{"line":25,"column":67}},"loc":{"start":{"line":25,"column":72},"end":{"line":25,"column":96}},"line":25},"4":{"name":"reloadPageWithMessage","decl":{"start":{"line":30,"column":13},"end":{"line":30,"column":34}},"loc":{"start":{"line":30,"column":62},"end":{"line":34,"column":5}},"line":30},"5":{"name":"parseBrazilianFloat","decl":{"start":{"line":36,"column":13},"end":{"line":36,"column":32}},"loc":{"start":{"line":36,"column":38},"end":{"line":44,"column":5}},"line":36},"6":{"name":"(anonymous_6)","decl":{"start":{"line":55,"column":48},"end":{"line":55,"column":49}},"loc":{"start":{"line":55,"column":54},"end":{"line":62,"column":9}},"line":55},"7":{"name":"(anonymous_7)","decl":{"start":{"line":65,"column":37},"end":{"line":65,"column":38}},"loc":{"start":{"line":65,"column":51},"end":{"line":91,"column":5}},"line":65},"8":{"name":"(anonymous_8)","decl":{"start":{"line":93,"column":40},"end":{"line":93,"column":41}},"loc":{"start":{"line":93,"column":62},"end":{"line":156,"column":5}},"line":93},"9":{"name":"(anonymous_9)","decl":{"start":{"line":158,"column":30},"end":{"line":158,"column":31}},"loc":{"start":{"line":158,"column":61},"end":{"line":178,"column":5}},"line":158},"10":{"name":"(anonymous_10)","decl":{"start":{"line":180,"column":25},"end":{"line":180,"column":26}},"loc":{"start":{"line":180,"column":39},"end":{"line":200,"column":5}},"line":180},"11":{"name":"(anonymous_11)","decl":{"start":{"line":202,"column":26},"end":{"line":202,"column":27}},"loc":{"start":{"line":202,"column":76},"end":{"line":224,"column":5}},"line":202},"12":{"name":"(anonymous_12)","decl":{"start":{"line":230,"column":60},"end":{"line":230,"column":61}},"loc":{"start":{"line":230,"column":71},"end":{"line":237,"column":9}},"line":230},"13":{"name":"(anonymous_13)","decl":{"start":{"line":241,"column":46},"end":{"line":241,"column":47}},"loc":{"start":{"line":241,"column":68},"end":{"line":289,"column":9}},"line":241}},"branchMap":{"0":{"loc":{"start":{"line":11,"column":39},"end":{"line":11,"column":53}},"type":"default-arg","locations":[{"start":{"line":11,"column":46},"end":{"line":11,"column":53}}],"line":11},"1":{"loc":{"start":{"line":13,"column":8},"end":{"line":13,"column":47}},"type":"if","locations":[{"start":{"line":13,"column":8},"end":{"line":13,"column":47}},{"start":{},"end":{}}],"line":13},"2":{"loc":{"start":{"line":16,"column":8},"end":{"line":16,"column":39}},"type":"if","locations":[{"start":{"line":16,"column":8},"end":{"line":16,"column":39}},{"start":{},"end":{}}],"line":16},"3":{"loc":{"start":{"line":23,"column":12},"end":{"line":26,"column":13}},"type":"if","locations":[{"start":{"line":23,"column":12},"end":{"line":26,"column":13}},{"start":{},"end":{}}],"line":23},"4":{"loc":{"start":{"line":30,"column":44},"end":{"line":30,"column":60}},"type":"default-arg","locations":[{"start":{"line":30,"column":51},"end":{"line":30,"column":60}}],"line":30},"5":{"loc":{"start":{"line":37,"column":8},"end":{"line":37,"column":27}},"type":"if","locations":[{"start":{"line":37,"column":8},"end":{"line":37,"column":27}},{"start":{},"end":{}}],"line":37},"6":{"loc":{"start":{"line":40,"column":8},"end":{"line":42,"column":9}},"type":"if","locations":[{"start":{"line":40,"column":8},"end":{"line":42,"column":9}},{"start":{},"end":{}}],"line":40},"7":{"loc":{"start":{"line":40,"column":12},"end":{"line":40,"column":33}},"type":"binary-expr","locations":[{"start":{"line":40,"column":12},"end":{"line":40,"column":22}},{"start":{"line":40,"column":26},"end":{"line":40,"column":33}}],"line":40},"8":{"loc":{"start":{"line":47,"column":4},"end":{"line":51,"column":5}},"type":"if","locations":[{"start":{"line":47,"column":4},"end":{"line":51,"column":5}},{"start":{},"end":{}}],"line":47},"9":{"loc":{"start":{"line":54,"column":4},"end":{"line":63,"column":5}},"type":"if","locations":[{"start":{"line":54,"column":4},"end":{"line":63,"column":5}},{"start":{},"end":{}}],"line":54},"10":{"loc":{"start":{"line":60,"column":42},"end":{"line":60,"column":69}},"type":"cond-expr","locations":[{"start":{"line":60,"column":53},"end":{"line":60,"column":60}},{"start":{"line":60,"column":63},"end":{"line":60,"column":69}}],"line":60},"11":{"loc":{"start":{"line":61,"column":12},"end":{"line":61,"column":100}},"type":"if","locations":[{"start":{"line":61,"column":12},"end":{"line":61,"column":100}},{"start":{},"end":{}}],"line":61},"12":{"loc":{"start":{"line":70,"column":12},"end":{"line":70,"column":97}},"type":"if","locations":[{"start":{"line":70,"column":12},"end":{"line":70,"column":97}},{"start":{},"end":{}}],"line":70},"13":{"loc":{"start":{"line":70,"column":46},"end":{"line":70,"column":95}},"type":"binary-expr","locations":[{"start":{"line":70,"column":46},"end":{"line":70,"column":57}},{"start":{"line":70,"column":61},"end":{"line":70,"column":70}},{"start":{"line":70,"column":74},"end":{"line":70,"column":95}}],"line":70},"14":{"loc":{"start":{"line":75,"column":16},"end":{"line":83,"column":17}},"type":"if","locations":[{"start":{"line":75,"column":16},"end":{"line":83,"column":17}},{"start":{"line":78,"column":21},"end":{"line":83,"column":17}}],"line":75},"15":{"loc":{"start":{"line":75,"column":20},"end":{"line":75,"column":73}},"type":"binary-expr","locations":[{"start":{"line":75,"column":20},"end":{"line":75,"column":39}},{"start":{"line":75,"column":43},"end":{"line":75,"column":73}}],"line":75},"16":{"loc":{"start":{"line":78,"column":21},"end":{"line":83,"column":17}},"type":"if","locations":[{"start":{"line":78,"column":21},"end":{"line":83,"column":17}},{"start":{"line":81,"column":21},"end":{"line":83,"column":17}}],"line":78},"17":{"loc":{"start":{"line":78,"column":25},"end":{"line":78,"column":101}},"type":"binary-expr","locations":[{"start":{"line":78,"column":26},"end":{"line":78,"column":46}},{"start":{"line":78,"column":50},"end":{"line":78,"column":74}},{"start":{"line":78,"column":79},"end":{"line":78,"column":101}}],"line":78},"18":{"loc":{"start":{"line":81,"column":21},"end":{"line":83,"column":17}},"type":"if","locations":[{"start":{"line":81,"column":21},"end":{"line":83,"column":17}},{"start":{},"end":{}}],"line":81},"19":{"loc":{"start":{"line":116,"column":19},"end":{"line":116,"column":42}},"type":"binary-expr","locations":[{"start":{"line":116,"column":19},"end":{"line":116,"column":34}},{"start":{"line":116,"column":38},"end":{"line":116,"column":42}}],"line":116},"20":{"loc":{"start":{"line":126,"column":20},"end":{"line":126,"column":82}},"type":"cond-expr","locations":[{"start":{"line":126,"column":37},"end":{"line":126,"column":67}},{"start":{"line":126,"column":70},"end":{"line":126,"column":82}}],"line":126},"21":{"loc":{"start":{"line":127,"column":23},"end":{"line":127,"column":54}},"type":"cond-expr","locations":[{"start":{"line":127,"column":40},"end":{"line":127,"column":45}},{"start":{"line":127,"column":48},"end":{"line":127,"column":54}}],"line":127},"22":{"loc":{"start":{"line":136,"column":12},"end":{"line":139,"column":13}},"type":"if","locations":[{"start":{"line":136,"column":12},"end":{"line":139,"column":13}},{"start":{},"end":{}}],"line":136},"23":{"loc":{"start":{"line":138,"column":33},"end":{"line":138,"column":86}},"type":"binary-expr","locations":[{"start":{"line":138,"column":33},"end":{"line":138,"column":44}},{"start":{"line":138,"column":48},"end":{"line":138,"column":57}},{"start":{"line":138,"column":61},"end":{"line":138,"column":86}}],"line":138},"24":{"loc":{"start":{"line":147,"column":25},"end":{"line":147,"column":69}},"type":"cond-expr","locations":[{"start":{"line":147,"column":42},"end":{"line":147,"column":54}},{"start":{"line":147,"column":57},"end":{"line":147,"column":69}}],"line":147},"25":{"loc":{"start":{"line":159,"column":8},"end":{"line":159,"column":109}},"type":"if","locations":[{"start":{"line":159,"column":8},"end":{"line":159,"column":109}},{"start":{},"end":{}}],"line":159},"26":{"loc":{"start":{"line":159,"column":47},"end":{"line":159,"column":86}},"type":"cond-expr","locations":[{"start":{"line":159,"column":65},"end":{"line":159,"column":75}},{"start":{"line":159,"column":78},"end":{"line":159,"column":86}}],"line":159},"27":{"loc":{"start":{"line":166,"column":12},"end":{"line":169,"column":13}},"type":"if","locations":[{"start":{"line":166,"column":12},"end":{"line":169,"column":13}},{"start":{},"end":{}}],"line":166},"28":{"loc":{"start":{"line":168,"column":32},"end":{"line":168,"column":84}},"type":"binary-expr","locations":[{"start":{"line":168,"column":32},"end":{"line":168,"column":43}},{"start":{"line":168,"column":47},"end":{"line":168,"column":56}},{"start":{"line":168,"column":60},"end":{"line":168,"column":84}}],"line":168},"29":{"loc":{"start":{"line":172,"column":25},"end":{"line":172,"column":65}},"type":"cond-expr","locations":[{"start":{"line":172,"column":42},"end":{"line":172,"column":51}},{"start":{"line":172,"column":54},"end":{"line":172,"column":65}}],"line":172},"30":{"loc":{"start":{"line":181,"column":8},"end":{"line":181,"column":100}},"type":"if","locations":[{"start":{"line":181,"column":8},"end":{"line":181,"column":100}},{"start":{},"end":{}}],"line":181},"31":{"loc":{"start":{"line":185,"column":12},"end":{"line":188,"column":13}},"type":"if","locations":[{"start":{"line":185,"column":12},"end":{"line":188,"column":13}},{"start":{},"end":{}}],"line":185},"32":{"loc":{"start":{"line":190,"column":12},"end":{"line":193,"column":13}},"type":"if","locations":[{"start":{"line":190,"column":12},"end":{"line":193,"column":13}},{"start":{},"end":{}}],"line":190},"33":{"loc":{"start":{"line":192,"column":32},"end":{"line":192,"column":88}},"type":"binary-expr","locations":[{"start":{"line":192,"column":32},"end":{"line":192,"column":48}},{"start":{"line":192,"column":52},"end":{"line":192,"column":66}},{"start":{"line":192,"column":70},"end":{"line":192,"column":88}}],"line":192},"34":{"loc":{"start":{"line":204,"column":8},"end":{"line":204,"column":45}},"type":"if","locations":[{"start":{"line":204,"column":8},"end":{"line":204,"column":45}},{"start":{},"end":{}}],"line":204},"35":{"loc":{"start":{"line":209,"column":12},"end":{"line":212,"column":13}},"type":"if","locations":[{"start":{"line":209,"column":12},"end":{"line":212,"column":13}},{"start":{},"end":{}}],"line":209},"36":{"loc":{"start":{"line":214,"column":12},"end":{"line":217,"column":13}},"type":"if","locations":[{"start":{"line":214,"column":12},"end":{"line":217,"column":13}},{"start":{},"end":{}}],"line":214},"37":{"loc":{"start":{"line":216,"column":32},"end":{"line":216,"column":93}},"type":"binary-expr","locations":[{"start":{"line":216,"column":32},"end":{"line":216,"column":48}},{"start":{"line":216,"column":52},"end":{"line":216,"column":66}},{"start":{"line":216,"column":70},"end":{"line":216,"column":93}}],"line":216},"38":{"loc":{"start":{"line":229,"column":4},"end":{"line":238,"column":5}},"type":"if","locations":[{"start":{"line":229,"column":4},"end":{"line":238,"column":5}},{"start":{},"end":{}}],"line":229},"39":{"loc":{"start":{"line":229,"column":8},"end":{"line":229,"column":63}},"type":"binary-expr","locations":[{"start":{"line":229,"column":8},"end":{"line":229,"column":32}},{"start":{"line":229,"column":36},"end":{"line":229,"column":63}}],"line":229},"40":{"loc":{"start":{"line":232,"column":56},"end":{"line":232,"column":81}},"type":"cond-expr","locations":[{"start":{"line":232,"column":65},"end":{"line":232,"column":72}},{"start":{"line":232,"column":75},"end":{"line":232,"column":81}}],"line":232},"41":{"loc":{"start":{"line":234,"column":12},"end":{"line":236,"column":13}},"type":"if","locations":[{"start":{"line":234,"column":12},"end":{"line":236,"column":13}},{"start":{},"end":{}}],"line":234},"42":{"loc":{"start":{"line":240,"column":4},"end":{"line":290,"column":5}},"type":"if","locations":[{"start":{"line":240,"column":4},"end":{"line":290,"column":5}},{"start":{},"end":{}}],"line":240},"43":{"loc":{"start":{"line":248,"column":12},"end":{"line":251,"column":13}},"type":"if","locations":[{"start":{"line":248,"column":12},"end":{"line":251,"column":13}},{"start":{},"end":{}}],"line":248},"44":{"loc":{"start":{"line":248,"column":16},"end":{"line":248,"column":78}},"type":"binary-expr","locations":[{"start":{"line":248,"column":16},"end":{"line":248,"column":26}},{"start":{"line":248,"column":30},"end":{"line":248,"column":46}},{"start":{"line":248,"column":50},"end":{"line":248,"column":78}}],"line":248},"45":{"loc":{"start":{"line":254,"column":12},"end":{"line":257,"column":13}},"type":"if","locations":[{"start":{"line":254,"column":12},"end":{"line":257,"column":13}},{"start":{},"end":{}}],"line":254},"46":{"loc":{"start":{"line":254,"column":16},"end":{"line":254,"column":75}},"type":"binary-expr","locations":[{"start":{"line":254,"column":16},"end":{"line":254,"column":34}},{"start":{"line":254,"column":39},"end":{"line":254,"column":48}},{"start":{"line":254,"column":52},"end":{"line":254,"column":74}}],"line":254},"47":{"loc":{"start":{"line":258,"column":12},"end":{"line":261,"column":13}},"type":"if","locations":[{"start":{"line":258,"column":12},"end":{"line":261,"column":13}},{"start":{},"end":{}}],"line":258},"48":{"loc":{"start":{"line":258,"column":16},"end":{"line":258,"column":50}},"type":"binary-expr","locations":[{"start":{"line":258,"column":16},"end":{"line":258,"column":30}},{"start":{"line":258,"column":34},"end":{"line":258,"column":50}}],"line":258},"49":{"loc":{"start":{"line":274,"column":16},"end":{"line":276,"column":17}},"type":"if","locations":[{"start":{"line":274,"column":16},"end":{"line":276,"column":17}},{"start":{},"end":{}}],"line":274},"50":{"loc":{"start":{"line":275,"column":36},"end":{"line":275,"column":116}},"type":"binary-expr","locations":[{"start":{"line":275,"column":36},"end":{"line":275,"column":52}},{"start":{"line":275,"column":56},"end":{"line":275,"column":70}},{"start":{"line":275,"column":74},"end":{"line":275,"column":116}}],"line":275},"51":{"loc":{"start":{"line":279,"column":16},"end":{"line":279,"column":99}},"type":"if","locations":[{"start":{"line":279,"column":16},"end":{"line":279,"column":99}},{"start":{},"end":{}}],"line":279}},"s":{"0":13,"1":91,"2":91,"3":91,"4":91,"5":91,"6":91,"7":39,"8":39,"9":0,"10":39,"11":39,"12":31,"13":39,"14":39,"15":39,"16":39,"17":39,"18":0,"19":0,"20":0,"21":0,"22":3,"23":3,"24":3,"25":25,"26":0,"27":25,"28":25,"29":25,"30":5,"31":20,"32":91,"33":91,"34":1,"35":1,"36":1,"37":91,"38":91,"39":91,"40":6,"41":6,"42":6,"43":6,"44":6,"45":6,"46":3,"47":91,"48":2,"49":2,"50":2,"51":2,"52":2,"53":1,"54":1,"55":1,"56":5,"57":1,"58":4,"59":2,"60":2,"61":1,"62":1,"63":1,"64":1,"65":91,"66":15,"67":15,"68":15,"69":15,"70":15,"71":15,"72":15,"73":10,"74":5,"75":5,"76":5,"77":5,"78":10,"79":10,"80":10,"81":10,"82":10,"83":10,"84":1,"85":1,"86":1,"87":1,"88":1,"89":1,"90":1,"91":1,"92":9,"93":10,"94":10,"95":91,"96":1,"97":0,"98":1,"99":1,"100":1,"101":1,"102":0,"103":0,"104":1,"105":1,"106":1,"107":0,"108":91,"109":1,"110":1,"111":0,"112":0,"113":0,"114":0,"115":0,"116":0,"117":0,"118":0,"119":0,"120":0,"121":91,"122":1,"123":1,"124":0,"125":1,"126":1,"127":1,"128":0,"129":0,"130":1,"131":1,"132":1,"133":0,"134":1,"135":91,"136":91,"137":91,"138":91,"139":12,"140":12,"141":12,"142":12,"143":0,"144":91,"145":91,"146":23,"147":23,"148":23,"149":23,"150":23,"151":0,"152":0,"153":23,"154":23,"155":23,"156":12,"157":12,"158":11,"159":0,"160":0,"161":11,"162":11,"163":11,"164":11,"165":11,"166":1,"167":0,"168":1,"169":1,"170":1,"171":1,"172":10,"173":11,"174":11},"f":{"0":91,"1":39,"2":0,"3":0,"4":3,"5":25,"6":6,"7":2,"8":15,"9":1,"10":1,"11":1,"12":12,"13":23},"b":{"0":[26],"1":[0,39],"2":[31,8],"3":[0,0],"4":[0],"5":[0,25],"6":[5,20],"7":[25,20],"8":[1,90],"9":[91,0],"10":[3,3],"11":[3,3],"12":[1,1],"13":[1,0,0],"14":[1,4],"15":[5,1],"16":[2,2],"17":[4,3,2],"18":[1,1],"19":[10,10],"20":[0,10],"21":[0,10],"22":[1,1],"23":[1,1,0],"24":[0,1],"25":[0,1],"26":[1,0],"27":[0,1],"28":[0,0,0],"29":[0,1],"30":[1,0],"31":[0,0],"32":[0,0],"33":[0,0,0],"34":[0,1],"35":[0,1],"36":[1,0],"37":[1,0,0],"38":[91,0],"39":[91,91],"40":[12,0],"41":[0,12],"42":[91,0],"43":[0,23],"44":[23,23,23],"45":[12,11],"46":[23,12,0],"47":[0,11],"48":[11,11],"49":[0,1],"50":[0,0,0],"51":[1,0]},"_coverageSchema":"1a1c01bbd47fc00a2c39e90264f33305004495a9","hash":"8a235ff3a880896819b9ae205bf0ca529f14326e"}
,"E:\\Projetos VSCODE\\Refatoracao\\app\\static\\js\\detalhe_pedido.js": {"path":"E:\\Projetos VSCODE\\Refatoracao\\app\\static\\js\\detalhe_pedido.js","statementMap":{"0":{"start":{"line":1,"column":0},"end":{"line":382,"column":3}},"1":{"start":{"line":3,"column":30},"end":{"line":3,"column":34}},"2":{"start":{"line":5,"column":29},"end":{"line":5,"column":87}},"3":{"start":{"line":8,"column":8},"end":{"line":8,"column":89}},"4":{"start":{"line":8,"column":33},"end":{"line":8,"column":79}},"5":{"start":{"line":8,"column":80},"end":{"line":8,"column":87}},"6":{"start":{"line":10,"column":29},"end":{"line":10,"column":82}},"7":{"start":{"line":11,"column":8},"end":{"line":11,"column":47}},"8":{"start":{"line":11,"column":25},"end":{"line":11,"column":47}},"9":{"start":{"line":13,"column":25},"end":{"line":13,"column":84}},"10":{"start":{"line":14,"column":8},"end":{"line":14,"column":39}},"11":{"start":{"line":14,"column":21},"end":{"line":14,"column":39}},"12":{"start":{"line":16,"column":29},"end":{"line":16,"column":58}},"13":{"start":{"line":17,"column":8},"end":{"line":17,"column":56}},"14":{"start":{"line":18,"column":8},"end":{"line":18,"column":43}},"15":{"start":{"line":19,"column":8},"end":{"line":19,"column":47}},"16":{"start":{"line":20,"column":8},"end":{"line":25,"column":17}},"17":{"start":{"line":21,"column":12},"end":{"line":24,"column":13}},"18":{"start":{"line":22,"column":16},"end":{"line":22,"column":49}},"19":{"start":{"line":23,"column":16},"end":{"line":23,"column":92}},"20":{"start":{"line":23,"column":69},"end":{"line":23,"column":90}},"21":{"start":{"line":29,"column":8},"end":{"line":29,"column":63}},"22":{"start":{"line":30,"column":8},"end":{"line":30,"column":57}},"23":{"start":{"line":31,"column":8},"end":{"line":31,"column":26}},"24":{"start":{"line":35,"column":8},"end":{"line":35,"column":27}},"25":{"start":{"line":35,"column":18},"end":{"line":35,"column":27}},"26":{"start":{"line":36,"column":27},"end":{"line":36,"column":75}},"27":{"start":{"line":37,"column":20},"end":{"line":37,"column":42}},"28":{"start":{"line":38,"column":8},"end":{"line":40,"column":9}},"29":{"start":{"line":39,"column":12},"end":{"line":39,"column":81}},"30":{"start":{"line":41,"column":8},"end":{"line":41,"column":19}},"31":{"start":{"line":44,"column":16},"end":{"line":44,"column":61}},"32":{"start":{"line":45,"column":4},"end":{"line":49,"column":5}},"33":{"start":{"line":46,"column":8},"end":{"line":46,"column":87}},"34":{"start":{"line":47,"column":8},"end":{"line":47,"column":57}},"35":{"start":{"line":48,"column":8},"end":{"line":48,"column":54}},"36":{"start":{"line":52,"column":28},"end":{"line":52,"column":64}},"37":{"start":{"line":53,"column":8},"end":{"line":66,"column":9}},"38":{"start":{"line":54,"column":29},"end":{"line":58,"column":14}},"39":{"start":{"line":59,"column":30},"end":{"line":59,"column":51}},"40":{"start":{"line":61,"column":12},"end":{"line":61,"column":131}},"41":{"start":{"line":61,"column":30},"end":{"line":61,"column":131}},"42":{"start":{"line":63,"column":12},"end":{"line":63,"column":83}},"43":{"start":{"line":65,"column":12},"end":{"line":65,"column":86}},"44":{"start":{"line":70,"column":28},"end":{"line":70,"column":64}},"45":{"start":{"line":71,"column":9},"end":{"line":84,"column":9}},"46":{"start":{"line":72,"column":29},"end":{"line":76,"column":14}},"47":{"start":{"line":77,"column":30},"end":{"line":77,"column":51}},"48":{"start":{"line":79,"column":12},"end":{"line":79,"column":130}},"49":{"start":{"line":79,"column":30},"end":{"line":79,"column":130}},"50":{"start":{"line":81,"column":12},"end":{"line":81,"column":82}},"51":{"start":{"line":83,"column":12},"end":{"line":83,"column":82}},"52":{"start":{"line":87,"column":25},"end":{"line":87,"column":75}},"53":{"start":{"line":88,"column":24},"end":{"line":88,"column":78}},"54":{"start":{"line":89,"column":28},"end":{"line":89,"column":79}},"55":{"start":{"line":90,"column":29},"end":{"line":90,"column":83}},"56":{"start":{"line":91,"column":30},"end":{"line":91,"column":84}},"57":{"start":{"line":92,"column":29},"end":{"line":92,"column":73}},"58":{"start":{"line":94,"column":4},"end":{"line":118,"column":5}},"59":{"start":{"line":95,"column":8},"end":{"line":99,"column":9}},"60":{"start":{"line":96,"column":12},"end":{"line":96,"column":76}},"61":{"start":{"line":97,"column":12},"end":{"line":97,"column":73}},"62":{"start":{"line":98,"column":12},"end":{"line":98,"column":19}},"63":{"start":{"line":100,"column":8},"end":{"line":100,"column":39}},"64":{"start":{"line":101,"column":8},"end":{"line":101,"column":49}},"65":{"start":{"line":103,"column":31},"end":{"line":103,"column":116}},"66":{"start":{"line":104,"column":8},"end":{"line":104,"column":55}},"67":{"start":{"line":106,"column":8},"end":{"line":106,"column":47}},"68":{"start":{"line":107,"column":8},"end":{"line":107,"column":36}},"69":{"start":{"line":108,"column":8},"end":{"line":108,"column":53}},"70":{"start":{"line":110,"column":8},"end":{"line":110,"column":50}},"71":{"start":{"line":111,"column":8},"end":{"line":111,"column":28}},"72":{"start":{"line":112,"column":8},"end":{"line":112,"column":64}},"73":{"start":{"line":113,"column":8},"end":{"line":113,"column":75}},"74":{"start":{"line":115,"column":8},"end":{"line":115,"column":44}},"75":{"start":{"line":116,"column":8},"end":{"line":116,"column":32}},"76":{"start":{"line":117,"column":8},"end":{"line":117,"column":33}},"77":{"start":{"line":120,"column":4},"end":{"line":123,"column":5}},"78":{"start":{"line":121,"column":35},"end":{"line":121,"column":81}},"79":{"start":{"line":121,"column":43},"end":{"line":121,"column":79}},"80":{"start":{"line":122,"column":8},"end":{"line":122,"column":121}},"81":{"start":{"line":122,"column":70},"end":{"line":122,"column":119}},"82":{"start":{"line":125,"column":4},"end":{"line":180,"column":5}},"83":{"start":{"line":126,"column":8},"end":{"line":177,"column":11}},"84":{"start":{"line":127,"column":13},"end":{"line":127,"column":36}},"85":{"start":{"line":128,"column":30},"end":{"line":128,"column":55}},"86":{"start":{"line":129,"column":27},"end":{"line":129,"column":65}},"87":{"start":{"line":132,"column":25},"end":{"line":132,"column":56}},"88":{"start":{"line":134,"column":13},"end":{"line":143,"column":14}},"89":{"start":{"line":135,"column":16},"end":{"line":135,"column":87}},"90":{"start":{"line":137,"column":17},"end":{"line":139,"column":18}},"91":{"start":{"line":138,"column":20},"end":{"line":138,"column":181}},"92":{"start":{"line":141,"column":17},"end":{"line":141,"column":54}},"93":{"start":{"line":142,"column":17},"end":{"line":142,"column":24}},"94":{"start":{"line":145,"column":13},"end":{"line":145,"column":110}},"95":{"start":{"line":145,"column":40},"end":{"line":145,"column":100}},"96":{"start":{"line":145,"column":101},"end":{"line":145,"column":108}},"97":{"start":{"line":146,"column":13},"end":{"line":146,"column":160}},"98":{"start":{"line":146,"column":74},"end":{"line":146,"column":150}},"99":{"start":{"line":146,"column":151},"end":{"line":146,"column":158}},"100":{"start":{"line":148,"column":33},"end":{"line":148,"column":76}},"101":{"start":{"line":149,"column":12},"end":{"line":149,"column":41}},"102":{"start":{"line":150,"column":12},"end":{"line":150,"column":98}},"103":{"start":{"line":152,"column":12},"end":{"line":176,"column":13}},"104":{"start":{"line":153,"column":33},"end":{"line":161,"column":18}},"105":{"start":{"line":163,"column":34},"end":{"line":163,"column":55}},"106":{"start":{"line":165,"column":16},"end":{"line":165,"column":136}},"107":{"start":{"line":165,"column":34},"end":{"line":165,"column":136}},"108":{"start":{"line":167,"column":41},"end":{"line":167,"column":50}},"109":{"start":{"line":169,"column":16},"end":{"line":169,"column":127}},"110":{"start":{"line":172,"column":16},"end":{"line":172,"column":59}},"111":{"start":{"line":174,"column":16},"end":{"line":174,"column":46}},"112":{"start":{"line":175,"column":17},"end":{"line":175,"column":105}},"113":{"start":{"line":179,"column":8},"end":{"line":179,"column":75}},"114":{"start":{"line":182,"column":27},"end":{"line":182,"column":73}},"115":{"start":{"line":183,"column":25},"end":{"line":183,"column":65}},"116":{"start":{"line":184,"column":28},"end":{"line":184,"column":72}},"117":{"start":{"line":186,"column":4},"end":{"line":186,"column":130}},"118":{"start":{"line":186,"column":24},"end":{"line":186,"column":130}},"119":{"start":{"line":186,"column":73},"end":{"line":186,"column":128}},"120":{"start":{"line":187,"column":4},"end":{"line":187,"column":126}},"121":{"start":{"line":187,"column":22},"end":{"line":187,"column":126}},"122":{"start":{"line":187,"column":69},"end":{"line":187,"column":124}},"123":{"start":{"line":188,"column":4},"end":{"line":188,"column":107}},"124":{"start":{"line":188,"column":25},"end":{"line":188,"column":107}},"125":{"start":{"line":188,"column":75},"end":{"line":188,"column":105}},"126":{"start":{"line":190,"column":24},"end":{"line":190,"column":68}},"127":{"start":{"line":191,"column":32},"end":{"line":191,"column":81}},"128":{"start":{"line":192,"column":23},"end":{"line":192,"column":70}},"129":{"start":{"line":194,"column":4},"end":{"line":260,"column":5}},"130":{"start":{"line":195,"column":8},"end":{"line":212,"column":11}},"131":{"start":{"line":196,"column":33},"end":{"line":196,"column":69}},"132":{"start":{"line":197,"column":13},"end":{"line":211,"column":13}},"133":{"start":{"line":198,"column":33},"end":{"line":198,"column":79}},"134":{"start":{"line":199,"column":34},"end":{"line":199,"column":55}},"135":{"start":{"line":200,"column":16},"end":{"line":200,"column":122}},"136":{"start":{"line":200,"column":34},"end":{"line":200,"column":122}},"137":{"start":{"line":202,"column":16},"end":{"line":202,"column":110}},"138":{"start":{"line":203,"column":16},"end":{"line":203,"column":91}},"139":{"start":{"line":204,"column":16},"end":{"line":204,"column":107}},"140":{"start":{"line":205,"column":16},"end":{"line":205,"column":101}},"141":{"start":{"line":206,"column":16},"end":{"line":206,"column":106}},"142":{"start":{"line":208,"column":16},"end":{"line":208,"column":51}},"143":{"start":{"line":210,"column":16},"end":{"line":210,"column":98}},"144":{"start":{"line":214,"column":34},"end":{"line":214,"column":79}},"145":{"start":{"line":214,"column":42},"end":{"line":214,"column":77}},"146":{"start":{"line":215,"column":8},"end":{"line":215,"column":119}},"147":{"start":{"line":215,"column":69},"end":{"line":215,"column":117}},"148":{"start":{"line":217,"column":8},"end":{"line":257,"column":11}},"149":{"start":{"line":218,"column":12},"end":{"line":218,"column":35}},"150":{"start":{"line":219,"column":36},"end":{"line":219,"column":90}},"151":{"start":{"line":220,"column":28},"end":{"line":226,"column":13}},"152":{"start":{"line":228,"column":33},"end":{"line":228,"column":76}},"153":{"start":{"line":229,"column":12},"end":{"line":229,"column":41}},"154":{"start":{"line":230,"column":12},"end":{"line":230,"column":95}},"155":{"start":{"line":232,"column":32},"end":{"line":232,"column":68}},"156":{"start":{"line":233,"column":12},"end":{"line":256,"column":13}},"157":{"start":{"line":234,"column":37},"end":{"line":234,"column":83}},"158":{"start":{"line":235,"column":34},"end":{"line":235,"column":58}},"159":{"start":{"line":236,"column":17},"end":{"line":236,"column":92}},"160":{"start":{"line":236,"column":38},"end":{"line":236,"column":92}},"161":{"start":{"line":237,"column":32},"end":{"line":237,"column":43}},"162":{"start":{"line":239,"column":33},"end":{"line":243,"column":18}},"163":{"start":{"line":244,"column":34},"end":{"line":244,"column":55}},"164":{"start":{"line":246,"column":16},"end":{"line":246,"column":136}},"165":{"start":{"line":246,"column":34},"end":{"line":246,"column":136}},"166":{"start":{"line":248,"column":39},"end":{"line":248,"column":48}},"167":{"start":{"line":250,"column":16},"end":{"line":250,"column":109}},"168":{"start":{"line":252,"column":16},"end":{"line":252,"column":78}},"169":{"start":{"line":254,"column":16},"end":{"line":254,"column":46}},"170":{"start":{"line":255,"column":16},"end":{"line":255,"column":101}},"171":{"start":{"line":259,"column":8},"end":{"line":259,"column":99}},"172":{"start":{"line":262,"column":23},"end":{"line":262,"column":61}},"173":{"start":{"line":263,"column":37},"end":{"line":263,"column":88}},"174":{"start":{"line":264,"column":40},"end":{"line":264,"column":89}},"175":{"start":{"line":265,"column":27},"end":{"line":265,"column":61}},"176":{"start":{"line":267,"column":4},"end":{"line":322,"column":5}},"177":{"start":{"line":268,"column":8},"end":{"line":273,"column":11}},"178":{"start":{"line":269,"column":27},"end":{"line":269,"column":48}},"179":{"start":{"line":270,"column":12},"end":{"line":270,"column":82}},"180":{"start":{"line":271,"column":12},"end":{"line":271,"column":58}},"181":{"start":{"line":272,"column":12},"end":{"line":272,"column":64}},"182":{"start":{"line":272,"column":25},"end":{"line":272,"column":64}},"183":{"start":{"line":275,"column":8},"end":{"line":319,"column":11}},"184":{"start":{"line":276,"column":12},"end":{"line":276,"column":35}},"185":{"start":{"line":277,"column":29},"end":{"line":277,"column":53}},"186":{"start":{"line":278,"column":33},"end":{"line":278,"column":76}},"187":{"start":{"line":280,"column":12},"end":{"line":282,"column":13}},"188":{"start":{"line":281,"column":17},"end":{"line":281,"column":68}},"189":{"start":{"line":281,"column":69},"end":{"line":281,"column":76}},"190":{"start":{"line":283,"column":28},"end":{"line":283,"column":58}},"191":{"start":{"line":284,"column":29},"end":{"line":284,"column":64}},"192":{"start":{"line":285,"column":13},"end":{"line":287,"column":13}},"193":{"start":{"line":286,"column":17},"end":{"line":286,"column":75}},"194":{"start":{"line":286,"column":76},"end":{"line":286,"column":83}},"195":{"start":{"line":288,"column":12},"end":{"line":290,"column":13}},"196":{"start":{"line":289,"column":17},"end":{"line":289,"column":73}},"197":{"start":{"line":289,"column":74},"end":{"line":289,"column":81}},"198":{"start":{"line":292,"column":12},"end":{"line":292,"column":41}},"199":{"start":{"line":293,"column":12},"end":{"line":293,"column":95}},"200":{"start":{"line":295,"column":12},"end":{"line":318,"column":13}},"201":{"start":{"line":296,"column":33},"end":{"line":296,"column":99}},"202":{"start":{"line":298,"column":17},"end":{"line":303,"column":18}},"203":{"start":{"line":299,"column":21},"end":{"line":299,"column":40}},"204":{"start":{"line":300,"column":21},"end":{"line":300,"column":104}},"205":{"start":{"line":300,"column":53},"end":{"line":300,"column":104}},"206":{"start":{"line":301,"column":21},"end":{"line":301,"column":84}},"207":{"start":{"line":302,"column":21},"end":{"line":302,"column":28}},"208":{"start":{"line":305,"column":34},"end":{"line":305,"column":55}},"209":{"start":{"line":307,"column":16},"end":{"line":307,"column":115}},"210":{"start":{"line":307,"column":34},"end":{"line":307,"column":115}},"211":{"start":{"line":309,"column":16},"end":{"line":309,"column":35}},"212":{"start":{"line":310,"column":17},"end":{"line":310,"column":100}},"213":{"start":{"line":310,"column":49},"end":{"line":310,"column":100}},"214":{"start":{"line":311,"column":16},"end":{"line":311,"column":79}},"215":{"start":{"line":314,"column":16},"end":{"line":314,"column":84}},"216":{"start":{"line":316,"column":16},"end":{"line":316,"column":46}},"217":{"start":{"line":317,"column":16},"end":{"line":317,"column":91}},"218":{"start":{"line":321,"column":9},"end":{"line":321,"column":77}},"219":{"start":{"line":324,"column":4},"end":{"line":340,"column":5}},"220":{"start":{"line":325,"column":9},"end":{"line":325,"column":91}},"221":{"start":{"line":325,"column":84},"end":{"line":325,"column":91}},"222":{"start":{"line":326,"column":8},"end":{"line":339,"column":9}},"223":{"start":{"line":327,"column":29},"end":{"line":327,"column":88}},"224":{"start":{"line":329,"column":12},"end":{"line":332,"column":13}},"225":{"start":{"line":330,"column":17},"end":{"line":330,"column":81}},"226":{"start":{"line":331,"column":17},"end":{"line":331,"column":24}},"227":{"start":{"line":333,"column":30},"end":{"line":333,"column":51}},"228":{"start":{"line":334,"column":12},"end":{"line":334,"
[...]
umn":9}},"type":"if","locations":[{"start":{"line":88,"column":8},"end":{"line":93,"column":9}},{"start":{},"end":{}}],"line":88},"18":{"loc":{"start":{"line":90,"column":12},"end":{"line":92,"column":13}},"type":"if","locations":[{"start":{"line":90,"column":12},"end":{"line":92,"column":13}},{"start":{},"end":{}}],"line":90},"19":{"loc":{"start":{"line":91,"column":39},"end":{"line":91,"column":112}},"type":"cond-expr","locations":[{"start":{"line":91,"column":65},"end":{"line":91,"column":86}},{"start":{"line":91,"column":89},"end":{"line":91,"column":112}}],"line":91},"20":{"loc":{"start":{"line":97,"column":8},"end":{"line":102,"column":9}},"type":"if","locations":[{"start":{"line":97,"column":8},"end":{"line":102,"column":9}},{"start":{"line":99,"column":15},"end":{"line":102,"column":9}}],"line":97},"21":{"loc":{"start":{"line":98,"column":28},"end":{"line":98,"column":68}},"type":"cond-expr","locations":[{"start":{"line":98,"column":54},"end":{"line":98,"column":60}},{"start":{"line":98,"column":63},"end":{"line":98,"column":68}}],"line":98},"22":{"loc":{"start":{"line":107,"column":8},"end":{"line":107,"column":38}},"type":"if","locations":[{"start":{"line":107,"column":8},"end":{"line":107,"column":38}},{"start":{},"end":{}}],"line":107},"23":{"loc":{"start":{"line":109,"column":8},"end":{"line":112,"column":9}},"type":"if","locations":[{"start":{"line":109,"column":8},"end":{"line":112,"column":9}},{"start":{},"end":{}}],"line":109},"24":{"loc":{"start":{"line":109,"column":12},"end":{"line":109,"column":40}},"type":"binary-expr","locations":[{"start":{"line":109,"column":12},"end":{"line":109,"column":18}},{"start":{"line":109,"column":22},"end":{"line":109,"column":40}}],"line":109},"25":{"loc":{"start":{"line":115,"column":41},"end":{"line":115,"column":111}},"type":"cond-expr","locations":[{"start":{"line":115,"column":58},"end":{"line":115,"column":106}},{"start":{"line":115,"column":109},"end":{"line":115,"column":111}}],"line":115},"26":{"loc":{"start":{"line":117,"column":30},"end":{"line":117,"column":66}},"type":"cond-expr","locations":[{"start":{"line":117,"column":47},"end":{"line":117,"column":61}},{"start":{"line":117,"column":64},"end":{"line":117,"column":66}}],"line":117},"27":{"loc":{"start":{"line":141,"column":8},"end":{"line":141,"column":41}},"type":"if","locations":[{"start":{"line":141,"column":8},"end":{"line":141,"column":41}},{"start":{},"end":{}}],"line":141},"28":{"loc":{"start":{"line":143,"column":8},"end":{"line":143,"column":39}},"type":"if","locations":[{"start":{"line":143,"column":8},"end":{"line":143,"column":39}},{"start":{},"end":{}}],"line":143},"29":{"loc":{"start":{"line":150,"column":8},"end":{"line":152,"column":9}},"type":"if","locations":[{"start":{"line":150,"column":8},"end":{"line":152,"column":9}},{"start":{},"end":{}}],"line":150},"30":{"loc":{"start":{"line":154,"column":8},"end":{"line":160,"column":9}},"type":"if","locations":[{"start":{"line":154,"column":8},"end":{"line":160,"column":9}},{"start":{"line":157,"column":15},"end":{"line":160,"column":9}}],"line":154},"31":{"loc":{"start":{"line":163,"column":55},"end":{"line":163,"column":89}},"type":"cond-expr","locations":[{"start":{"line":163,"column":76},"end":{"line":163,"column":84}},{"start":{"line":163,"column":87},"end":{"line":163,"column":89}}],"line":163},"32":{"loc":{"start":{"line":166,"column":8},"end":{"line":172,"column":9}},"type":"if","locations":[{"start":{"line":166,"column":8},"end":{"line":172,"column":9}},{"start":{"line":169,"column":15},"end":{"line":172,"column":9}}],"line":166},"33":{"loc":{"start":{"line":178,"column":12},"end":{"line":178,"column":60}},"type":"if","locations":[{"start":{"line":178,"column":12},"end":{"line":178,"column":60}},{"start":{},"end":{}}],"line":178},"34":{"loc":{"start":{"line":188,"column":8},"end":{"line":188,"column":82}},"type":"if","locations":[{"start":{"line":188,"column":8},"end":{"line":188,"column":82}},{"start":{},"end":{}}],"line":188},"35":{"loc":{"start":{"line":188,"column":12},"end":{"line":188,"column":73}},"type":"binary-expr","locations":[{"start":{"line":188,"column":12},"end":{"line":188,"column":29}},{"start":{"line":188,"column":33},"end":{"line":188,"column":50}},{"start":{"line":188,"column":54},"end":{"line":188,"column":73}}],"line":188},"36":{"loc":{"start":{"line":192,"column":8},"end":{"line":197,"column":9}},"type":"if","locations":[{"start":{"line":192,"column":8},"end":{"line":197,"column":9}},{"start":{},"end":{}}],"line":192},"37":{"loc":{"start":{"line":225,"column":8},"end":{"line":253,"column":9}},"type":"if","locations":[{"start":{"line":225,"column":8},"end":{"line":253,"column":9}},{"start":{"line":229,"column":15},"end":{"line":253,"column":9}}],"line":225},"38":{"loc":{"start":{"line":230,"column":12},"end":{"line":233,"column":13}},"type":"if","locations":[{"start":{"line":230,"column":12},"end":{"line":233,"column":13}},{"start":{},"end":{}}],"line":230},"39":{"loc":{"start":{"line":238,"column":12},"end":{"line":251,"column":13}},"type":"if","locations":[{"start":{"line":238,"column":12},"end":{"line":251,"column":13}},{"start":{"line":241,"column":19},"end":{"line":251,"column":13}}],"line":238},"40":{"loc":{"start":{"line":260,"column":8},"end":{"line":260,"column":76}},"type":"if","locations":[{"start":{"line":260,"column":8},"end":{"line":260,"column":76}},{"start":{},"end":{}}],"line":260},"41":{"loc":{"start":{"line":260,"column":12},"end":{"line":260,"column":67}},"type":"binary-expr","locations":[{"start":{"line":260,"column":12},"end":{"line":260,"column":18}},{"start":{"line":260,"column":22},"end":{"line":260,"column":42}},{"start":{"line":260,"column":46},"end":{"line":260,"column":67}}],"line":260},"42":{"loc":{"start":{"line":286,"column":32},"end":{"line":286,"column":72}},"type":"if","locations":[{"start":{"line":286,"column":32},"end":{"line":286,"column":72}},{"start":{},"end":{}}],"line":286},"43":{"loc":{"start":{"line":289,"column":8},"end":{"line":293,"column":9}},"type":"if","locations":[{"start":{"line":289,"column":8},"end":{"line":293,"column":9}},{"start":{},"end":{}}],"line":289},"44":{"loc":{"start":{"line":309,"column":12},"end":{"line":309,"column":99}},"type":"if","locations":[{"start":{"line":309,"column":12},"end":{"line":309,"column":99}},{"start":{},"end":{}}],"line":309},"45":{"loc":{"start":{"line":326,"column":12},"end":{"line":330,"column":13}},"type":"if","locations":[{"start":{"line":326,"column":12},"end":{"line":330,"column":13}},{"start":{},"end":{}}],"line":326},"46":{"loc":{"start":{"line":333,"column":12},"end":{"line":339,"column":13}},"type":"if","locations":[{"start":{"line":333,"column":12},"end":{"line":339,"column":13}},{"start":{"line":337,"column":19},"end":{"line":339,"column":13}}],"line":333},"47":{"loc":{"start":{"line":350,"column":16},"end":{"line":353,"column":17}},"type":"if","locations":[{"start":{"line":350,"column":16},"end":{"line":353,"column":17}},{"start":{},"end":{}}],"line":350},"48":{"loc":{"start":{"line":351,"column":40},"end":{"line":351,"column":113}},"type":"binary-expr","locations":[{"start":{"line":351,"column":40},"end":{"line":351,"column":51}},{"start":{"line":351,"column":55},"end":{"line":351,"column":64}},{"start":{"line":351,"column":68},"end":{"line":351,"column":113}}],"line":351},"49":{"loc":{"start":{"line":367,"column":24},"end":{"line":373,"column":25}},"type":"if","locations":[{"start":{"line":367,"column":24},"end":{"line":373,"column":25}},{"start":{},"end":{}}],"line":367},"50":{"loc":{"start":{"line":368,"column":48},"end":{"line":368,"column":120}},"type":"binary-expr","locations":[{"start":{"line":368,"column":48},"end":{"line":368,"column":59}},{"start":{"line":368,"column":63},"end":{"line":368,"column":72}},{"start":{"line":368,"column":76},"end":{"line":368,"column":120}}],"line":368},"51":{"loc":{"start":{"line":383,"column":8},"end":{"line":388,"column":9}},"type":"if","locations":[{"start":{"line":383,"column":8},"end":{"line":388,"column":9}},{"start":{},"end":{}}],"line":383},"52":{"loc":{"start":{"line":401,"column":86},"end":{"line":401,"column":121}},"type":"binary-expr","locations":[{"start":{"line":401,"column":86},"end":{"line":401,"column":97}},{"start":{"line":401,"column":101},"end":{"line":401,"column":121}}],"line":401},"53":{"loc":{"start":{"line":408,"column":4},"end":{"line":414,"column":5}},"type":"if","locations":[{"start":{"line":408,"column":4},"end":{"line":414,"column":5}},{"start":{},"end":{}}],"line":408},"54":{"loc":{"start":{"line":410,"column":12},"end":{"line":412,"column":13}},"type":"if","locations":[{"start":{"line":410,"column":12},"end":{"line":412,"column":13}},{"start":{},"end":{}}],"line":410},"55":{"loc":{"start":{"line":416,"column":4},"end":{"line":428,"column":5}},"type":"if","locations":[{"start":{"line":416,"column":4},"end":{"line":428,"column":5}},{"start":{},"end":{}}],"line":416},"56":{"loc":{"start":{"line":418,"column":12},"end":{"line":426,"column":13}},"type":"if","locations":[{"start":{"line":418,"column":12},"end":{"line":426,"column":13}},{"start":{},"end":{}}],"line":418},"57":{"loc":{"start":{"line":430,"column":4},"end":{"line":430,"column":94}},"type":"if","locations":[{"start":{"line":430,"column":4},"end":{"line":430,"column":94}},{"start":{},"end":{}}],"line":430},"58":{"loc":{"start":{"line":431,"column":4},"end":{"line":431,"column":78}},"type":"if","locations":[{"start":{"line":431,"column":4},"end":{"line":431,"column":78}},{"start":{},"end":{}}],"line":431},"59":{"loc":{"start":{"line":432,"column":4},"end":{"line":432,"column":82}},"type":"if","locations":[{"start":{"line":432,"column":4},"end":{"line":432,"column":82}},{"start":{},"end":{}}],"line":432},"60":{"loc":{"start":{"line":433,"column":50},"end":{"line":433,"column":100}},"type":"if","locations":[{"start":{"line":433,"column":50},"end":{"line":433,"column":100}},{"start":{},"end":{}}],"line":433},"61":{"loc":{"start":{"line":433,"column":54},"end":{"line":433,"column":84}},"type":"binary-expr","locations":[{"start":{"line":433,"column":54},"end":{"line":433,"column":59}},{"start":{"line":433,"column":63},"end":{"line":433,"column":84}}],"line":433},"62":{"loc":{"start":{"line":435,"column":4},"end":{"line":435,"column":81}},"type":"if","locations":[{"start":{"line":435,"column":4},"end":{"line":435,"column":81}},{"start":{},"end":{}}],"line":435},"63":{"loc":{"start":{"line":440,"column":12},"end":{"line":442,"column":13}},"type":"if","locations":[{"start":{"line":440,"column":12},"end":{"line":442,"column":13}},{"start":{},"end":{}}],"line":440}},"s":{"0":4,"1":10,"2":10,"3":10,"4":10,"5":10,"6":10,"7":10,"8":10,"9":10,"10":10,"11":10,"12":10,"13":10,"14":10,"15":10,"16":10,"17":10,"18":27,"19":0,"20":27,"21":0,"22":27,"23":0,"24":27,"25":3,"26":0,"27":3,"28":3,"29":3,"30":5,"31":0,"32":5,"33":5,"34":0,"35":5,"36":5,"37":3,"38":5,"39":5,"40":5,"41":5,"42":5,"43":0,"44":0,"45":0,"46":0,"47":4,"48":4,"49":4,"50":10,"51":0,"52":10,"53":10,"54":10,"55":10,"56":10,"57":0,"58":10,"59":0,"60":0,"61":10,"62":10,"63":10,"64":0,"65":0,"66":0,"67":10,"68":20,"69":10,"70":10,"71":10,"72":10,"73":10,"74":0,"75":0,"76":0,"77":0,"78":0,"79":10,"80":0,"81":10,"82":10,"83":0,"84":0,"85":10,"86":20,"87":0,"88":20,"89":20,"90":20,"91":20,"92":20,"93":20,"94":20,"95":20,"96":3,"97":20,"98":10,"99":0,"100":10,"101":10,"102":10,"103":0,"104":0,"105":0,"106":0,"107":0,"108":0,"109":0,"110":0,"111":0,"112":0,"113":0,"114":0,"115":0,"116":0,"117":0,"118":0,"119":0,"120":0,"121":0,"122":0,"123":0,"124":0,"125":0,"126":0,"127":0,"128":0,"129":0,"130":0,"131":3,"132":0,"133":3,"134":3,"135":3,"136":0,"137":0,"138":0,"139":0,"140":3,"141":3,"142":3,"143":3,"144":3,"145":3,"146":3,"147":3,"148":3,"149":3,"150":3,"151":3,"152":3,"153":0,"154":0,"155":0,"156":0,"157":3,"158":1,"159":1,"160":3,"161":3,"162":0,"163":3,"164":0,"165":0,"166":3,"167":3,"168":3,"169":3,"170":4,"171":3,"172":1,"173":1,"174":1,"175":1,"176":1,"177":1,"178":1,"179":1,"180":1,"181":10,"182":0,"183":0,"184":4,"185":0,"186":0,"187":0,"188":4,"189":4,"190":4,"191":4,"192":4,"193":4,"194":1,"195":1,"196":1,"197":4,"198":4,"199":4,"200":4,"201":4,"202":4,"203":4,"204":4,"205":3,"206":3,"207":1,"208":0,"209":0,"210":0,"211":1,"212":1,"213":1,"214":1,"215":0,"216":1,"217":0,"218":0,"219":1,"220":1,"221":1,"222":1,"223":1,"224":0,"225":1,"226":0,"227":0,"228":1,"229":1,"230":1,"231":4,"232":0,"233":0,"234":0,"235":0,"236":4,"237":4,"238":4,"239":4,"240":4,"241":4,"242":0,"243":0,"244":0,"245":0,"246":0,"247":10,"248":10,"249":0,"250":0,"251":10,"252":10,"253":0,"254":0,"255":0,"256":0,"257":0,"258":0,"259":0,"260":10,"261":10,"262":10,"263":10,"264":10,"265":10,"266":10,"267":20,"268":0,"269":10,"270":10,"271":10,"272":20,"273":0,"274":0,"275":0,"276":10},"f":{"0":10,"1":27,"2":3,"3":5,"4":0,"5":0,"6":4,"7":10,"8":0,"9":10,"10":20,"11":0,"12":10,"13":20,"14":0,"15":3,"16":10,"17":0,"18":0,"19":3,"20":3,"21":3,"22":3,"23":0,"24":0,"25":4,"26":1,"27":1,"28":0,"29":4,"30":1,"31":1,"32":0,"33":1,"34":1,"35":1,"36":0,"37":4,"38":0,"39":0,"40":0,"41":20,"42":20,"43":0},"b":{"0":[0,27],"1":[27,27],"2":[0,27],"3":[0,27],"4":[0,3],"5":[0,3],"6":[0],"7":[0,5],"8":[0,5],"9":[3,2],"10":[0,0],"11":[0],"12":[10],"13":[10],"14":[0,10],"15":[0,10],"16":[0,0,0],"17":[10,0],"18":[10,0],"19":[10,0],"20":[0,0],"21":[0,0],"22":[0,10],"23":[0,10],"24":[10,10],"25":[0,20],"26":[0,20],"27":[0,10],"28":[10,0],"29":[0,0],"30":[0,0],"31":[0,0],"32":[0,0],"33":[0,0],"34":[0,3],"35":[3,3,3],"36":[0,3],"37":[0,3],"38":[1,2],"39":[0,3],"40":[3,1],"41":[4,4,4],"42":[0,0],"43":[0,4],"44":[1,0],"45":[3,1],"46":[0,1],"47":[0,1],"48":[0,0,0],"49":[0,1],"50":[0,0,0],"51":[0,4],"52":[0,0],"53":[10,0],"54":[0,0],"55":[10,0],"56":[0,0],"57":[10,0],"58":[10,0],"59":[10,0],"60":[0,20],"61":[20,20],"62":[10,0],"63":[0,0]},"_coverageSchema":"1a1c01bbd47fc00a2c39e90264f33305004495a9","hash":"3ace9c04680e3322c9ce24925f8c0613858a839b"}
,"E:\\Projetos VSCODE\\Refatoracao\\app\\static\\js\\relatorios.js": {"path":"E:\\Projetos VSCODE\\Refatoracao\\app\\static\\js\\relatorios.js","statementMap":{"0":{"start":{"line":1,"column":0},"end":{"line":57,"column":3}},"1":{"start":{"line":3,"column":29},"end":{"line":3,"column":87}},"2":{"start":{"line":6,"column":8},"end":{"line":6,"column":38}},"3":{"start":{"line":6,"column":31},"end":{"line":6,"column":38}},"4":{"start":{"line":7,"column":29},"end":{"line":7,"column":82}},"5":{"start":{"line":8,"column":8},"end":{"line":8,"column":47}},"6":{"start":{"line":8,"column":25},"end":{"line":8,"column":47}},"7":{"start":{"line":9,"column":25},"end":{"line":9,"column":84}},"8":{"start":{"line":10,"column":8},"end":{"line":10,"column":39}},"9":{"start":{"line":10,"column":21},"end":{"line":10,"column":39}},"10":{"start":{"line":12,"column":29},"end":{"line":12,"column":58}},"11":{"start":{"line":13,"column":8},"end":{"line":13,"column":56}},"12":{"start":{"line":14,"column":8},"end":{"line":14,"column":43}},"13":{"start":{"line":15,"column":8},"end":{"line":15,"column":47}},"14":{"start":{"line":16,"column":8},"end":{"line":21,"column":17}},"15":{"start":{"line":17,"column":12},"end":{"line":20,"column":13}},"16":{"start":{"line":18,"column":16},"end":{"line":18,"column":49}},"17":{"start":{"line":19,"column":16},"end":{"line":19,"column":92}},"18":{"start":{"line":19,"column":69},"end":{"line":19,"column":90}},"19":{"start":{"line":24,"column":4},"end":{"line":45,"column":5}},"20":{"start":{"line":25,"column":32},"end":{"line":25,"column":85}},"21":{"start":{"line":27,"column":8},"end":{"line":31,"column":9}},"22":{"start":{"line":28,"column":12},"end":{"line":28,"column":90}},"23":{"start":{"line":29,"column":12},"end":{"line":29,"column":120}},"24":{"start":{"line":30,"column":12},"end":{"line":30,"column":19}},"25":{"start":{"line":33,"column":26},"end":{"line":33,"column":47}},"26":{"start":{"line":35,"column":8},"end":{"line":38,"column":9}},"27":{"start":{"line":36,"column":12},"end":{"line":36,"column":88}},"28":{"start":{"line":37,"column":12},"end":{"line":37,"column":19}},"29":{"start":{"line":40,"column":20},"end":{"line":40,"column":97}},"30":{"start":{"line":42,"column":8},"end":{"line":42,"column":35}},"31":{"start":{"line":44,"column":8},"end":{"line":44,"column":102}},"32":{"start":{"line":47,"column":4},"end":{"line":47,"column":51}},"33":{"start":{"line":49,"column":4},"end":{"line":56,"column":7}},"34":{"start":{"line":50,"column":8},"end":{"line":55,"column":11}},"35":{"start":{"line":51,"column":34},"end":{"line":51,"column":58}},"36":{"start":{"line":52,"column":12},"end":{"line":54,"column":13}},"37":{"start":{"line":53,"column":16},"end":{"line":53,"column":53}}},"fnMap":{"0":{"name":"(anonymous_0)","decl":{"start":{"line":1,"column":46},"end":{"line":1,"column":47}},"loc":{"start":{"line":1,"column":57},"end":{"line":57,"column":1}},"line":1},"1":{"name":"showNotification","decl":{"start":{"line":5,"column":13},"end":{"line":5,"column":29}},"loc":{"start":{"line":5,"column":55},"end":{"line":22,"column":5}},"line":5},"2":{"name":"(anonymous_2)","decl":{"start":{"line":16,"column":19},"end":{"line":16,"column":20}},"loc":{"start":{"line":16,"column":25},"end":{"line":21,"column":9}},"line":16},"3":{"name":"(anonymous_3)","decl":{"start":{"line":19,"column":63},"end":{"line":19,"column":64}},"loc":{"start":{"line":19,"column":69},"end":{"line":19,"column":90}},"line":19},"4":{"name":"(anonymous_4)","decl":{"start":{"line":24,"column":28},"end":{"line":24,"column":29}},"loc":{"start":{"line":24,"column":52},"end":{"line":45,"column":5}},"line":24},"5":{"name":"(anonymous_5)","decl":{"start":{"line":49,"column":62},"end":{"line":49,"column":63}},"loc":{"start":{"line":49,"column":69},"end":{"line":56,"column":5}},"line":49},"6":{"name":"(anonymous_6)","decl":{"start":{"line":50,"column":38},"end":{"line":50,"column":39}},"loc":{"start":{"line":50,"column":44},"end":{"line":55,"column":9}},"line":50}},"branchMap":{"0":{"loc":{"start":{"line":5,"column":39},"end":{"line":5,"column":53}},"type":"default-arg","locations":[{"start":{"line":5,"column":46},"end":{"line":5,"column":53}}],"line":5},"1":{"loc":{"start":{"line":6,"column":8},"end":{"line":6,"column":38}},"type":"if","locations":[{"start":{"line":6,"column":8},"end":{"line":6,"column":38}},{"start":{},"end":{}}],"line":6},"2":{"loc":{"start":{"line":8,"column":8},"end":{"line":8,"column":47}},"type":"if","locations":[{"start":{"line":8,"column":8},"end":{"line":8,"column":47}},{"start":{},"end":{}}],"line":8},"3":{"loc":{"start":{"line":10,"column":8},"end":{"line":10,"column":39}},"type":"if","locations":[{"start":{"line":10,"column":8},"end":{"line":10,"column":39}},{"start":{},"end":{}}],"line":10},"4":{"loc":{"start":{"line":17,"column":12},"end":{"line":20,"column":13}},"type":"if","locations":[{"start":{"line":17,"column":12},"end":{"line":20,"column":13}},{"start":{},"end":{}}],"line":17},"5":{"loc":{"start":{"line":27,"column":8},"end":{"line":31,"column":9}},"type":"if","locations":[{"start":{"line":27,"column":8},"end":{"line":31,"column":9}},{"start":{},"end":{}}],"line":27},"6":{"loc":{"start":{"line":35,"column":8},"end":{"line":38,"column":9}},"type":"if","locations":[{"start":{"line":35,"column":8},"end":{"line":38,"column":9}},{"start":{},"end":{}}],"line":35},"7":{"loc":{"start":{"line":52,"column":12},"end":{"line":54,"column":13}},"type":"if","locations":[{"start":{"line":52,"column":12},"end":{"line":54,"column":13}},{"start":{},"end":{}}],"line":52}},"s":{"0":4,"1":4,"2":4,"3":0,"4":4,"5":4,"6":0,"7":4,"8":4,"9":0,"10":4,"11":4,"12":4,"13":4,"14":4,"15":0,"16":0,"17":0,"18":0,"19":4,"20":4,"21":4,"22":1,"23":1,"24":1,"25":3,"26":3,"27":1,"28":1,"29":2,"30":2,"31":2,"32":4,"33":4,"34":8,"35":3,"36":3,"37":3},"f":{"0":4,"1":4,"2":0,"3":0,"4":4,"5":8,"6":3},"b":{"0":[0],"1":[0,4],"2":[0,4],"3":[0,4],"4":[0,0],"5":[1,3],"6":[1,2],"7":[3,0]},"_coverageSchema":"1a1c01bbd47fc00a2c39e90264f33305004495a9","hash":"f636d5789c03909c59483d299bdc99ec3c641d99"}
}
