TN:
SF:app\static\js\categorias.js
FN:1,(anonymous_0)
FN:9,showNotification
FN:20,(anonymous_2)
FN:23,(anonymous_3)
FN:28,showNotificationAndReload
FN:41,(anonymous_5)
FN:49,(anonymous_6)
FN:64,(anonymous_7)
FN:66,(anonymous_8)
FN:83,(anonymous_9)
FN:122,(anonymous_10)
FN:145,(anonymous_11)
FNF:12
FNH:12
FNDA:91,(anonymous_0)
FNDA:24,showNotification
FNDA:13,(anonymous_2)
FNDA:1,(anonymous_3)
FNDA:1,showNotificationAndReload
FNDA:12,(anonymous_5)
FNDA:5,(anonymous_6)
FNDA:57,(anonymous_7)
FNDA:1,(anonymous_8)
FNDA:20,(anonymous_9)
FNDA:2,(anonymous_10)
FNDA:2,(anonymous_11)
DA:1,13
DA:2,91
DA:3,91
DA:4,91
DA:5,91
DA:6,91
DA:7,91
DA:10,24
DA:11,24
DA:13,24
DA:14,24
DA:16,24
DA:17,24
DA:18,24
DA:19,24
DA:20,24
DA:21,13
DA:22,13
DA:23,13
DA:29,1
DA:30,1
DA:31,1
DA:34,91
DA:35,91
DA:36,1
DA:37,1
DA:38,1
DA:41,91
DA:42,12
DA:43,12
DA:44,12
DA:47,91
DA:48,91
DA:49,87
DA:50,5
DA:51,5
DA:52,5
DA:53,5
DA:56,4
DA:59,91
DA:60,91
DA:61,91
DA:62,91
DA:64,91
DA:66,91
DA:67,1
DA:68,1
DA:69,1
DA:70,1
DA:72,1
DA:74,0
DA:75,0
DA:76,0
DA:79,1
DA:83,91
DA:84,20
DA:85,20
DA:87,20
DA:88,13
DA:89,13
DA:92,7
DA:93,7
DA:95,7
DA:96,7
DA:98,7
DA:99,7
DA:105,7
DA:106,1
DA:107,1
DA:110,0
DA:112,0
DA:113,0
DA:116,7
DA:118,7
DA:122,91
DA:123,2
DA:125,2
DA:127,2
DA:128,2
DA:130,2
DA:131,1
DA:132,1
DA:135,1
DA:137,1
DA:138,1
DA:141,1
DA:145,91
DA:146,2
DA:148,1
DA:149,1
DA:151,1
DA:152,0
DA:153,0
DA:156,1
DA:157,1
DA:158,1
DA:161,0
DA:165,1
LF:98
LH:89
BRDA:9,0,0,10
BRDA:11,1,0,0
BRDA:11,1,1,24
BRDA:14,2,0,18
BRDA:14,2,1,6
BRDA:21,3,0,13
BRDA:21,3,1,0
BRDA:28,4,0,0
BRDA:35,5,0,1
BRDA:35,5,1,90
BRDA:48,6,0,87
BRDA:48,6,1,4
BRDA:61,7,0,91
BRDA:61,7,1,0
BRDA:62,8,0,91
BRDA:62,8,1,0
BRDA:64,9,0,6
BRDA:64,9,1,51
BRDA:72,10,0,1
BRDA:72,10,1,0
BRDA:72,11,0,1
BRDA:72,11,1,0
BRDA:72,11,2,0
BRDA:87,12,0,13
BRDA:87,12,1,7
BRDA:92,13,0,0
BRDA:92,13,1,7
BRDA:93,14,0,0
BRDA:93,14,1,7
BRDA:105,15,0,1
BRDA:105,15,1,0
BRDA:107,16,0,1
BRDA:107,16,1,1
BRDA:107,16,2,0
BRDA:112,17,0,0
BRDA:112,17,1,0
BRDA:123,18,0,0
BRDA:123,18,1,2
BRDA:130,19,0,1
BRDA:130,19,1,1
BRDA:132,20,0,1
BRDA:132,20,1,1
BRDA:132,20,2,0
BRDA:137,21,0,0
BRDA:137,21,1,1
BRDA:146,22,0,1
BRDA:146,22,1,1
BRDA:151,23,0,0
BRDA:151,23,1,1
BRDA:156,24,0,1
BRDA:156,24,1,0
BRDA:158,25,0,1
BRDA:158,25,1,0
BRDA:158,25,2,0
BRF:54
BRH:33
end_of_record
TN:
SF:app\static\js\consultas.js
FN:1,(anonymous_0)
FN:10,formatarValor
FN:20,criarLink
FN:29,criarLinha
FN:31,(anonymous_4)
FN:46,(anonymous_5)
FN:52,(anonymous_6)
FN:61,(anonymous_7)
FN:70,(anonymous_8)
FN:77,(anonymous_9)
FN:104,(anonymous_10)
FN:115,(anonymous_11)
FN:137,renderizarResultados
FN:153,(anonymous_13)
FN:157,(anonymous_14)
FNF:15
FNH:13
FNDA:28,(anonymous_0)
FNDA:16,formatarValor
FNDA:16,criarLink
FNDA:4,criarLinha
FNDA:16,(anonymous_4)
FNDA:1,(anonymous_5)
FNDA:3,(anonymous_6)
FNDA:0,(anonymous_7)
FNDA:0,(anonymous_8)
FNDA:6,(anonymous_9)
FNDA:2,(anonymous_10)
FNDA:22,(anonymous_11)
FNDA:3,renderizarResultados
FNDA:8,(anonymous_13)
FNDA:4,(anonymous_14)
DA:1,7
DA:3,28
DA:4,28
DA:5,28
DA:6,28
DA:7,28
DA:8,28
DA:11,16
DA:12,4
DA:14,12
DA:15,12
DA:16,12
DA:17,6
DA:21,16
DA:22,4
DA:23,4
DA:24,4
DA:26,12
DA:30,4
DA:31,4
DA:32,16
DA:33,16
DA:34,16
DA:35,16
DA:37,4
DA:38,4
DA:41,28
DA:46,1
DA:53,3
DA:54,3
DA:62,0
DA:63,0
DA:71,0
DA:72,0
DA:77,28
DA:78,6
DA:79,6
DA:80,6
DA:82,6
DA:83,0
DA:84,0
DA:87,6
DA:88,6
DA:89,3
DA:90,3
DA:91,3
DA:94,3
DA:95,3
DA:97,3
DA:98,3
DA:99,3
DA:101,2
DA:103,1
DA:104,1
DA:105,2
DA:107,1
DA:110,2
DA:111,2
DA:115,28
DA:116,22
DA:117,22
DA:118,22
DA:120,22
DA:122,22
DA:124,22
DA:125,22
DA:126,22
DA:128,4
DA:130,3
DA:133,19
DA:139,3
DA:141,3
DA:142,1
DA:143,1
DA:146,2
DA:147,2
DA:149,2
DA:153,8
DA:157,2
DA:158,4
DA:161,2
DA:162,2
LF:82
LH:76
BRDA:11,0,0,4
BRDA:11,0,1,12
BRDA:11,1,0,16
BRDA:11,1,1,4
BRDA:14,2,0,0
BRDA:14,2,1,12
BRDA:15,3,0,0
BRDA:15,3,1,12
BRDA:16,4,0,6
BRDA:16,4,1,6
BRDA:16,5,0,12
BRDA:16,5,1,12
BRDA:21,6,0,4
BRDA:21,6,1,12
BRDA:22,7,0,4
BRDA:22,7,1,0
BRDA:46,8,0,1
BRDA:46,8,1,0
BRDA:46,9,0,1
BRDA:46,9,1,0
BRDA:53,10,0,1
BRDA:53,10,1,2
BRDA:53,11,0,1
BRDA:53,11,1,1
BRDA:62,12,0,0
BRDA:62,12,1,0
BRDA:62,13,0,0
BRDA:62,13,1,0
BRDA:71,14,0,0
BRDA:71,14,1,0
BRDA:71,15,0,0
BRDA:71,15,1,0
BRDA:82,16,0,0
BRDA:82,16,1,6
BRDA:88,17,0,3
BRDA:88,17,1,3
BRDA:94,18,0,3
BRDA:94,18,1,0
BRDA:101,19,0,1
BRDA:101,19,1,1
BRDA:101,20,0,1
BRDA:101,20,1,1
BRDA:101,20,2,0
BRDA:120,21,0,0
BRDA:120,21,1,22
BRDA:120,22,0,22
BRDA:120,22,1,22
BRDA:128,23,0,1
BRDA:128,23,1,3
BRDA:128,24,0,1
BRDA:128,24,1,1
BRDA:128,24,2,0
BRDA:141,25,0,1
BRDA:141,25,1,2
BRDA:141,26,0,3
BRDA:141,26,1,3
BRDA:147,27,0,0
BRDA:147,27,1,2
BRDA:151,28,0,2
BRDA:151,28,1,0
BRF:60
BRH:40
end_of_record
TN:
SF:app\static\js\detalhe_contrato.js
FN:1,(anonymous_0)
FN:11,showNotification
FN:22,(anonymous_2)
FN:25,(anonymous_3)
FN:30,reloadPageWithMessage
FN:36,parseBrazilianFloat
FN:55,(anonymous_6)
FN:65,(anonymous_7)
FN:93,(anonymous_8)
FN:158,(anonymous_9)
FN:180,(anonymous_10)
FN:202,(anonymous_11)
FN:230,(anonymous_12)
FN:241,(anonymous_13)
FNF:14
FNH:12
FNDA:91,(anonymous_0)
FNDA:39,showNotification
FNDA:0,(anonymous_2)
FNDA:0,(anonymous_3)
FNDA:3,reloadPageWithMessage
FNDA:25,parseBrazilianFloat
FNDA:6,(anonymous_6)
FNDA:2,(anonymous_7)
FNDA:15,(anonymous_8)
FNDA:1,(anonymous_9)
FNDA:1,(anonymous_10)
FNDA:1,(anonymous_11)
FNDA:12,(anonymous_12)
FNDA:23,(anonymous_13)
DA:1,13
DA:3,91
DA:4,91
DA:5,91
DA:6,91
DA:7,91
DA:9,91
DA:12,39
DA:13,39
DA:15,39
DA:16,39
DA:18,39
DA:19,39
DA:20,39
DA:21,39
DA:22,39
DA:23,0
DA:24,0
DA:25,0
DA:31,3
DA:32,3
DA:33,3
DA:37,25
DA:38,25
DA:39,25
DA:40,25
DA:41,5
DA:43,20
DA:46,91
DA:47,91
DA:48,1
DA:49,1
DA:50,1
DA:53,91
DA:54,91
DA:55,91
DA:56,6
DA:57,6
DA:58,6
DA:59,6
DA:60,6
DA:61,6
DA:65,91
DA:66,2
DA:67,2
DA:68,2
DA:69,2
DA:70,2
DA:72,1
DA:74,1
DA:75,5
DA:76,1
DA:78,4
DA:79,2
DA:81,2
DA:82,1
DA:86,1
DA:87,1
DA:89,1
DA:93,91
DA:94,15
DA:96,15
DA:99,15
DA:100,15
DA:101,15
DA:103,15
DA:104,15
DA:105,10
DA:108,5
DA:109,5
DA:110,5
DA:111,5
DA:114,10
DA:126,10
DA:127,10
DA:129,10
DA:130,10
DA:136,10
DA:137,1
DA:138,1
DA:141,1
DA:143,1
DA:144,1
DA:145,1
DA:147,1
DA:148,1
DA:151,9
DA:153,10
DA:154,10
DA:158,91
DA:159,1
DA:161,1
DA:163,1
DA:164,1
DA:166,1
DA:167,0
DA:168,0
DA:171,1
DA:172,1
DA:174,1
DA:176,0
DA:180,91
DA:181,1
DA:182,0
DA:183,0
DA:185,0
DA:186,0
DA:187,0
DA:190,0
DA:191,0
DA:192,0
DA:195,0
DA:198,0
DA:202,91
DA:203,1
DA:204,1
DA:206,1
DA:207,1
DA:209,1
DA:210,0
DA:211,0
DA:214,1
DA:215,1
DA:216,1
DA:219,0
DA:222,1
DA:226,91
DA:227,91
DA:229,91
DA:230,91
DA:231,12
DA:232,12
DA:233,12
DA:234,12
DA:235,0
DA:240,91
DA:241,91
DA:242,23
DA:244,23
DA:245,23
DA:247,23
DA:248,23
DA:249,0
DA:250,0
DA:252,23
DA:253,23
DA:254,23
DA:255,12
DA:256,12
DA:258,11
DA:259,0
DA:260,0
DA:263,11
DA:264,11
DA:266,11
DA:267,11
DA:272,11
DA:274,1
DA:275,0
DA:278,1
DA:279,1
DA:281,1
DA:284,10
DA:286,11
DA:287,11
LF:165
LH:140
BRDA:11,0,0,26
BRDA:13,1,0,0
BRDA:13,1,1,39
BRDA:16,2,0,31
BRDA:16,2,1,8
BRDA:23,3,0,0
BRDA:23,3,1,0
BRDA:30,4,0,0
BRDA:37,5,0,0
BRDA:37,5,1,25
BRDA:40,6,0,5
BRDA:40,6,1,20
BRDA:40,7,0,25
BRDA:40,7,1,20
BRDA:47,8,0,1
BRDA:47,8,1,90
BRDA:54,9,0,91
BRDA:54,9,1,0
BRDA:60,10,0,3
BRDA:60,10,1,3
BRDA:61,11,0,3
BRDA:61,11,1,3
BRDA:70,12,0,1
BRDA:70,12,1,1
BRDA:70,13,0,1
BRDA:70,13,1,0
BRDA:70,13,2,0
BRDA:75,14,0,1
BRDA:75,14,1,4
BRDA:75,15,0,5
BRDA:75,15,1,1
BRDA:78,16,0,2
BRDA:78,16,1,2
BRDA:78,17,0,4
BRDA:78,17,1,3
BRDA:78,17,2,2
BRDA:81,18,0,1
BRDA:81,18,1,1
BRDA:116,19,0,10
BRDA:116,19,1,10
BRDA:126,20,0,0
BRDA:126,20,1,10
BRDA:127,21,0,0
BRDA:127,21,1,10
BRDA:136,22,0,1
BRDA:136,22,1,1
BRDA:138,23,0,1
BRDA:138,23,1,1
BRDA:138,23,2,0
BRDA:147,24,0,0
BRDA:147,24,1,1
BRDA:159,25,0,0
BRDA:159,25,1,1
BRDA:159,26,0,1
BRDA:159,26,1,0
BRDA:166,27,0,0
BRDA:166,27,1,1
BRDA:168,28,0,0
BRDA:168,28,1,0
BRDA:168,28,2,0
BRDA:172,29,0,0
BRDA:172,29,1,1
BRDA:181,30,0,1
BRDA:181,30,1,0
BRDA:185,31,0,0
BRDA:185,31,1,0
BRDA:190,32,0,0
BRDA:190,32,1,0
BRDA:192,33,0,0
BRDA:192,33,1,0
BRDA:192,33,2,0
BRDA:204,34,0,0
BRDA:204,34,1,1
BRDA:209,35,0,0
BRDA:209,35,1,1
BRDA:214,36,0,1
BRDA:214,36,1,0
BRDA:216,37,0,1
BRDA:216,37,1,0
BRDA:216,37,2,0
BRDA:229,38,0,91
BRDA:229,38,1,0
BRDA:229,39,0,91
BRDA:229,39,1,91
BRDA:232,40,0,12
BRDA:232,40,1,0
BRDA:234,41,0,0
BRDA:234,41,1,12
BRDA:240,42,0,91
BRDA:240,42,1,0
BRDA:248,43,0,0
BRDA:248,43,1,23
BRDA:248,44,0,23
BRDA:248,44,1,23
BRDA:248,44,2,23
BRDA:254,45,0,12
BRDA:254,45,1,11
BRDA:254,46,0,23
BRDA:254,46,1,12
BRDA:254,46,2,0
BRDA:258,47,0,0
BRDA:258,47,1,11
BRDA:258,48,0,11
BRDA:258,48,1,11
BRDA:274,49,0,0
BRDA:274,49,1,1
BRDA:275,50,0,0
BRDA:275,50,1,0
BRDA:275,50,2,0
BRDA:279,51,0,1
BRDA:279,51,1,0
BRF:111
BRH:67
end_of_record
TN:
SF:app\static\js\detalhe_pedido.js
FN:1,(anonymous_0)
FN:7,showNotification
FN:20,(anonymous_2)
FN:23,(anonymous_3)
FN:28,reloadPageWithMessage
FN:34,parseBrazilianFloat
FN:51,updateAocsField
FN:69,updateAocsDate
FN:94,(anonymous_8)
FN:121,(anonymous_9)
FN:122,(anonymous_10)
FN:126,(anonymous_11)
FN:186,(anonymous_12)
FN:187,(anonymous_13)
FN:188,(anonymous_14)
FN:195,(anonymous_15)
FN:214,(anonymous_16)
FN:215,(anonymous_17)
FN:217,(anonymous_18)
FN:268,(anonymous_19)
FN:275,(anonymous_20)
FN:324,(anonymous_21)
FN:344,(anonymous_22)
FN:377,(anonymous_23)
FNF:24
FNH:15
FNDA:15,(anonymous_0)
FNDA:5,showNotification
FNDA:0,(anonymous_2)
FNDA:0,(anonymous_3)
FNDA:8,reloadPageWithMessage
FNDA:3,parseBrazilianFloat
FNDA:5,updateAocsField
FNDA:0,updateAocsDate
FNDA:1,(anonymous_8)
FNDA:0,(anonymous_9)
FNDA:15,(anonymous_10)
FNDA:3,(anonymous_11)
FNDA:5,(anonymous_12)
FNDA:0,(anonymous_13)
FNDA:0,(anonymous_14)
FNDA:1,(anonymous_15)
FNDA:0,(anonymous_16)
FNDA:15,(anonymous_17)
FNDA:1,(anonymous_18)
FNDA:0,(anonymous_19)
FNDA:4,(anonymous_20)
FNDA:0,(anonymous_21)
FNDA:2,(anonymous_22)
FNDA:4,(anonymous_23)
DA:1,5
DA:3,15
DA:5,15
DA:8,5
DA:10,5
DA:11,5
DA:13,5
DA:14,5
DA:16,5
DA:17,5
DA:18,5
DA:19,5
DA:20,5
DA:21,0
DA:22,0
DA:23,0
DA:29,8
DA:30,8
DA:31,8
DA:35,3
DA:36,3
DA:37,3
DA:38,3
DA:39,0
DA:41,3
DA:44,15
DA:45,15
DA:46,0
DA:47,0
DA:48,0
DA:52,5
DA:53,5
DA:54,5
DA:59,5
DA:61,5
DA:63,5
DA:65,0
DA:70,0
DA:71,0
DA:72,0
DA:77,0
DA:79,0
DA:81,0
DA:83,0
DA:87,15
DA:88,15
DA:89,15
DA:90,15
DA:91,15
DA:92,15
DA:94,15
DA:95,1
DA:96,0
DA:97,0
DA:98,0
DA:100,1
DA:101,1
DA:103,1
DA:104,1
DA:106,1
DA:107,1
DA:108,1
DA:110,1
DA:111,1
DA:112,1
DA:113,1
DA:115,1
DA:116,1
DA:117,1
DA:120,15
DA:121,15
DA:122,15
DA:125,15
DA:126,15
DA:127,3
DA:128,3
DA:129,3
DA:132,3
DA:134,3
DA:135,3
DA:137,3
DA:138,0
DA:141,0
DA:142,0
DA:145,3
DA:146,3
DA:148,3
DA:149,3
DA:150,3
DA:152,3
DA:153,3
DA:163,3
DA:165,3
DA:167,3
DA:169,3
DA:172,0
DA:174,3
DA:175,3
DA:179,0
DA:182,15
DA:183,15
DA:184,15
DA:186,15
DA:187,15
DA:188,15
DA:190,15
DA:191,15
DA:192,15
DA:194,15
DA:195,15
DA:196,1
DA:197,1
DA:198,1
DA:199,1
DA:200,1
DA:202,1
DA:203,1
DA:204,1
DA:205,1
DA:206,1
DA:208,1
DA:210,0
DA:214,15
DA:215,15
DA:217,15
DA:218,1
DA:219,1
DA:220,1
DA:228,1
DA:229,1
DA:230,1
DA:232,1
DA:233,1
DA:234,1
DA:235,1
DA:236,1
DA:237,1
DA:239,1
DA:244,1
DA:246,1
DA:248,1
DA:250,1
DA:252,0
DA:254,1
DA:255,1
DA:259,0
DA:262,15
DA:263,15
DA:264,15
DA:265,15
DA:267,15
DA:268,15
DA:269,0
DA:270,0
DA:271,0
DA:272,0
DA:275,15
DA:276,4
DA:277,4
DA:278,4
DA:280,4
DA:281,0
DA:283,4
DA:284,4
DA:285,4
DA:286,0
DA:288,4
DA:289,0
DA:292,4
DA:293,4
DA:295,4
DA:296,4
DA:298,4
DA:299,4
DA:300,4
DA:301,4
DA:302,4
DA:305,0
DA:307,0
DA:309,0
DA:310,0
DA:311,0
DA:314,0
DA:316,4
DA:317,4
DA:321,0
DA:324,15
DA:325,0
DA:326,0
DA:327,0
DA:329,0
DA:330,0
DA:331,0
DA:333,0
DA:334,0
DA:335,0
DA:338,0
DA:342,15
DA:343,15
DA:344,15
DA:345,2
DA:347,2
DA:348,2
DA:349,2
DA:350,2
DA:351,2
DA:352,2
DA:354,2
DA:356,2
DA:357,2
DA:358,2
DA:359,2
DA:360,2
DA:363,0
DA:364,0
DA:366,0
DA:367,0
DA:368,0
DA:372,0
DA:377,15
DA:378,4
DA:379,4
LF:222
LH:166
BRDA:7,0,0,0
BRDA:8,1,0,0
BRDA:8,1,1,5
BRDA:11,2,0,0
BRDA:11,2,1,5
BRDA:14,3,0,4
BRDA:14,3,1,1
BRDA:21,4,0,0
BRDA:21,4,1,0
BRDA:28,5,0,0
BRDA:35,6,0,0
BRDA:35,6,1,3
BRDA:38,7,0,0
BRDA:38,7,1,3
BRDA:38,8,0,3
BRDA:38,8,1,3
BRDA:45,9,0,0
BRDA:45,9,1,15
BRDA:46,10,0,0
BRDA:46,10,1,0
BRDA:61,11,0,0
BRDA:61,11,1,5
BRDA:61,12,0,0
BRDA:61,12,1,0
BRDA:61,12,2,0
BRDA:63,13,0,5
BRDA:63,13,1,5
BRDA:79,14,0,0
BRDA:79,14,1,0
BRDA:79,15,0,0
BRDA:79,15,1,0
BRDA:79,15,2,0
BRDA:81,16,0,0
BRDA:81,16,1,0
BRDA:95,17,0,0
BRDA:95,17,1,1
BRDA:95,18,0,1
BRDA:95,18,1,1
BRDA:95,18,2,1
BRDA:95,18,3,1
BRDA:95,18,4,1
BRDA:120,19,0,15
BRDA:120,19,1,0
BRDA:125,20,0,15
BRDA:125,20,1,0
BRDA:137,21,0,0
BRDA:137,21,1,3
BRDA:137,22,0,3
BRDA:137,22,1,3
BRDA:145,23,0,0
BRDA:145,23,1,3
BRDA:146,24,0,0
BRDA:146,24,1,3
BRDA:146,25,0,3
BRDA:146,25,1,3
BRDA:165,26,0,0
BRDA:165,26,1,3
BRDA:165,27,0,0
BRDA:165,27,1,0
BRDA:165,27,2,0
BRDA:186,28,0,15
BRDA:186,28,1,0
BRDA:187,29,0,15
BRDA:187,29,1,0
BRDA:188,30,0,15
BRDA:188,30,1,0
BRDA:194,31,0,15
BRDA:194,31,1,0
BRDA:194,32,0,15
BRDA:194,32,1,15
BRDA:194,32,2,15
BRDA:200,33,0,0
BRDA:200,33,1,1
BRDA:200,34,0,0
BRDA:200,34,1,0
BRDA:200,34,2,0
BRDA:202,35,0,1
BRDA:202,35,1,0
BRDA:203,36,0,1
BRDA:203,36,1,0
BRDA:204,37,0,1
BRDA:204,37,1,1
BRDA:205,38,0,1
BRDA:205,38,1,1
BRDA:206,39,0,1
BRDA:206,39,1,1
BRDA:236,40,0,0
BRDA:236,40,1,1
BRDA:246,41,0,0
BRDA:246,41,1,1
BRDA:246,42,0,0
BRDA:246,42,1,0
BRDA:246,42,2,0
BRDA:267,43,0,15
BRDA:267,43,1,0
BRDA:267,44,0,15
BRDA:267,44,1,15
BRDA:267,44,2,15
BRDA:267,44,3,15
BRDA:270,45,0,0
BRDA:270,45,1,0
BRDA:272,46,0,0
BRDA:272,46,1,0
BRDA:280,47,0,0
BRDA:280,47,1,4
BRDA:280,48,0,4
BRDA:280,48,1,4
BRDA:285,49,0,0
BRDA:285,49,1,4
BRDA:285,50,0,4
BRDA:285,50,1,0
BRDA:285,50,2,0
BRDA:288,51,0,0
BRDA:288,51,1,4
BRDA:288,52,0,4
BRDA:288,52,1,0
BRDA:298,53,0,4
BRDA:298,53,1,0
BRDA:300,54,0,4
BRDA:300,54,1,0
BRDA:307,55,0,0
BRDA:307,55,1,0
BRDA:307,56,0,0
BRDA:307,56,1,0
BRDA:307,56,2,0
BRDA:310,57,0,0
BRDA:310,57,1,0
BRDA:325,58,0,0
BRDA:325,58,1,0
BRDA:329,59,0,0
BRDA:329,59,1,0
BRDA:334,60,0,0
BRDA:334,60,1,0
BRDA:334,61,0,0
BRDA:334,61,1,0
BRDA:334,61,2,0
BRDA:335,62,0,0
BRDA:335,62,1,0
BRDA:343,63,0,15
BRDA:343,63,1,0
BRDA:345,64,0,0
BRDA:345,64,1,2
BRDA:351,65,0,0
BRDA:351,65,1,2
BRDA:356,66,0,2
BRDA:356,66,1,0
BRDA:364,67,0,0
BRDA:364,67,1,0
BRDA:364,68,0,0
BRDA:364,68,1,0
BRDA:364,68,2,0
BRDA:366,69,0,0
BRDA:366,69,1,0
BRDA:378,70,0,0
BRDA:378,70,1,4
BRDA:378,71,0,4
BRDA:378,71,1,4
BRDA:379,72,0,0
BRDA:379,72,1,4
BRDA:379,73,0,4
BRDA:379,73,1,4
BRF:161
BRH:70
end_of_record
TN:
SF:app\static\js\gerenciar_tabelas.js
FN:1,(anonymous_0)
FN:15,showNotification
FN:27,(anonymous_2)
FN:30,(anonymous_3)
FN:35,(anonymous_4)
FN:42,carregarTabela
FN:83,(anonymous_6)
FN:101,abrirModalParaNovo
FN:109,(anonymous_8)
FN:118,(anonymous_9)
FN:163,(anonymous_10)
FN:187,(anonymous_11)
FN:188,(anonymous_12)
FN:190,(anonymous_13)
FN:203,(anonymous_14)
FNF:15
FNH:13
FNDA:36,(anonymous_0)
FNDA:25,showNotification
FNDA:0,(anonymous_2)
FNDA:0,(anonymous_3)
FNDA:9,(anonymous_4)
FNDA:38,carregarTabela
FNDA:12,(anonymous_6)
FNDA:2,abrirModalParaNovo
FNDA:1,(anonymous_8)
FNDA:24,(anonymous_9)
FNDA:1,(anonymous_10)
FNDA:72,(anonymous_11)
FNDA:28,(anonymous_12)
FNDA:56,(anonymous_13)
FNDA:122,(anonymous_14)
DA:1,8
DA:3,36
DA:4,36
DA:6,36
DA:7,36
DA:8,36
DA:9,36
DA:10,36
DA:11,36
DA:12,36
DA:13,36
DA:16,25
DA:17,25
DA:18,25
DA:20,25
DA:21,25
DA:23,25
DA:24,25
DA:25,25
DA:26,25
DA:27,25
DA:28,0
DA:29,0
DA:30,0
DA:35,36
DA:36,9
DA:37,9
DA:38,9
DA:39,9
DA:43,38
DA:44,38
DA:46,38
DA:49,38
DA:50,0
DA:51,0
DA:55,38
DA:56,38
DA:58,38
DA:59,38
DA:60,38
DA:62,38
DA:63,0
DA:64,0
DA:67,38
DA:68,38
DA:69,38
DA:71,38
DA:72,38
DA:73,38
DA:75,38
DA:77,35
DA:78,35
DA:79,24
DA:80,24
DA:83,11
DA:84,12
DA:85,12
DA:86,12
DA:94,12
DA:97,3
DA:102,2
DA:103,2
DA:104,2
DA:105,2
DA:106,2
DA:109,36
DA:110,1
DA:111,1
DA:112,1
DA:113,1
DA:114,1
DA:117,36
DA:118,36
DA:119,24
DA:120,24
DA:122,24
DA:123,24
DA:125,16
DA:128,16
DA:130,16
DA:131,16
DA:132,16
DA:134,16
DA:135,16
DA:141,16
DA:142,7
DA:143,7
DA:146,9
DA:148,9
DA:149,9
DA:151,9
DA:152,9
DA:155,7
DA:157,16
DA:158,16
DA:163,36
DA:164,1
DA:165,1
DA:167,1
DA:168,1
DA:172,1
DA:173,1
DA:175,0
DA:176,0
DA:177,0
DA:180,1
DA:183,0
DA:187,36
DA:188,72
DA:189,28
DA:190,56
DA:191,28
DA:192,28
DA:193,28
DA:194,28
DA:198,36
DA:199,36
DA:200,36
DA:201,36
DA:203,36
DA:204,122
LF:121
LH:110
BRDA:15,0,0,15
BRDA:16,1,0,0
BRDA:16,1,1,25
BRDA:18,2,0,0
BRDA:18,2,1,25
BRDA:21,3,0,20
BRDA:21,3,1,5
BRDA:28,4,0,0
BRDA:28,4,1,0
BRDA:36,5,0,0
BRDA:36,5,1,9
BRDA:49,6,0,0
BRDA:49,6,1,38
BRDA:62,7,0,0
BRDA:62,7,1,38
BRDA:62,8,0,38
BRDA:62,8,1,38
BRDA:62,8,2,38
BRDA:75,9,0,3
BRDA:75,9,1,35
BRDA:75,10,0,3
BRDA:75,10,1,3
BRDA:75,10,2,0
BRDA:78,11,0,24
BRDA:78,11,1,11
BRDA:102,12,0,0
BRDA:102,12,1,2
BRDA:102,13,0,2
BRDA:102,13,1,2
BRDA:102,13,2,2
BRDA:110,14,0,0
BRDA:110,14,1,1
BRDA:110,15,0,1
BRDA:110,15,1,1
BRDA:110,15,2,1
BRDA:117,16,0,36
BRDA:117,16,1,0
BRDA:122,17,0,0
BRDA:122,17,1,24
BRDA:123,18,0,8
BRDA:123,18,1,16
BRDA:125,19,0,1
BRDA:125,19,1,15
BRDA:128,20,0,1
BRDA:128,20,1,15
BRDA:141,21,0,7
BRDA:141,21,1,9
BRDA:143,22,0,7
BRDA:143,22,1,7
BRDA:143,22,2,0
BRDA:148,23,0,1
BRDA:148,23,1,8
BRDA:152,24,0,9
BRDA:152,24,1,0
BRDA:164,25,0,0
BRDA:164,25,1,1
BRDA:165,26,0,0
BRDA:165,26,1,1
BRDA:172,27,0,1
BRDA:172,27,1,0
BRDA:176,28,0,0
BRDA:176,28,1,0
BRDA:176,29,0,0
BRDA:176,29,1,0
BRDA:176,29,2,0
BRDA:177,30,0,0
BRDA:177,30,1,0
BRDA:180,31,0,1
BRDA:180,31,1,0
BRDA:200,32,0,36
BRDA:200,32,1,0
BRDA:201,33,0,36
BRDA:201,33,1,0
BRDA:204,34,0,0
BRDA:204,34,1,122
BRDA:204,35,0,122
BRDA:204,35,1,122
BRF:77
BRH:49
end_of_record
TN:
SF:app\static\js\gerenciar_usuarios.js
FN:1,(anonymous_0)
FN:11,showNotification
FN:22,(anonymous_2)
FN:25,(anonymous_3)
FN:30,showNotificationAndReload
FN:43,(anonymous_5)
FN:50,(anonymous_6)
FN:60,(anonymous_7)
FN:84,(anonymous_8)
FN:108,(anonymous_9)
FN:124,(anonymous_10)
FN:125,(anonymous_11)
FN:128,(anonymous_12)
FNF:13
FNH:10
FNDA:28,(anonymous_0)
FNDA:4,showNotification
FNDA:0,(anonymous_2)
FNDA:0,(anonymous_3)
FNDA:7,showNotificationAndReload
FNDA:0,(anonymous_5)
FNDA:6,(anonymous_6)
FNDA:2,(anonymous_7)
FNDA:1,(anonymous_8)
FNDA:1,(anonymous_9)
FNDA:28,(anonymous_10)
FNDA:10,(anonymous_11)
FNDA:9,(anonymous_12)
DA:1,7
DA:3,28
DA:4,28
DA:5,28
DA:6,28
DA:7,28
DA:8,28
DA:9,28
DA:12,4
DA:13,4
DA:14,4
DA:15,4
DA:16,4
DA:18,4
DA:19,4
DA:20,4
DA:21,4
DA:22,4
DA:23,0
DA:24,0
DA:25,0
DA:31,7
DA:32,7
DA:33,7
DA:36,28
DA:37,28
DA:38,0
DA:39,0
DA:40,0
DA:43,28
DA:44,0
DA:45,0
DA:46,0
DA:47,0
DA:50,28
DA:51,6
DA:52,6
DA:53,6
DA:54,6
DA:55,6
DA:56,6
DA:57,6
DA:60,28
DA:61,2
DA:62,2
DA:63,2
DA:64,2
DA:65,2
DA:66,2
DA:68,2
DA:70,1
DA:71,1
DA:72,1
DA:74,1
DA:75,1
DA:76,1
DA:78,1
DA:80,1
DA:84,28
DA:85,1
DA:87,1
DA:89,1
DA:90,1
DA:96,1
DA:98,1
DA:100,1
DA:101,1
DA:104,0
DA:108,28
DA:109,1
DA:110,1
DA:111,1
DA:112,1
DA:114,1
DA:116,1
DA:119,0
DA:123,28
DA:124,28
DA:125,28
DA:127,28
DA:128,28
DA:129,9
DA:131,9
DA:132,9
DA:134,9
DA:135,9
DA:136,0
DA:137,0
DA:140,9
DA:141,9
DA:143,9
DA:144,9
DA:145,1
DA:150,8
DA:156,8
DA:157,3
DA:158,3
DA:162,6
DA:163,6
DA:164,6
DA:166,6
DA:167,6
DA:173,6
DA:175,6
DA:177,6
DA:178,6
DA:181,0
DA:183,6
DA:184,6
LF:109
LH:94
BRDA:11,0,0,1
BRDA:12,1,0,0
BRDA:12,1,1,4
BRDA:14,2,0,0
BRDA:14,2,1,4
BRDA:16,3,0,2
BRDA:16,3,1,2
BRDA:23,4,0,0
BRDA:23,4,1,0
BRDA:30,5,0,0
BRDA:37,6,0,0
BRDA:37,6,1,28
BRDA:44,7,0,0
BRDA:44,7,1,0
BRDA:51,8,0,0
BRDA:51,8,1,6
BRDA:51,9,0,6
BRDA:51,9,1,6
BRDA:51,9,2,6
BRDA:51,9,3,6
BRDA:61,10,0,0
BRDA:61,10,1,2
BRDA:61,11,0,2
BRDA:61,11,1,2
BRDA:61,11,2,2
BRDA:61,11,3,2
BRDA:68,12,0,1
BRDA:68,12,1,1
BRDA:68,13,0,1
BRDA:68,13,1,0
BRDA:68,13,2,0
BRDA:85,14,0,0
BRDA:85,14,1,1
BRDA:85,15,0,1
BRDA:85,15,1,0
BRDA:98,16,0,0
BRDA:98,16,1,1
BRDA:98,17,0,0
BRDA:98,17,1,0
BRDA:98,17,2,0
BRDA:100,18,0,0
BRDA:100,18,1,1
BRDA:109,19,0,0
BRDA:109,19,1,1
BRDA:114,20,0,0
BRDA:114,20,1,1
BRDA:114,21,0,0
BRDA:114,21,1,0
BRDA:114,21,2,0
BRDA:123,22,0,28
BRDA:123,22,1,0
BRDA:124,23,0,28
BRDA:124,23,1,0
BRDA:125,24,0,0
BRDA:125,24,1,10
BRDA:125,25,0,10
BRDA:125,25,1,10
BRDA:127,26,0,28
BRDA:127,26,1,0
BRDA:135,27,0,0
BRDA:135,27,1,9
BRDA:140,28,0,1
BRDA:140,28,1,8
BRDA:141,29,0,1
BRDA:141,29,1,8
BRDA:144,30,0,1
BRDA:144,30,1,8
BRDA:156,31,0,3
BRDA:156,31,1,5
BRDA:156,32,0,8
BRDA:156,32,1,8
BRDA:175,33,0,0
BRDA:175,33,1,6
BRDA:175,34,0,0
BRDA:175,34,1,0
BRDA:175,34,2,0
BRDA:177,35,0,1
BRDA:177,35,1,5
BRF:78
BRH:45
end_of_record
TN:
SF:app\static\js\importar.js
FN:1,(anonymous_0)
FN:5,escapeHtml
FN:16,formatBrazilianNumber
FN:23,formatDateForPreview
FN:41,(anonymous_4)
FN:42,(anonymous_5)
FN:44,(anonymous_6)
FN:45,(anonymous_7)
FN:56,showNotification
FN:67,(anonymous_9)
FN:70,(anonymous_10)
FN:84,setupImportSection
FN:109,(anonymous_12)
FN:159,(anonymous_13)
FN:200,renderPreview
FN:215,(anonymous_15)
FN:217,(anonymous_16)
FN:219,(anonymous_17)
FNF:18
FNH:16
FNDA:8,(anonymous_0)
FNDA:6,escapeHtml
FNDA:1,formatBrazilianNumber
FNDA:1,formatDateForPreview
FNDA:16,(anonymous_4)
FNDA:2,(anonymous_5)
FNDA:4,(anonymous_6)
FNDA:4,(anonymous_7)
FNDA:3,showNotification
FNDA:0,(anonymous_9)
FNDA:0,(anonymous_10)
FNDA:16,setupImportSection
FNDA:3,(anonymous_12)
FNDA:3,(anonymous_13)
FNDA:2,renderPreview
FNDA:6,(anonymous_15)
FNDA:2,(anonymous_16)
FNDA:6,(anonymous_17)
DA:1,8
DA:6,6
DA:7,6
DA:8,6
DA:17,1
DA:18,1
DA:20,0
DA:24,1
DA:25,1
DA:26,1
DA:27,1
DA:28,1
DA:31,0
DA:33,0
DA:38,8
DA:39,8
DA:40,8
DA:41,8
DA:42,16
DA:43,2
DA:44,4
DA:45,4
DA:46,2
DA:47,2
DA:48,2
DA:55,8
DA:57,3
DA:58,3
DA:59,3
DA:60,3
DA:61,3
DA:63,3
DA:64,3
DA:65,3
DA:66,3
DA:67,3
DA:68,0
DA:69,0
DA:70,0
DA:75,8
DA:76,8
DA:77,1
DA:78,1
DA:79,1
DA:85,16
DA:86,16
DA:89,16
DA:90,16
DA:92,16
DA:93,16
DA:94,16
DA:95,16
DA:97,16
DA:99,16
DA:100,0
DA:101,0
DA:104,16
DA:105,16
DA:106,16
DA:109,16
DA:111,3
DA:112,0
DA:113,0
DA:114,0
DA:117,3
DA:119,3
DA:120,3
DA:123,3
DA:125,3
DA:127,3
DA:128,3
DA:129,3
DA:132,3
DA:133,3
DA:134,3
DA:136,3
DA:137,1
DA:138,1
DA:143,2
DA:145,2
DA:148,1
DA:149,1
DA:151,3
DA:152,3
DA:153,3
DA:159,16
DA:160,3
DA:163,3
DA:164,3
DA:166,3
DA:167,1
DA:168,1
DA:171,2
DA:172,2
DA:174,2
DA:175,2
DA:180,2
DA:182,2
DA:183,1
DA:184,1
DA:187,1
DA:188,1
DA:189,1
DA:192,1
DA:193,1
DA:194,1
DA:195,1
DA:201,2
DA:202,0
DA:203,0
DA:204,0
DA:207,2
DA:209,2
DA:210,2
DA:211,2
DA:212,2
DA:214,2
DA:215,6
DA:217,2
DA:220,6
DA:222,6
DA:223,1
DA:225,5
DA:226,1
DA:229,6
DA:230,0
DA:232,6
DA:235,6
DA:237,6
DA:245,8
DA:253,8
LF:131
LH:116
BRDA:6,0,0,0
BRDA:6,0,1,6
BRDA:6,1,0,6
BRDA:6,1,1,6
BRDA:17,2,0,1
BRDA:17,2,1,0
BRDA:24,3,0,0
BRDA:24,3,1,1
BRDA:27,4,0,1
BRDA:27,4,1,0
BRDA:40,5,0,8
BRDA:40,5,1,0
BRDA:40,6,0,8
BRDA:40,6,1,8
BRDA:48,7,0,2
BRDA:48,7,1,0
BRDA:56,8,0,2
BRDA:57,9,0,0
BRDA:57,9,1,3
BRDA:59,10,0,0
BRDA:59,10,1,3
BRDA:61,11,0,0
BRDA:61,11,1,3
BRDA:68,12,0,0
BRDA:68,12,1,0
BRDA:76,13,0,1
BRDA:76,13,1,7
BRDA:86,14,0,0
BRDA:86,14,1,16
BRDA:89,15,0,0
BRDA:89,15,1,16
BRDA:97,16,0,16
BRDA:97,16,1,0
BRDA:99,17,0,0
BRDA:99,17,1,16
BRDA:99,18,0,16
BRDA:99,18,1,16
BRDA:99,18,2,16
BRDA:99,18,3,16
BRDA:106,19,0,16
BRDA:106,19,1,0
BRDA:111,20,0,0
BRDA:111,20,1,3
BRDA:111,21,0,3
BRDA:111,21,1,3
BRDA:127,22,0,3
BRDA:127,22,1,0
BRDA:136,23,0,1
BRDA:136,23,1,2
BRDA:137,24,0,1
BRDA:137,24,1,1
BRDA:137,24,2,0
BRDA:151,25,0,3
BRDA:151,25,1,0
BRDA:164,26,0,2
BRDA:164,26,1,1
BRDA:166,27,0,1
BRDA:166,27,1,2
BRDA:182,28,0,1
BRDA:182,28,1,1
BRDA:183,29,0,1
BRDA:183,29,1,1
BRDA:183,29,2,0
BRDA:187,30,0,1
BRDA:187,30,1,0
BRDA:201,31,0,0
BRDA:201,31,1,2
BRDA:201,32,0,2
BRDA:201,32,1,2
BRDA:209,33,0,2
BRDA:209,33,1,2
BRDA:210,34,0,2
BRDA:210,34,1,2
BRDA:222,35,0,1
BRDA:222,35,1,5
BRDA:222,36,0,6
BRDA:222,36,1,5
BRDA:222,36,2,5
BRDA:225,37,0,1
BRDA:225,37,1,4
BRDA:225,38,0,5
BRDA:225,38,1,5
BRDA:229,39,0,0
BRDA:229,39,1,6
BRDA:229,40,0,6
BRDA:229,40,1,6
BRF:86
BRH:62
end_of_record
TN:
SF:app\static\js\importar_itens.js
FN:1,(anonymous_0)
FN:12,showNotification
FN:23,(anonymous_2)
FN:26,(anonymous_3)
FN:31,navigateWithMessage
FN:37,formatNumberForDisplay
FN:52,(anonymous_6)
FN:87,renderizarPreview
FN:99,(anonymous_8)
FN:108,(anonymous_9)
FN:110,(anonymous_10)
FN:125,(anonymous_11)
FNF:12
FNH:10
FNDA:10,(anonymous_0)
FNDA:6,showNotification
FNDA:0,(anonymous_2)
FNDA:0,(anonymous_3)
FNDA:1,navigateWithMessage
FNDA:2,formatNumberForDisplay
FNDA:6,(anonymous_6)
FNDA:2,renderizarPreview
FNDA:4,(anonymous_8)
FNDA:2,(anonymous_9)
FNDA:4,(anonymous_10)
FNDA:7,(anonymous_11)
DA:1,4
DA:3,10
DA:4,10
DA:5,10
DA:6,10
DA:7,10
DA:8,10
DA:10,10
DA:13,6
DA:14,6
DA:15,6
DA:16,6
DA:17,6
DA:19,6
DA:20,6
DA:21,6
DA:22,6
DA:23,6
DA:24,0
DA:25,0
DA:26,0
DA:32,1
DA:33,1
DA:34,1
DA:38,2
DA:39,2
DA:41,0
DA:44,10
DA:45,10
DA:46,0
DA:47,0
DA:48,0
DA:51,10
DA:52,10
DA:53,6
DA:54,6
DA:55,6
DA:56,6
DA:58,6
DA:59,6
DA:60,6
DA:61,6
DA:63,6
DA:64,6
DA:68,6
DA:70,3
DA:72,2
DA:73,2
DA:76,4
DA:77,4
DA:79,6
DA:80,6
DA:84,0
DA:88,2
DA:89,0
DA:90,0
DA:91,0
DA:94,2
DA:95,2
DA:97,2
DA:98,2
DA:99,4
DA:100,2
DA:102,2
DA:103,2
DA:105,2
DA:107,2
DA:108,2
DA:109,2
DA:110,2
DA:111,4
DA:112,4
DA:113,0
DA:114,4
DA:115,2
DA:117,4
DA:119,2
DA:121,2
DA:124,10
DA:125,10
DA:126,7
DA:127,6
DA:128,6
DA:131,1
DA:132,1
DA:134,1
DA:135,1
DA:140,1
DA:142,1
DA:144,1
DA:146,1
DA:149,0
DA:150,0
DA:152,1
DA:153,1
DA:157,0
LF:96
LH:81
BRDA:12,0,0,6
BRDA:13,1,0,0
BRDA:13,1,1,6
BRDA:15,2,0,0
BRDA:15,2,1,6
BRDA:17,3,0,4
BRDA:17,3,1,2
BRDA:24,4,0,0
BRDA:24,4,1,0
BRDA:31,5,0,0
BRDA:38,6,0,2
BRDA:38,6,1,0
BRDA:45,7,0,0
BRDA:45,7,1,10
BRDA:51,8,0,10
BRDA:51,8,1,0
BRDA:70,9,0,1
BRDA:70,9,1,2
BRDA:70,10,0,1
BRDA:70,10,1,1
BRDA:70,10,2,0
BRDA:88,11,0,0
BRDA:88,11,1,2
BRDA:88,12,0,2
BRDA:88,12,1,2
BRDA:102,13,0,0
BRDA:102,13,1,2
BRDA:103,14,0,0
BRDA:103,14,1,2
BRDA:112,15,0,0
BRDA:112,15,1,4
BRDA:112,16,0,4
BRDA:112,16,1,4
BRDA:114,17,0,2
BRDA:114,17,1,2
BRDA:114,18,0,4
BRDA:114,18,1,3
BRDA:124,19,0,10
BRDA:124,19,1,0
BRDA:126,20,0,6
BRDA:126,20,1,1
BRDA:142,21,0,0
BRDA:142,21,1,1
BRDA:142,22,0,0
BRDA:142,22,1,0
BRDA:142,22,2,0
BRDA:144,23,0,1
BRDA:144,23,1,0
BRF:48
BRH:29
end_of_record
TN:
SF:app\static\js\index.js
FN:1,(anonymous_0)
FN:8,showNotification
FN:19,(anonymous_2)
FN:22,(anonymous_3)
FN:40,carregarCategoriasEAbrirModal
FN:55,(anonymous_5)
FN:66,(anonymous_6)
FN:89,(anonymous_7)
FN:98,(anonymous_8)
FN:103,(anonymous_9)
FNF:10
FNH:7
FNDA:8,(anonymous_0)
FNDA:3,showNotification
FNDA:0,(anonymous_2)
FNDA:0,(anonymous_3)
FNDA:2,carregarCategoriasEAbrirModal
FNDA:0,(anonymous_5)
FNDA:3,(anonymous_6)
FNDA:2,(anonymous_7)
FNDA:6,(anonymous_8)
FNDA:2,(anonymous_9)
DA:1,7
DA:3,8
DA:4,8
DA:5,8
DA:6,8
DA:9,3
DA:10,3
DA:11,3
DA:12,3
DA:13,3
DA:15,3
DA:16,3
DA:17,3
DA:18,3
DA:19,3
DA:20,0
DA:21,0
DA:22,0
DA:27,8
DA:28,8
DA:29,1
DA:30,1
DA:31,1
DA:35,8
DA:36,8
DA:37,8
DA:38,8
DA:41,2
DA:42,0
DA:43,0
DA:44,0
DA:47,2
DA:48,2
DA:49,2
DA:50,2
DA:52,2
DA:53,2
DA:55,2
DA:57,2
DA:58,1
DA:59,1
DA:62,1
DA:64,1
DA:65,1
DA:66,1
DA:67,3
DA:68,2
DA:69,2
DA:72,1
DA:73,1
DA:74,1
DA:76,0
DA:79,0
DA:83,1
DA:84,1
DA:85,1
DA:89,8
DA:90,2
DA:93,8
DA:94,8
DA:96,8
DA:97,8
DA:98,8
DA:99,6
DA:102,8
DA:103,8
DA:104,2
DA:105,2
DA:106,1
DA:108,1
LF:70
LH:62
BRDA:8,0,0,1
BRDA:9,1,0,0
BRDA:9,1,1,3
BRDA:11,2,0,0
BRDA:11,2,1,3
BRDA:13,3,0,0
BRDA:13,3,1,3
BRDA:20,4,0,0
BRDA:20,4,1,0
BRDA:28,5,0,1
BRDA:28,5,1,7
BRDA:41,6,0,0
BRDA:41,6,1,2
BRDA:41,7,0,2
BRDA:41,7,1,2
BRDA:57,8,0,1
BRDA:57,8,1,1
BRDA:58,9,0,1
BRDA:58,9,1,1
BRDA:58,9,2,0
BRDA:65,10,0,1
BRDA:65,10,1,0
BRDA:67,11,0,2
BRDA:67,11,1,1
BRDA:73,12,0,1
BRDA:73,12,1,0
BRDA:90,13,0,2
BRDA:90,13,1,0
BRDA:93,14,0,8
BRDA:93,14,1,0
BRDA:94,15,0,8
BRDA:94,15,1,0
BRDA:96,16,0,8
BRDA:96,16,1,0
BRDA:97,17,0,8
BRDA:97,17,1,0
BRDA:99,18,0,0
BRDA:99,18,1,6
BRDA:99,19,0,6
BRDA:99,19,1,6
BRDA:102,20,0,8
BRDA:102,20,1,0
BRDA:105,21,0,1
BRDA:105,21,1,1
BRF:44
BRH:28
end_of_record
TN:
SF:app\static\js\novo_pedido.js
FN:1,(anonymous_0)
FN:22,formatBrazilianNumber
FN:29,parseBrazilianFloat
FN:36,showNotification
FN:47,(anonymous_4)
FN:50,(anonymous_5)
FN:55,navigateWithMessage
FN:61,fetchItens
FN:67,(anonymous_8)
FN:85,updateSortIcons
FN:86,(anonymous_10)
FN:96,handleSort
FN:106,renderizarTabelaItens
FN:113,(anonymous_13)
FN:114,(anonymous_14)
FN:135,(anonymous_15)
FN:140,renderizarPaginacao
FN:177,(anonymous_17)
FN:179,(anonymous_18)
FN:187,renderizarCarrinho
FN:190,(anonymous_20)
FN:200,(anonymous_21)
FN:219,handleQuantidadeChange
FN:226,(anonymous_23)
FN:236,(anonymous_24)
FN:259,abrirModalFinalizar
FN:263,(anonymous_26)
FN:267,(anonymous_27)
FN:286,(anonymous_28)
FN:288,enviarPedido
FN:308,(anonymous_30)
FN:348,(anonymous_31)
FN:349,(anonymous_32)
FN:356,(anonymous_33)
FN:359,(anonymous_34)
FN:365,(anonymous_35)
FN:366,(anonymous_36)
FN:397,(anonymous_37)
FN:409,(anonymous_38)
FN:417,(anonymous_39)
FN:421,(anonymous_40)
FN:433,(anonymous_41)
FN:437,(anonymous_42)
FN:438,(anonymous_43)
FNF:44
FNH:28
FNDA:10,(anonymous_0)
FNDA:27,formatBrazilianNumber
FNDA:3,parseBrazilianFloat
FNDA:5,showNotification
FNDA:0,(anonymous_4)
FNDA:0,(anonymous_5)
FNDA:4,navigateWithMessage
FNDA:10,fetchItens
FNDA:0,(anonymous_8)
FNDA:10,updateSortIcons
FNDA:20,(anonymous_10)
FNDA:0,handleSort
FNDA:10,renderizarTabelaItens
FNDA:20,(anonymous_13)
FNDA:0,(anonymous_14)
FNDA:3,(anonymous_15)
FNDA:10,renderizarPaginacao
FNDA:0,(anonymous_17)
FNDA:0,(anonymous_18)
FNDA:3,renderizarCarrinho
FNDA:3,(anonymous_20)
FNDA:3,(anonymous_21)
FNDA:3,handleQuantidadeChange
FNDA:0,(anonymous_23)
FNDA:0,(anonymous_24)
FNDA:4,abrirModalFinalizar
FNDA:1,(anonymous_26)
FNDA:1,(anonymous_27)
FNDA:0,(anonymous_28)
FNDA:4,enviarPedido
FNDA:1,(anonymous_30)
FNDA:1,(anonymous_31)
FNDA:0,(anonymous_32)
FNDA:1,(anonymous_33)
FNDA:1,(anonymous_34)
FNDA:1,(anonymous_35)
FNDA:0,(anonymous_36)
FNDA:4,(anonymous_37)
FNDA:0,(anonymous_38)
FNDA:0,(anonymous_39)
FNDA:0,(anonymous_40)
FNDA:20,(anonymous_41)
FNDA:20,(anonymous_42)
FNDA:0,(anonymous_43)
DA:1,4
DA:3,10
DA:4,10
DA:5,10
DA:7,10
DA:8,10
DA:9,10
DA:10,10
DA:11,10
DA:12,10
DA:13,10
DA:14,10
DA:15,10
DA:16,10
DA:17,10
DA:18,10
DA:19,10
DA:20,10
DA:23,27
DA:24,27
DA:25,27
DA:26,27
DA:30,3
DA:31,3
DA:32,3
DA:33,3
DA:37,5
DA:38,5
DA:39,5
DA:40,5
DA:41,5
DA:43,5
DA:44,5
DA:45,5
DA:46,5
DA:47,5
DA:48,0
DA:49,0
DA:50,0
DA:56,4
DA:57,4
DA:58,4
DA:62,10
DA:63,10
DA:64,10
DA:65,10
DA:66,10
DA:67,10
DA:69,10
DA:70,0
DA:71,0
DA:74,10
DA:75,10
DA:76,10
DA:79,0
DA:80,0
DA:81,0
DA:86,20
DA:87,10
DA:88,10
DA:89,10
DA:90,10
DA:91,10
DA:97,0
DA:98,0
DA:100,0
DA:101,0
DA:103,0
DA:107,10
DA:108,10
DA:109,10
DA:110,0
DA:111,0
DA:113,10
DA:114,20
DA:115,20
DA:116,20
DA:117,20
DA:119,20
DA:120,20
DA:122,20
DA:134,20
DA:135,20
DA:136,20
DA:141,10
DA:142,10
DA:143,10
DA:145,0
DA:146,0
DA:147,0
DA:148,0
DA:150,0
DA:151,0
DA:154,0
DA:155,0
DA:156,0
DA:158,0
DA:159,0
DA:162,0
DA:163,0
DA:166,0
DA:167,0
DA:168,0
DA:170,0
DA:171,0
DA:174,0
DA:175,0
DA:177,0
DA:178,0
DA:179,0
DA:180,0
DA:181,0
DA:182,0
DA:188,3
DA:190,3
DA:192,3
DA:193,0
DA:194,0
DA:195,0
DA:196,0
DA:199,3
DA:200,3
DA:201,3
DA:202,3
DA:203,3
DA:205,3
DA:215,3
DA:216,3
DA:220,3
DA:221,3
DA:222,3
DA:223,3
DA:225,3
DA:226,0
DA:227,0
DA:228,0
DA:230,3
DA:231,1
DA:232,1
DA:235,3
DA:236,3
DA:238,3
DA:239,0
DA:240,0
DA:242,3
DA:252,3
DA:255,3
DA:256,3
DA:260,4
DA:261,1
DA:263,1
DA:264,1
DA:267,1
DA:268,1
DA:269,1
DA:270,1
DA:280,1
DA:283,1
DA:286,10
DA:289,4
DA:290,0
DA:291,0
DA:292,0
DA:295,4
DA:296,4
DA:297,4
DA:299,4
DA:307,4
DA:308,4
DA:309,1
DA:310,1
DA:316,4
DA:317,4
DA:318,4
DA:320,4
DA:321,4
DA:322,4
DA:325,4
DA:326,4
DA:328,3
DA:329,3
DA:333,1
DA:334,0
DA:335,0
DA:336,0
DA:338,1
DA:341,1
DA:343,1
DA:349,1
DA:350,1
DA:351,0
DA:352,0
DA:354,1
DA:357,1
DA:359,1
DA:360,1
DA:366,1
DA:367,1
DA:368,0
DA:369,0
DA:374,1
DA:377,1
DA:380,1
DA:383,4
DA:384,0
DA:385,0
DA:386,0
DA:387,0
DA:390,4
DA:391,4
DA:393,4
DA:395,4
DA:397,4
DA:400,0
DA:401,0
DA:402,0
DA:403,0
DA:404,0
DA:408,10
DA:409,10
DA:410,0
DA:411,0
DA:416,10
DA:417,10
DA:418,0
DA:419,0
DA:420,0
DA:421,0
DA:422,0
DA:423,0
DA:425,0
DA:430,10
DA:431,10
DA:432,10
DA:433,20
DA:435,10
DA:437,10
DA:438,20
DA:439,0
DA:440,0
DA:441,0
DA:446,10
LF:242
LH:161
BRDA:23,0,0,0
BRDA:23,0,1,27
BRDA:23,1,0,27
BRDA:23,1,1,27
BRDA:24,2,0,0
BRDA:24,2,1,27
BRDA:25,3,0,0
BRDA:25,3,1,27
BRDA:30,4,0,0
BRDA:30,4,1,3
BRDA:33,5,0,0
BRDA:33,5,1,3
BRDA:36,6,0,0
BRDA:37,7,0,0
BRDA:37,7,1,5
BRDA:39,8,0,0
BRDA:39,8,1,5
BRDA:41,9,0,3
BRDA:41,9,1,2
BRDA:48,10,0,0
BRDA:48,10,1,0
BRDA:55,11,0,0
BRDA:61,12,0,10
BRDA:61,13,0,10
BRDA:62,14,0,0
BRDA:62,14,1,10
BRDA:69,15,0,0
BRDA:69,15,1,10
BRDA:70,16,0,0
BRDA:70,16,1,0
BRDA:70,16,2,0
BRDA:88,17,0,10
BRDA:88,17,1,0
BRDA:90,18,0,10
BRDA:90,18,1,0
BRDA:91,19,0,10
BRDA:91,19,1,0
BRDA:97,20,0,0
BRDA:97,20,1,0
BRDA:98,21,0,0
BRDA:98,21,1,0
BRDA:107,22,0,0
BRDA:107,22,1,10
BRDA:109,23,0,0
BRDA:109,23,1,10
BRDA:109,24,0,10
BRDA:109,24,1,10
BRDA:115,25,0,0
BRDA:115,25,1,20
BRDA:117,26,0,0
BRDA:117,26,1,20
BRDA:141,27,0,0
BRDA:141,27,1,10
BRDA:143,28,0,10
BRDA:143,28,1,0
BRDA:150,29,0,0
BRDA:150,29,1,0
BRDA:154,30,0,0
BRDA:154,30,1,0
BRDA:163,31,0,0
BRDA:163,31,1,0
BRDA:166,32,0,0
BRDA:166,32,1,0
BRDA:178,33,0,0
BRDA:178,33,1,0
BRDA:188,34,0,0
BRDA:188,34,1,3
BRDA:188,35,0,3
BRDA:188,35,1,3
BRDA:188,35,2,3
BRDA:192,36,0,0
BRDA:192,36,1,3
BRDA:225,37,0,0
BRDA:225,37,1,3
BRDA:230,38,0,1
BRDA:230,38,1,2
BRDA:238,39,0,0
BRDA:238,39,1,3
BRDA:260,40,0,3
BRDA:260,40,1,1
BRDA:260,41,0,4
BRDA:260,41,1,4
BRDA:260,41,2,4
BRDA:286,42,0,0
BRDA:286,42,1,0
BRDA:289,43,0,0
BRDA:289,43,1,4
BRDA:309,44,0,1
BRDA:309,44,1,0
BRDA:326,45,0,3
BRDA:326,45,1,1
BRDA:333,46,0,0
BRDA:333,46,1,1
BRDA:350,47,0,0
BRDA:350,47,1,1
BRDA:351,48,0,0
BRDA:351,48,1,0
BRDA:351,48,2,0
BRDA:367,49,0,0
BRDA:367,49,1,1
BRDA:368,50,0,0
BRDA:368,50,1,0
BRDA:368,50,2,0
BRDA:383,51,0,0
BRDA:383,51,1,4
BRDA:401,52,0,0
BRDA:401,52,1,0
BRDA:408,53,0,10
BRDA:408,53,1,0
BRDA:410,54,0,0
BRDA:410,54,1,0
BRDA:416,55,0,10
BRDA:416,55,1,0
BRDA:418,56,0,0
BRDA:418,56,1,0
BRDA:430,57,0,10
BRDA:430,57,1,0
BRDA:431,58,0,10
BRDA:431,58,1,0
BRDA:432,59,0,10
BRDA:432,59,1,0
BRDA:433,60,0,0
BRDA:433,60,1,20
BRDA:433,61,0,20
BRDA:433,61,1,20
BRDA:435,62,0,10
BRDA:435,62,1,0
BRDA:440,63,0,0
BRDA:440,63,1,0
BRF:129
BRH:57
end_of_record
TN:
SF:app\static\js\relatorios.js
FN:1,(anonymous_0)
FN:5,showNotification
FN:16,(anonymous_2)
FN:19,(anonymous_3)
FN:24,(anonymous_4)
FN:49,(anonymous_5)
FN:50,(anonymous_6)
FNF:7
FNH:5
FNDA:4,(anonymous_0)
FNDA:4,showNotification
FNDA:0,(anonymous_2)
FNDA:0,(anonymous_3)
FNDA:4,(anonymous_4)
FNDA:8,(anonymous_5)
FNDA:3,(anonymous_6)
DA:1,4
DA:3,4
DA:6,4
DA:7,4
DA:8,4
DA:9,4
DA:10,4
DA:12,4
DA:13,4
DA:14,4
DA:15,4
DA:16,4
DA:17,0
DA:18,0
DA:19,0
DA:24,4
DA:25,4
DA:27,4
DA:28,1
DA:29,1
DA:30,1
DA:33,3
DA:35,3
DA:36,1
DA:37,1
DA:40,2
DA:42,2
DA:44,2
DA:47,4
DA:49,4
DA:50,8
DA:51,3
DA:52,3
DA:53,3
LF:34
LH:31
BRDA:5,0,0,0
BRDA:6,1,0,0
BRDA:6,1,1,4
BRDA:8,2,0,0
BRDA:8,2,1,4
BRDA:10,3,0,0
BRDA:10,3,1,4
BRDA:17,4,0,0
BRDA:17,4,1,0
BRDA:27,5,0,1
BRDA:27,5,1,3
BRDA:35,6,0,1
BRDA:35,6,1,2
BRDA:52,7,0,3
BRDA:52,7,1,0
BRF:15
BRH:8
end_of_record
